<?xml version="1.0" encoding="UTF-8"?>
<coverage generated="1749505888324" clover="3.2.0">
  <project timestamp="1749505888324" name="All files">
    <metrics statements="685" coveredstatements="652" conditionals="221" coveredconditionals="171" methods="15" coveredmethods="15" elements="921" coveredelements="838" complexity="0" loc="685" ncloc="685" packages="1" files="2" classes="2"/>
    <file name="index.js" path="/Users/wuychloe/Desktop/action/src/LambdaGitHubAction/index.js">
      <metrics statements="377" coveredstatements="358" conditionals="128" coveredconditionals="88" methods="5" coveredmethods="5"/>
      <line num="1" count="1" type="stmt"/>
      <line num="2" count="1" type="stmt"/>
      <line num="3" count="1" type="stmt"/>
      <line num="4" count="1" type="stmt"/>
      <line num="5" count="1" type="stmt"/>
      <line num="6" count="1" type="stmt"/>
      <line num="7" count="1" type="stmt"/>
      <line num="8" count="17" type="cond" truecount="1" falsecount="0"/>
      <line num="9" count="17" type="stmt"/>
      <line num="10" count="17" type="stmt"/>
      <line num="11" count="17" type="cond" truecount="2" falsecount="0"/>
      <line num="12" count="2" type="stmt"/>
      <line num="13" count="2" type="cond" truecount="1" falsecount="0"/>
      <line num="14" count="15" type="stmt"/>
      <line num="15" count="15" type="stmt"/>
      <line num="16" count="15" type="stmt"/>
      <line num="17" count="15" type="stmt"/>
      <line num="18" count="15" type="stmt"/>
      <line num="19" count="15" type="stmt"/>
      <line num="20" count="15" type="stmt"/>
      <line num="21" count="15" type="stmt"/>
      <line num="22" count="15" type="stmt"/>
      <line num="23" count="15" type="stmt"/>
      <line num="24" count="15" type="stmt"/>
      <line num="25" count="15" type="stmt"/>
      <line num="26" count="15" type="stmt"/>
      <line num="27" count="15" type="stmt"/>
      <line num="28" count="15" type="stmt"/>
      <line num="29" count="15" type="stmt"/>
      <line num="30" count="17" type="cond" truecount="1" falsecount="0"/>
      <line num="31" count="1" type="stmt"/>
      <line num="32" count="1" type="stmt"/>
      <line num="33" count="1" type="stmt"/>
      <line num="34" count="1" type="stmt"/>
      <line num="35" count="1" type="stmt"/>
      <line num="36" count="1" type="cond" truecount="0" falsecount="1"/>
      <line num="37" count="0" type="cond" truecount="3" falsecount="0"/>
      <line num="38" count="14" type="stmt"/>
      <line num="39" count="14" type="stmt"/>
      <line num="40" count="14" type="stmt"/>
      <line num="41" count="14" type="stmt"/>
      <line num="42" count="14" type="stmt"/>
      <line num="43" count="14" type="stmt"/>
      <line num="44" count="14" type="cond" truecount="1" falsecount="0"/>
      <line num="45" count="11" type="stmt"/>
      <line num="46" count="16" type="cond" truecount="1" falsecount="0"/>
      <line num="47" count="6" type="cond" truecount="1" falsecount="0"/>
      <line num="48" count="1" type="stmt"/>
      <line num="49" count="1" type="stmt"/>
      <line num="50" count="1" type="stmt"/>
      <line num="51" count="1" type="cond" truecount="1" falsecount="0"/>
      <line num="52" count="5" type="stmt"/>
      <line num="53" count="5" type="stmt"/>
      <line num="54" count="5" type="stmt"/>
      <line num="55" count="5" type="cond" truecount="1" falsecount="0"/>
      <line num="56" count="2" type="stmt"/>
      <line num="57" count="2" type="stmt"/>
      <line num="58" count="2" type="cond" truecount="2" falsecount="0"/>
      <line num="59" count="3" type="stmt"/>
      <line num="60" count="3" type="stmt"/>
      <line num="61" count="3" type="stmt"/>
      <line num="62" count="3" type="stmt"/>
      <line num="63" count="3" type="stmt"/>
      <line num="64" count="3" type="stmt"/>
      <line num="65" count="3" type="stmt"/>
      <line num="66" count="3" type="stmt"/>
      <line num="67" count="3" type="stmt"/>
      <line num="68" count="3" type="stmt"/>
      <line num="69" count="3" type="stmt"/>
      <line num="70" count="3" type="stmt"/>
      <line num="71" count="6" type="cond" truecount="0" falsecount="1"/>
      <line num="72" count="6" type="stmt"/>
      <line num="73" count="6" type="stmt"/>
      <line num="74" count="6" type="stmt"/>
      <line num="75" count="6" type="stmt"/>
      <line num="76" count="6" type="stmt"/>
      <line num="77" count="6" type="cond" truecount="0" falsecount="1"/>
      <line num="78" count="6" type="cond" truecount="0" falsecount="1"/>
      <line num="79" count="6" type="cond" truecount="0" falsecount="1"/>
      <line num="80" count="6" type="cond" truecount="0" falsecount="1"/>
      <line num="81" count="6" type="cond" truecount="0" falsecount="1"/>
      <line num="82" count="6" type="cond" truecount="0" falsecount="1"/>
      <line num="83" count="6" type="cond" truecount="0" falsecount="1"/>
      <line num="84" count="6" type="cond" truecount="0" falsecount="1"/>
      <line num="85" count="6" type="cond" truecount="0" falsecount="1"/>
      <line num="86" count="6" type="cond" truecount="0" falsecount="1"/>
      <line num="87" count="6" type="cond" truecount="0" falsecount="1"/>
      <line num="88" count="6" type="cond" truecount="0" falsecount="1"/>
      <line num="89" count="6" type="cond" truecount="0" falsecount="1"/>
      <line num="90" count="6" type="cond" truecount="0" falsecount="1"/>
      <line num="91" count="6" type="stmt"/>
      <line num="92" count="6" type="stmt"/>
      <line num="93" count="6" type="stmt"/>
      <line num="94" count="6" type="stmt"/>
      <line num="95" count="6" type="cond" truecount="1" falsecount="0"/>
      <line num="96" count="1" type="stmt"/>
      <line num="97" count="1" type="stmt"/>
      <line num="98" count="1" type="stmt"/>
      <line num="99" count="1" type="stmt"/>
      <line num="100" count="1" type="stmt"/>
      <line num="101" count="6" type="cond" truecount="2" falsecount="0"/>
      <line num="102" count="2" type="stmt"/>
      <line num="103" count="2" type="stmt"/>
      <line num="104" count="2" type="stmt"/>
      <line num="105" count="2" type="stmt"/>
      <line num="106" count="2" type="cond" truecount="1" falsecount="0"/>
      <line num="107" count="3" type="stmt"/>
      <line num="108" count="3" type="stmt"/>
      <line num="109" count="3" type="cond" truecount="2" falsecount="0"/>
      <line num="110" count="5" type="stmt"/>
      <line num="111" count="5" type="stmt"/>
      <line num="112" count="5" type="stmt"/>
      <line num="113" count="5" type="stmt"/>
      <line num="114" count="5" type="stmt"/>
      <line num="115" count="5" type="stmt"/>
      <line num="116" count="5" type="stmt"/>
      <line num="117" count="5" type="stmt"/>
      <line num="118" count="5" type="stmt"/>
      <line num="119" count="17" type="cond" truecount="0" falsecount="1"/>
      <line num="120" count="17" type="stmt"/>
      <line num="121" count="17" type="stmt"/>
      <line num="122" count="17" type="stmt"/>
      <line num="123" count="17" type="stmt"/>
      <line num="124" count="17" type="cond" truecount="2" falsecount="0"/>
      <line num="125" count="17" type="cond" truecount="2" falsecount="0"/>
      <line num="126" count="17" type="cond" truecount="1" falsecount="1"/>
      <line num="127" count="17" type="cond" truecount="2" falsecount="0"/>
      <line num="128" count="17" type="cond" truecount="1" falsecount="1"/>
      <line num="129" count="17" type="cond" truecount="1" falsecount="1"/>
      <line num="130" count="17" type="cond" truecount="1" falsecount="1"/>
      <line num="131" count="17" type="cond" truecount="1" falsecount="1"/>
      <line num="132" count="17" type="cond" truecount="1" falsecount="1"/>
      <line num="133" count="17" type="stmt"/>
      <line num="134" count="17" type="stmt"/>
      <line num="135" count="17" type="cond" truecount="2" falsecount="0"/>
      <line num="136" count="5" type="cond" truecount="1" falsecount="0"/>
      <line num="137" count="3" type="stmt"/>
      <line num="138" count="5" type="cond" truecount="1" falsecount="0"/>
      <line num="139" count="2" type="stmt"/>
      <line num="140" count="2" type="stmt"/>
      <line num="141" count="2" type="stmt"/>
      <line num="142" count="2" type="stmt"/>
      <line num="143" count="2" type="stmt"/>
      <line num="144" count="2" type="stmt"/>
      <line num="145" count="2" type="cond" truecount="0" falsecount="1"/>
      <line num="146" count="2" type="stmt"/>
      <line num="147" count="2" type="stmt"/>
      <line num="148" count="2" type="stmt"/>
      <line num="149" count="2" type="stmt"/>
      <line num="150" count="2" type="cond" truecount="0" falsecount="1"/>
      <line num="151" count="2" type="cond" truecount="0" falsecount="1"/>
      <line num="152" count="2" type="cond" truecount="0" falsecount="1"/>
      <line num="153" count="2" type="cond" truecount="0" falsecount="1"/>
      <line num="154" count="2" type="cond" truecount="0" falsecount="1"/>
      <line num="155" count="2" type="cond" truecount="0" falsecount="1"/>
      <line num="156" count="2" type="cond" truecount="0" falsecount="1"/>
      <line num="157" count="2" type="cond" truecount="0" falsecount="1"/>
      <line num="158" count="2" type="cond" truecount="0" falsecount="1"/>
      <line num="159" count="2" type="stmt"/>
      <line num="160" count="2" type="stmt"/>
      <line num="161" count="2" type="stmt"/>
      <line num="162" count="2" type="stmt"/>
      <line num="163" count="2" type="cond" truecount="0" falsecount="1"/>
      <line num="164" count="0" type="stmt"/>
      <line num="165" count="2" type="stmt"/>
      <line num="166" count="2" type="stmt"/>
      <line num="167" count="2" type="stmt"/>
      <line num="168" count="2" type="stmt"/>
      <line num="169" count="2" type="stmt"/>
      <line num="170" count="2" type="stmt"/>
      <line num="171" count="2" type="stmt"/>
      <line num="172" count="12" type="cond" truecount="0" falsecount="1"/>
      <line num="173" count="0" type="stmt"/>
      <line num="174" count="0" type="cond" truecount="2" falsecount="0"/>
      <line num="175" count="5" type="stmt"/>
      <line num="176" count="5" type="stmt"/>
      <line num="177" count="5" type="stmt"/>
      <line num="178" count="5" type="stmt"/>
      <line num="179" count="10" type="cond" truecount="1" falsecount="0"/>
      <line num="180" count="3" type="stmt"/>
      <line num="181" count="3" type="cond" truecount="1" falsecount="0"/>
      <line num="182" count="5" type="stmt"/>
      <line num="183" count="5" type="stmt"/>
      <line num="184" count="5" type="stmt"/>
      <line num="185" count="5" type="stmt"/>
      <line num="186" count="12" type="cond" truecount="0" falsecount="1"/>
      <line num="187" count="0" type="stmt"/>
      <line num="188" count="0" type="stmt"/>
      <line num="189" count="0" type="stmt"/>
      <line num="190" count="0" type="stmt"/>
      <line num="191" count="0" type="stmt"/>
      <line num="192" count="0" type="stmt"/>
      <line num="193" count="0" type="cond" truecount="2" falsecount="0"/>
      <line num="194" count="5" type="stmt"/>
      <line num="195" count="5" type="stmt"/>
      <line num="196" count="5" type="stmt"/>
      <line num="197" count="5" type="stmt"/>
      <line num="198" count="5" type="stmt"/>
      <line num="199" count="5" type="stmt"/>
      <line num="200" count="5" type="stmt"/>
      <line num="201" count="5" type="stmt"/>
      <line num="202" count="5" type="stmt"/>
      <line num="203" count="5" type="stmt"/>
      <line num="204" count="10" type="cond" truecount="1" falsecount="0"/>
      <line num="205" count="3" type="stmt"/>
      <line num="206" count="3" type="stmt"/>
      <line num="207" count="3" type="stmt"/>
      <line num="208" count="3" type="stmt"/>
      <line num="209" count="3" type="stmt"/>
      <line num="210" count="3" type="stmt"/>
      <line num="211" count="3" type="stmt"/>
      <line num="212" count="3" type="stmt"/>
      <line num="213" count="3" type="stmt"/>
      <line num="214" count="3" type="stmt"/>
      <line num="215" count="3" type="stmt"/>
      <line num="216" count="12" type="cond" truecount="1" falsecount="0"/>
      <line num="217" count="2" type="stmt"/>
      <line num="218" count="2" type="stmt"/>
      <line num="219" count="2" type="stmt"/>
      <line num="220" count="2" type="stmt"/>
      <line num="221" count="2" type="cond" truecount="0" falsecount="1"/>
      <line num="222" count="0" type="stmt"/>
      <line num="223" count="0" type="stmt"/>
      <line num="224" count="2" type="stmt"/>
      <line num="225" count="17" type="cond" truecount="2" falsecount="0"/>
      <line num="226" count="2" type="stmt"/>
      <line num="227" count="2" type="stmt"/>
      <line num="228" count="2" type="stmt"/>
      <line num="229" count="2" type="stmt"/>
      <line num="230" count="2" type="stmt"/>
      <line num="231" count="2" type="cond" truecount="1" falsecount="0"/>
      <line num="232" count="3" type="stmt"/>
      <line num="233" count="3" type="stmt"/>
      <line num="234" count="3" type="stmt"/>
      <line num="235" count="3" type="stmt"/>
      <line num="236" count="12" type="cond" truecount="1" falsecount="0"/>
      <line num="237" count="4" type="cond" truecount="1" falsecount="0"/>
      <line num="238" count="1" type="stmt"/>
      <line num="239" count="4" type="cond" truecount="3" falsecount="0"/>
      <line num="240" count="1" type="stmt"/>
      <line num="241" count="2" type="stmt"/>
      <line num="242" count="2" type="stmt"/>
      <line num="243" count="2" type="stmt"/>
      <line num="244" count="4" type="stmt"/>
      <line num="245" count="4" type="stmt"/>
      <line num="246" count="4" type="stmt"/>
      <line num="247" count="4" type="stmt"/>
      <line num="248" count="17" type="stmt"/>
      <line num="249" count="1" type="stmt"/>
      <line num="250" count="8" type="cond" truecount="1" falsecount="0"/>
      <line num="251" count="8" type="stmt"/>
      <line num="252" count="8" type="stmt"/>
      <line num="253" count="8" type="stmt"/>
      <line num="254" count="8" type="stmt"/>
      <line num="255" count="8" type="stmt"/>
      <line num="256" count="8" type="stmt"/>
      <line num="257" count="8" type="cond" truecount="0" falsecount="1"/>
      <line num="258" count="0" type="stmt"/>
      <line num="259" count="0" type="stmt"/>
      <line num="260" count="8" type="stmt"/>
      <line num="261" count="8" type="stmt"/>
      <line num="262" count="8" type="cond" truecount="1" falsecount="0"/>
      <line num="263" count="7" type="stmt"/>
      <line num="264" count="7" type="stmt"/>
      <line num="265" count="7" type="stmt"/>
      <line num="266" count="7" type="stmt"/>
      <line num="267" count="7" type="stmt"/>
      <line num="268" count="7" type="cond" truecount="1" falsecount="0"/>
      <line num="269" count="12" type="stmt"/>
      <line num="270" count="12" type="stmt"/>
      <line num="271" count="12" type="stmt"/>
      <line num="272" count="12" type="stmt"/>
      <line num="273" count="12" type="cond" truecount="1" falsecount="0"/>
      <line num="274" count="11" type="cond" truecount="1" falsecount="0"/>
      <line num="275" count="5" type="stmt"/>
      <line num="276" count="5" type="stmt"/>
      <line num="277" count="5" type="stmt"/>
      <line num="278" count="5" type="stmt"/>
      <line num="279" count="5" type="stmt"/>
      <line num="280" count="5" type="stmt"/>
      <line num="281" count="5" type="stmt"/>
      <line num="282" count="8" type="cond" truecount="1" falsecount="0"/>
      <line num="283" count="4" type="stmt"/>
      <line num="284" count="4" type="stmt"/>
      <line num="285" count="4" type="stmt"/>
      <line num="286" count="8" type="stmt"/>
      <line num="287" count="1" type="stmt"/>
      <line num="288" count="19" type="cond" truecount="1" falsecount="0"/>
      <line num="289" count="19" type="stmt"/>
      <line num="290" count="19" type="stmt"/>
      <line num="291" count="19" type="stmt"/>
      <line num="292" count="19" type="stmt"/>
      <line num="293" count="19" type="stmt"/>
      <line num="294" count="19" type="cond" truecount="2" falsecount="0"/>
      <line num="295" count="7" type="stmt"/>
      <line num="296" count="18" type="cond" truecount="1" falsecount="0"/>
      <line num="297" count="12" type="cond" truecount="1" falsecount="0"/>
      <line num="298" count="8" type="stmt"/>
      <line num="299" count="8" type="cond" truecount="1" falsecount="0"/>
      <line num="300" count="4" type="stmt"/>
      <line num="301" count="4" type="stmt"/>
      <line num="302" count="19" type="stmt"/>
      <line num="303" count="1" type="stmt"/>
      <line num="304" count="17" type="cond" truecount="1" falsecount="0"/>
      <line num="305" count="17" type="cond" truecount="2" falsecount="0"/>
      <line num="306" count="3" type="stmt"/>
      <line num="307" count="3" type="cond" truecount="1" falsecount="0"/>
      <line num="308" count="14" type="stmt"/>
      <line num="309" count="14" type="stmt"/>
      <line num="310" count="14" type="stmt"/>
      <line num="311" count="17" type="cond" truecount="1" falsecount="0"/>
      <line num="312" count="30" type="cond" truecount="2" falsecount="0"/>
      <line num="313" count="24" type="cond" truecount="1" falsecount="0"/>
      <line num="314" count="4" type="cond" truecount="1" falsecount="0"/>
      <line num="315" count="3" type="stmt"/>
      <line num="316" count="3" type="stmt"/>
      <line num="317" count="3" type="stmt"/>
      <line num="318" count="24" type="cond" truecount="2" falsecount="0"/>
      <line num="319" count="8" type="stmt"/>
      <line num="320" count="8" type="stmt"/>
      <line num="321" count="8" type="stmt"/>
      <line num="322" count="24" type="stmt"/>
      <line num="323" count="30" type="cond" truecount="1" falsecount="0"/>
      <line num="324" count="3" type="stmt"/>
      <line num="325" count="3" type="stmt"/>
      <line num="326" count="3" type="stmt"/>
      <line num="327" count="1" type="stmt"/>
      <line num="328" count="4" type="cond" truecount="1" falsecount="0"/>
      <line num="329" count="4" type="stmt"/>
      <line num="330" count="4" type="stmt"/>
      <line num="331" count="4" type="stmt"/>
      <line num="332" count="4" type="stmt"/>
      <line num="333" count="4" type="stmt"/>
      <line num="334" count="4" type="cond" truecount="1" falsecount="0"/>
      <line num="335" count="7" type="stmt"/>
      <line num="336" count="7" type="stmt"/>
      <line num="337" count="7" type="stmt"/>
      <line num="338" count="7" type="stmt"/>
      <line num="339" count="7" type="stmt"/>
      <line num="340" count="7" type="stmt"/>
      <line num="341" count="7" type="cond" truecount="1" falsecount="0"/>
      <line num="342" count="5" type="stmt"/>
      <line num="343" count="7" type="cond" truecount="2" falsecount="0"/>
      <line num="344" count="3" type="stmt"/>
      <line num="345" count="3" type="stmt"/>
      <line num="346" count="3" type="cond" truecount="1" falsecount="0"/>
      <line num="347" count="2" type="stmt"/>
      <line num="348" count="7" type="cond" truecount="0" falsecount="1"/>
      <line num="349" count="0" type="stmt"/>
      <line num="350" count="0" type="cond" truecount="1" falsecount="0"/>
      <line num="351" count="2" type="stmt"/>
      <line num="352" count="2" type="stmt"/>
      <line num="353" count="2" type="cond" truecount="1" falsecount="0"/>
      <line num="354" count="2" type="stmt"/>
      <line num="355" count="2" type="cond" truecount="1" falsecount="0"/>
      <line num="356" count="1" type="stmt"/>
      <line num="357" count="1" type="stmt"/>
      <line num="358" count="1" type="stmt"/>
      <line num="359" count="1" type="stmt"/>
      <line num="360" count="1" type="cond" truecount="1" falsecount="0"/>
      <line num="361" count="1" type="stmt"/>
      <line num="362" count="7" type="cond" truecount="1" falsecount="0"/>
      <line num="363" count="3" type="stmt"/>
      <line num="364" count="3" type="stmt"/>
      <line num="365" count="3" type="stmt"/>
      <line num="366" count="1" type="stmt"/>
      <line num="367" count="1" type="cond" truecount="0" falsecount="1"/>
      <line num="368" count="0" type="stmt"/>
      <line num="369" count="0" type="stmt"/>
      <line num="370" count="1" type="stmt"/>
      <line num="371" count="1" type="stmt"/>
      <line num="372" count="1" type="stmt"/>
      <line num="373" count="1" type="stmt"/>
      <line num="374" count="1" type="stmt"/>
      <line num="375" count="1" type="stmt"/>
      <line num="376" count="1" type="stmt"/>
      <line num="377" count="1" type="stmt"/>
    </file>
    <file name="validations.js" path="/Users/wuychloe/Desktop/action/src/LambdaGitHubAction/validations.js">
      <metrics statements="308" coveredstatements="294" conditionals="93" coveredconditionals="83" methods="10" coveredmethods="10"/>
      <line num="1" count="1" type="stmt"/>
      <line num="2" count="1" type="stmt"/>
      <line num="3" count="55" type="cond" truecount="1" falsecount="0"/>
      <line num="4" count="55" type="cond" truecount="1" falsecount="0"/>
      <line num="5" count="55" type="cond" truecount="2" falsecount="0"/>
      <line num="6" count="4" type="stmt"/>
      <line num="7" count="4" type="stmt"/>
      <line num="8" count="4" type="cond" truecount="1" falsecount="0"/>
      <line num="9" count="51" type="stmt"/>
      <line num="10" count="51" type="stmt"/>
      <line num="11" count="51" type="stmt"/>
      <line num="12" count="55" type="cond" truecount="1" falsecount="0"/>
      <line num="13" count="10" type="stmt"/>
      <line num="14" count="10" type="cond" truecount="2" falsecount="0"/>
      <line num="15" count="5" type="stmt"/>
      <line num="16" count="5" type="stmt"/>
      <line num="17" count="5" type="stmt"/>
      <line num="18" count="10" type="cond" truecount="1" falsecount="0"/>
      <line num="19" count="46" type="stmt"/>
      <line num="20" count="55" type="cond" truecount="1" falsecount="0"/>
      <line num="21" count="55" type="cond" truecount="2" falsecount="0"/>
      <line num="22" count="4" type="stmt"/>
      <line num="23" count="4" type="stmt"/>
      <line num="24" count="4" type="cond" truecount="1" falsecount="0"/>
      <line num="25" count="42" type="stmt"/>
      <line num="26" count="42" type="stmt"/>
      <line num="27" count="42" type="stmt"/>
      <line num="28" count="42" type="stmt"/>
      <line num="29" count="42" type="stmt"/>
      <line num="30" count="42" type="stmt"/>
      <line num="31" count="42" type="stmt"/>
      <line num="32" count="42" type="stmt"/>
      <line num="33" count="1" type="stmt"/>
      <line num="34" count="58" type="cond" truecount="1" falsecount="0"/>
      <line num="35" count="58" type="stmt"/>
      <line num="36" count="58" type="cond" truecount="1" falsecount="0"/>
      <line num="37" count="1" type="stmt"/>
      <line num="38" count="1" type="stmt"/>
      <line num="39" count="1" type="cond" truecount="1" falsecount="0"/>
      <line num="40" count="57" type="stmt"/>
      <line num="41" count="57" type="stmt"/>
      <line num="42" count="58" type="cond" truecount="1" falsecount="0"/>
      <line num="43" count="1" type="stmt"/>
      <line num="44" count="1" type="stmt"/>
      <line num="45" count="1" type="cond" truecount="1" falsecount="0"/>
      <line num="46" count="56" type="stmt"/>
      <line num="47" count="56" type="stmt"/>
      <line num="48" count="56" type="stmt"/>
      <line num="49" count="58" type="cond" truecount="2" falsecount="0"/>
      <line num="50" count="1" type="stmt"/>
      <line num="51" count="1" type="stmt"/>
      <line num="52" count="1" type="cond" truecount="1" falsecount="0"/>
      <line num="53" count="55" type="stmt"/>
      <line num="54" count="55" type="stmt"/>
      <line num="55" count="55" type="stmt"/>
      <line num="56" count="55" type="stmt"/>
      <line num="57" count="55" type="stmt"/>
      <line num="58" count="55" type="stmt"/>
      <line num="59" count="55" type="stmt"/>
      <line num="60" count="55" type="stmt"/>
      <line num="61" count="55" type="stmt"/>
      <line num="62" count="1" type="stmt"/>
      <line num="63" count="42" type="cond" truecount="1" falsecount="0"/>
      <line num="64" count="42" type="stmt"/>
      <line num="65" count="42" type="stmt"/>
      <line num="66" count="42" type="stmt"/>
      <line num="67" count="42" type="stmt"/>
      <line num="68" count="42" type="stmt"/>
      <line num="69" count="42" type="cond" truecount="1" falsecount="1"/>
      <line num="70" count="0" type="stmt"/>
      <line num="71" count="0" type="stmt"/>
      <line num="72" count="42" type="stmt"/>
      <line num="73" count="42" type="cond" truecount="0" falsecount="2"/>
      <line num="74" count="0" type="stmt"/>
      <line num="75" count="0" type="stmt"/>
      <line num="76" count="42" type="stmt"/>
      <line num="77" count="42" type="cond" truecount="0" falsecount="2"/>
      <line num="78" count="0" type="stmt"/>
      <line num="79" count="0" type="stmt"/>
      <line num="80" count="42" type="stmt"/>
      <line num="81" count="42" type="cond" truecount="0" falsecount="2"/>
      <line num="82" count="0" type="stmt"/>
      <line num="83" count="0" type="stmt"/>
      <line num="84" count="42" type="stmt"/>
      <line num="85" count="42" type="stmt"/>
      <line num="86" count="42" type="stmt"/>
      <line num="87" count="42" type="stmt"/>
      <line num="88" count="42" type="stmt"/>
      <line num="89" count="42" type="stmt"/>
      <line num="90" count="42" type="stmt"/>
      <line num="91" count="42" type="stmt"/>
      <line num="92" count="42" type="stmt"/>
      <line num="93" count="1" type="stmt"/>
      <line num="94" count="42" type="cond" truecount="1" falsecount="0"/>
      <line num="95" count="42" type="stmt"/>
      <line num="96" count="42" type="stmt"/>
      <line num="97" count="42" type="stmt"/>
      <line num="98" count="42" type="stmt"/>
      <line num="99" count="42" type="stmt"/>
      <line num="100" count="42" type="stmt"/>
      <line num="101" count="42" type="stmt"/>
      <line num="102" count="42" type="stmt"/>
      <line num="103" count="42" type="stmt"/>
      <line num="104" count="42" type="stmt"/>
      <line num="105" count="42" type="stmt"/>
      <line num="106" count="42" type="stmt"/>
      <line num="107" count="42" type="stmt"/>
      <line num="108" count="42" type="stmt"/>
      <line num="109" count="42" type="stmt"/>
      <line num="110" count="42" type="stmt"/>
      <line num="111" count="42" type="cond" truecount="1" falsecount="0"/>
      <line num="112" count="2" type="stmt"/>
      <line num="113" count="2" type="cond" truecount="1" falsecount="0"/>
      <line num="114" count="41" type="stmt"/>
      <line num="115" count="42" type="cond" truecount="1" falsecount="0"/>
      <line num="116" count="5" type="stmt"/>
      <line num="117" count="5" type="cond" truecount="2" falsecount="0"/>
      <line num="118" count="2" type="stmt"/>
      <line num="119" count="2" type="cond" truecount="1" falsecount="0"/>
      <line num="120" count="5" type="cond" truecount="2" falsecount="0"/>
      <line num="121" count="2" type="stmt"/>
      <line num="122" count="2" type="stmt"/>
      <line num="123" count="5" type="cond" truecount="1" falsecount="0"/>
      <line num="124" count="37" type="stmt"/>
      <line num="125" count="42" type="cond" truecount="1" falsecount="0"/>
      <line num="126" count="2" type="stmt"/>
      <line num="127" count="2" type="cond" truecount="1" falsecount="0"/>
      <line num="128" count="1" type="stmt"/>
      <line num="129" count="1" type="stmt"/>
      <line num="130" count="2" type="cond" truecount="1" falsecount="0"/>
      <line num="131" count="36" type="stmt"/>
      <line num="132" count="42" type="cond" truecount="1" falsecount="0"/>
      <line num="133" count="4" type="stmt"/>
      <line num="134" count="4" type="cond" truecount="2" falsecount="0"/>
      <line num="135" count="2" type="stmt"/>
      <line num="136" count="2" type="stmt"/>
      <line num="137" count="4" type="cond" truecount="1" falsecount="0"/>
      <line num="138" count="34" type="stmt"/>
      <line num="139" count="42" type="cond" truecount="1" falsecount="0"/>
      <line num="140" count="2" type="stmt"/>
      <line num="141" count="2" type="cond" truecount="1" falsecount="0"/>
      <line num="142" count="1" type="stmt"/>
      <line num="143" count="1" type="stmt"/>
      <line num="144" count="2" type="cond" truecount="1" falsecount="0"/>
      <line num="145" count="33" type="stmt"/>
      <line num="146" count="42" type="cond" truecount="1" falsecount="0"/>
      <line num="147" count="4" type="stmt"/>
      <line num="148" count="4" type="cond" truecount="1" falsecount="0"/>
      <line num="149" count="1" type="stmt"/>
      <line num="150" count="1" type="cond" truecount="1" falsecount="0"/>
      <line num="151" count="3" type="stmt"/>
      <line num="152" count="3" type="cond" truecount="2" falsecount="0"/>
      <line num="153" count="2" type="stmt"/>
      <line num="154" count="2" type="stmt"/>
      <line num="155" count="3" type="cond" truecount="1" falsecount="0"/>
      <line num="156" count="1" type="cond" truecount="1" falsecount="0"/>
      <line num="157" count="30" type="stmt"/>
      <line num="158" count="42" type="cond" truecount="0" falsecount="1"/>
      <line num="159" count="0" type="stmt"/>
      <line num="160" count="0" type="cond" truecount="1" falsecount="0"/>
      <line num="161" count="30" type="stmt"/>
      <line num="162" count="42" type="cond" truecount="1" falsecount="0"/>
      <line num="163" count="4" type="stmt"/>
      <line num="164" count="4" type="cond" truecount="2" falsecount="0"/>
      <line num="165" count="2" type="stmt"/>
      <line num="166" count="2" type="stmt"/>
      <line num="167" count="4" type="cond" truecount="1" falsecount="0"/>
      <line num="168" count="28" type="stmt"/>
      <line num="169" count="42" type="cond" truecount="0" falsecount="1"/>
      <line num="170" count="0" type="stmt"/>
      <line num="171" count="0" type="cond" truecount="1" falsecount="0"/>
      <line num="172" count="28" type="stmt"/>
      <line num="173" count="42" type="cond" truecount="1" falsecount="0"/>
      <line num="174" count="2" type="stmt"/>
      <line num="175" count="2" type="cond" truecount="1" falsecount="0"/>
      <line num="176" count="1" type="stmt"/>
      <line num="177" count="1" type="stmt"/>
      <line num="178" count="2" type="stmt"/>
      <line num="179" count="42" type="cond" truecount="1" falsecount="0"/>
      <line num="180" count="15" type="stmt"/>
      <line num="181" count="15" type="stmt"/>
      <line num="182" count="15" type="cond" truecount="1" falsecount="0"/>
      <line num="183" count="27" type="stmt"/>
      <line num="184" count="27" type="stmt"/>
      <line num="185" count="27" type="stmt"/>
      <line num="186" count="27" type="stmt"/>
      <line num="187" count="27" type="stmt"/>
      <line num="188" count="27" type="stmt"/>
      <line num="189" count="27" type="stmt"/>
      <line num="190" count="27" type="stmt"/>
      <line num="191" count="27" type="stmt"/>
      <line num="192" count="27" type="stmt"/>
      <line num="193" count="27" type="stmt"/>
      <line num="194" count="27" type="stmt"/>
      <line num="195" count="27" type="stmt"/>
      <line num="196" count="27" type="stmt"/>
      <line num="197" count="27" type="stmt"/>
      <line num="198" count="27" type="stmt"/>
      <line num="199" count="27" type="stmt"/>
      <line num="200" count="27" type="stmt"/>
      <line num="201" count="27" type="stmt"/>
      <line num="202" count="27" type="stmt"/>
      <line num="203" count="27" type="stmt"/>
      <line num="204" count="27" type="stmt"/>
      <line num="205" count="27" type="stmt"/>
      <line num="206" count="27" type="stmt"/>
      <line num="207" count="27" type="stmt"/>
      <line num="208" count="1" type="stmt"/>
      <line num="209" count="27" type="cond" truecount="1" falsecount="0"/>
      <line num="210" count="27" type="stmt"/>
      <line num="211" count="27" type="stmt"/>
      <line num="212" count="27" type="stmt"/>
      <line num="213" count="27" type="stmt"/>
      <line num="214" count="27" type="stmt"/>
      <line num="215" count="27" type="cond" truecount="1" falsecount="0"/>
      <line num="216" count="27" type="stmt"/>
      <line num="217" count="27" type="stmt"/>
      <line num="218" count="27" type="stmt"/>
      <line num="219" count="27" type="stmt"/>
      <line num="220" count="27" type="stmt"/>
      <line num="221" count="27" type="stmt"/>
      <line num="222" count="27" type="stmt"/>
      <line num="223" count="27" type="stmt"/>
      <line num="224" count="27" type="stmt"/>
      <line num="225" count="27" type="stmt"/>
      <line num="226" count="27" type="stmt"/>
      <line num="227" count="27" type="stmt"/>
      <line num="228" count="27" type="stmt"/>
      <line num="229" count="27" type="stmt"/>
      <line num="230" count="1" type="stmt"/>
      <line num="231" count="30" type="cond" truecount="1" falsecount="0"/>
      <line num="232" count="30" type="stmt"/>
      <line num="233" count="30" type="stmt"/>
      <line num="234" count="30" type="cond" truecount="1" falsecount="0"/>
      <line num="235" count="4" type="stmt"/>
      <line num="236" count="4" type="stmt"/>
      <line num="237" count="30" type="stmt"/>
      <line num="238" count="1" type="stmt"/>
      <line num="239" count="11" type="cond" truecount="1" falsecount="0"/>
      <line num="240" count="11" type="stmt"/>
      <line num="241" count="11" type="stmt"/>
      <line num="242" count="11" type="cond" truecount="2" falsecount="0"/>
      <line num="243" count="5" type="stmt"/>
      <line num="244" count="5" type="stmt"/>
      <line num="245" count="5" type="cond" truecount="1" falsecount="0"/>
      <line num="246" count="6" type="stmt"/>
      <line num="247" count="6" type="stmt"/>
      <line num="248" count="1" type="stmt"/>
      <line num="249" count="5" type="cond" truecount="1" falsecount="0"/>
      <line num="250" count="5" type="stmt"/>
      <line num="251" count="5" type="stmt"/>
      <line num="252" count="5" type="cond" truecount="1" falsecount="0"/>
      <line num="253" count="3" type="stmt"/>
      <line num="254" count="3" type="stmt"/>
      <line num="255" count="3" type="cond" truecount="1" falsecount="0"/>
      <line num="256" count="2" type="stmt"/>
      <line num="257" count="2" type="stmt"/>
      <line num="258" count="1" type="stmt"/>
      <line num="259" count="7" type="cond" truecount="1" falsecount="0"/>
      <line num="260" count="7" type="stmt"/>
      <line num="261" count="7" type="stmt"/>
      <line num="262" count="7" type="cond" truecount="2" falsecount="0"/>
      <line num="263" count="4" type="stmt"/>
      <line num="264" count="4" type="stmt"/>
      <line num="265" count="4" type="cond" truecount="1" falsecount="0"/>
      <line num="266" count="3" type="stmt"/>
      <line num="267" count="3" type="stmt"/>
      <line num="268" count="1" type="stmt"/>
      <line num="269" count="58" type="cond" truecount="1" falsecount="0"/>
      <line num="270" count="58" type="stmt"/>
      <line num="271" count="58" type="cond" truecount="1" falsecount="0"/>
      <line num="272" count="3" type="stmt"/>
      <line num="273" count="3" type="cond" truecount="1" falsecount="0"/>
      <line num="274" count="55" type="stmt"/>
      <line num="275" count="55" type="stmt"/>
      <line num="276" count="58" type="cond" truecount="1" falsecount="0"/>
      <line num="277" count="13" type="stmt"/>
      <line num="278" count="13" type="cond" truecount="1" falsecount="0"/>
      <line num="279" count="42" type="stmt"/>
      <line num="280" count="42" type="stmt"/>
      <line num="281" count="58" type="cond" truecount="0" falsecount="1"/>
      <line num="282" count="0" type="stmt"/>
      <line num="283" count="0" type="cond" truecount="1" falsecount="0"/>
      <line num="284" count="42" type="stmt"/>
      <line num="285" count="42" type="stmt"/>
      <line num="286" count="58" type="cond" truecount="1" falsecount="0"/>
      <line num="287" count="15" type="stmt"/>
      <line num="288" count="15" type="cond" truecount="1" falsecount="0"/>
      <line num="289" count="27" type="stmt"/>
      <line num="290" count="27" type="stmt"/>
      <line num="291" count="27" type="stmt"/>
      <line num="292" count="27" type="stmt"/>
      <line num="293" count="27" type="stmt"/>
      <line num="294" count="27" type="stmt"/>
      <line num="295" count="27" type="stmt"/>
      <line num="296" count="27" type="stmt"/>
      <line num="297" count="27" type="stmt"/>
      <line num="298" count="27" type="stmt"/>
      <line num="299" count="27" type="stmt"/>
      <line num="300" count="27" type="stmt"/>
      <line num="301" count="1" type="stmt"/>
      <line num="302" count="1" type="stmt"/>
      <line num="303" count="1" type="stmt"/>
      <line num="304" count="1" type="stmt"/>
      <line num="305" count="1" type="stmt"/>
      <line num="306" count="1" type="stmt"/>
      <line num="307" count="1" type="stmt"/>
      <line num="308" count="1" type="stmt"/>
    </file>
  </project>
</coverage>
