{"/Users/wuychloe/Desktop/action/src/LambdaGitHubAction/index.js": {"path":"/Users/wuychloe/Desktop/action/src/LambdaGitHubAction/index.js","all":false,"statementMap":{"0":{"start":{"line":1,"column":0},"end":{"line":1,"column":38}},"1":{"start":{"line":2,"column":0},"end":{"line":2,"column":224}},"2":{"start":{"line":3,"column":0},"end":{"line":3,"column":35}},"3":{"start":{"line":4,"column":0},"end":{"line":4,"column":29}},"4":{"start":{"line":5,"column":0},"end":{"line":5,"column":34}},"5":{"start":{"line":6,"column":0},"end":{"line":6,"column":45}},"6":{"start":{"line":7,"column":0},"end":{"line":7,"column":0}},"7":{"start":{"line":8,"column":0},"end":{"line":8,"column":22}},"8":{"start":{"line":9,"column":0},"end":{"line":9,"column":9}},"9":{"start":{"line":10,"column":0},"end":{"line":10,"column":51}},"10":{"start":{"line":11,"column":0},"end":{"line":11,"column":24}},"11":{"start":{"line":12,"column":0},"end":{"line":12,"column":13}},"12":{"start":{"line":13,"column":0},"end":{"line":13,"column":5}},"13":{"start":{"line":14,"column":0},"end":{"line":14,"column":0}},"14":{"start":{"line":15,"column":0},"end":{"line":15,"column":11}},"15":{"start":{"line":16,"column":0},"end":{"line":16,"column":58}},"16":{"start":{"line":17,"column":0},"end":{"line":17,"column":50}},"17":{"start":{"line":18,"column":0},"end":{"line":18,"column":61}},"18":{"start":{"line":19,"column":0},"end":{"line":19,"column":63}},"19":{"start":{"line":20,"column":0},"end":{"line":20,"column":57}},"20":{"start":{"line":21,"column":0},"end":{"line":21,"column":26}},"21":{"start":{"line":22,"column":0},"end":{"line":22,"column":66}},"22":{"start":{"line":23,"column":0},"end":{"line":23,"column":66}},"23":{"start":{"line":24,"column":0},"end":{"line":24,"column":74}},"24":{"start":{"line":25,"column":0},"end":{"line":25,"column":68}},"25":{"start":{"line":26,"column":0},"end":{"line":26,"column":37}},"26":{"start":{"line":27,"column":0},"end":{"line":27,"column":15}},"27":{"start":{"line":28,"column":0},"end":{"line":28,"column":4}},"28":{"start":{"line":29,"column":0},"end":{"line":29,"column":35}},"29":{"start":{"line":30,"column":0},"end":{"line":30,"column":26}},"30":{"start":{"line":31,"column":0},"end":{"line":31,"column":18}},"31":{"start":{"line":32,"column":0},"end":{"line":32,"column":80}},"32":{"start":{"line":33,"column":0},"end":{"line":33,"column":7}},"33":{"start":{"line":34,"column":0},"end":{"line":34,"column":69}},"34":{"start":{"line":35,"column":0},"end":{"line":35,"column":66}},"35":{"start":{"line":36,"column":0},"end":{"line":36,"column":5}},"36":{"start":{"line":37,"column":0},"end":{"line":37,"column":0}},"37":{"start":{"line":38,"column":0},"end":{"line":38,"column":37}},"38":{"start":{"line":39,"column":0},"end":{"line":39,"column":12}},"39":{"start":{"line":40,"column":0},"end":{"line":40,"column":7}},"40":{"start":{"line":41,"column":0},"end":{"line":41,"column":0}},"41":{"start":{"line":42,"column":0},"end":{"line":42,"column":52}},"42":{"start":{"line":43,"column":0},"end":{"line":43,"column":73}},"43":{"start":{"line":44,"column":0},"end":{"line":44,"column":0}},"44":{"start":{"line":45,"column":0},"end":{"line":45,"column":26}},"45":{"start":{"line":46,"column":0},"end":{"line":46,"column":19}},"46":{"start":{"line":47,"column":0},"end":{"line":47,"column":105}},"47":{"start":{"line":48,"column":0},"end":{"line":48,"column":15}},"48":{"start":{"line":49,"column":0},"end":{"line":49,"column":7}},"49":{"start":{"line":50,"column":0},"end":{"line":50,"column":0}},"50":{"start":{"line":51,"column":0},"end":{"line":51,"column":81}},"51":{"start":{"line":52,"column":0},"end":{"line":52,"column":0}},"52":{"start":{"line":53,"column":0},"end":{"line":53,"column":17}},"53":{"start":{"line":54,"column":0},"end":{"line":54,"column":81}},"54":{"start":{"line":55,"column":0},"end":{"line":55,"column":15}},"55":{"start":{"line":56,"column":0},"end":{"line":56,"column":7}},"56":{"start":{"line":57,"column":0},"end":{"line":57,"column":0}},"57":{"start":{"line":58,"column":0},"end":{"line":58,"column":24}},"58":{"start":{"line":59,"column":0},"end":{"line":59,"column":11}},"59":{"start":{"line":60,"column":0},"end":{"line":60,"column":21}},"60":{"start":{"line":61,"column":0},"end":{"line":61,"column":37}},"61":{"start":{"line":62,"column":0},"end":{"line":62,"column":27}},"62":{"start":{"line":63,"column":0},"end":{"line":63,"column":21}},"63":{"start":{"line":64,"column":0},"end":{"line":64,"column":27}},"64":{"start":{"line":65,"column":0},"end":{"line":65,"column":17}},"65":{"start":{"line":66,"column":0},"end":{"line":66,"column":52}},"66":{"start":{"line":67,"column":0},"end":{"line":67,"column":12}},"67":{"start":{"line":68,"column":0},"end":{"line":68,"column":43}},"68":{"start":{"line":69,"column":0},"end":{"line":69,"column":39}},"69":{"start":{"line":70,"column":0},"end":{"line":70,"column":27}},"70":{"start":{"line":71,"column":0},"end":{"line":71,"column":35}},"71":{"start":{"line":72,"column":0},"end":{"line":72,"column":27}},"72":{"start":{"line":73,"column":0},"end":{"line":73,"column":118}},"73":{"start":{"line":74,"column":0},"end":{"line":74,"column":55}},"74":{"start":{"line":75,"column":0},"end":{"line":75,"column":33}},"75":{"start":{"line":76,"column":0},"end":{"line":76,"column":37}},"76":{"start":{"line":77,"column":0},"end":{"line":77,"column":82}},"77":{"start":{"line":78,"column":0},"end":{"line":78,"column":51}},"78":{"start":{"line":79,"column":0},"end":{"line":79,"column":45}},"79":{"start":{"line":80,"column":0},"end":{"line":80,"column":31}},"80":{"start":{"line":81,"column":0},"end":{"line":81,"column":53}},"81":{"start":{"line":82,"column":0},"end":{"line":82,"column":41}},"82":{"start":{"line":83,"column":0},"end":{"line":83,"column":37}},"83":{"start":{"line":84,"column":0},"end":{"line":84,"column":45}},"84":{"start":{"line":85,"column":0},"end":{"line":85,"column":27}},"85":{"start":{"line":86,"column":0},"end":{"line":86,"column":31}},"86":{"start":{"line":87,"column":0},"end":{"line":87,"column":53}},"87":{"start":{"line":88,"column":0},"end":{"line":88,"column":42}},"88":{"start":{"line":89,"column":0},"end":{"line":89,"column":10}},"89":{"start":{"line":90,"column":0},"end":{"line":90,"column":8}},"90":{"start":{"line":91,"column":0},"end":{"line":91,"column":37}},"91":{"start":{"line":92,"column":0},"end":{"line":92,"column":0}},"92":{"start":{"line":93,"column":0},"end":{"line":93,"column":67}},"93":{"start":{"line":94,"column":0},"end":{"line":94,"column":57}},"94":{"start":{"line":95,"column":0},"end":{"line":95,"column":52}},"95":{"start":{"line":96,"column":0},"end":{"line":96,"column":8}},"96":{"start":{"line":97,"column":0},"end":{"line":97,"column":61}},"97":{"start":{"line":98,"column":0},"end":{"line":98,"column":31}},"98":{"start":{"line":99,"column":0},"end":{"line":99,"column":54}},"99":{"start":{"line":100,"column":0},"end":{"line":100,"column":9}},"100":{"start":{"line":101,"column":0},"end":{"line":101,"column":23}},"101":{"start":{"line":102,"column":0},"end":{"line":102,"column":70}},"102":{"start":{"line":103,"column":0},"end":{"line":103,"column":26}},"103":{"start":{"line":104,"column":0},"end":{"line":104,"column":34}},"104":{"start":{"line":105,"column":0},"end":{"line":105,"column":9}},"105":{"start":{"line":106,"column":0},"end":{"line":106,"column":7}},"106":{"start":{"line":107,"column":0},"end":{"line":107,"column":56}},"107":{"start":{"line":108,"column":0},"end":{"line":108,"column":13}},"108":{"start":{"line":109,"column":0},"end":{"line":109,"column":5}},"109":{"start":{"line":110,"column":0},"end":{"line":110,"column":0}},"110":{"start":{"line":111,"column":0},"end":{"line":111,"column":76}},"111":{"start":{"line":112,"column":0},"end":{"line":112,"column":92}},"112":{"start":{"line":113,"column":0},"end":{"line":113,"column":57}},"113":{"start":{"line":114,"column":0},"end":{"line":114,"column":0}},"114":{"start":{"line":115,"column":0},"end":{"line":115,"column":66}},"115":{"start":{"line":116,"column":0},"end":{"line":116,"column":17}},"116":{"start":{"line":117,"column":0},"end":{"line":117,"column":23}},"117":{"start":{"line":118,"column":0},"end":{"line":118,"column":39}},"118":{"start":{"line":119,"column":0},"end":{"line":119,"column":64}},"119":{"start":{"line":120,"column":0},"end":{"line":120,"column":23}},"120":{"start":{"line":121,"column":0},"end":{"line":121,"column":23}},"121":{"start":{"line":122,"column":0},"end":{"line":122,"column":27}},"122":{"start":{"line":123,"column":0},"end":{"line":123,"column":51}},"123":{"start":{"line":124,"column":0},"end":{"line":124,"column":57}},"124":{"start":{"line":125,"column":0},"end":{"line":125,"column":62}},"125":{"start":{"line":126,"column":0},"end":{"line":126,"column":78}},"126":{"start":{"line":127,"column":0},"end":{"line":127,"column":69}},"127":{"start":{"line":128,"column":0},"end":{"line":128,"column":48}},"128":{"start":{"line":129,"column":0},"end":{"line":129,"column":81}},"129":{"start":{"line":130,"column":0},"end":{"line":130,"column":63}},"130":{"start":{"line":131,"column":0},"end":{"line":131,"column":57}},"131":{"start":{"line":132,"column":0},"end":{"line":132,"column":68}},"132":{"start":{"line":133,"column":0},"end":{"line":133,"column":7}},"133":{"start":{"line":134,"column":0},"end":{"line":134,"column":0}},"134":{"start":{"line":135,"column":0},"end":{"line":135,"column":24}},"135":{"start":{"line":136,"column":0},"end":{"line":136,"column":19}},"136":{"start":{"line":137,"column":0},"end":{"line":137,"column":87}},"137":{"start":{"line":138,"column":0},"end":{"line":138,"column":14}},"138":{"start":{"line":139,"column":0},"end":{"line":139,"column":13}},"139":{"start":{"line":140,"column":0},"end":{"line":140,"column":23}},"140":{"start":{"line":141,"column":0},"end":{"line":141,"column":39}},"141":{"start":{"line":142,"column":0},"end":{"line":142,"column":23}},"142":{"start":{"line":143,"column":0},"end":{"line":143,"column":29}},"143":{"start":{"line":144,"column":0},"end":{"line":144,"column":45}},"144":{"start":{"line":145,"column":0},"end":{"line":145,"column":41}},"145":{"start":{"line":146,"column":0},"end":{"line":146,"column":29}},"146":{"start":{"line":147,"column":0},"end":{"line":147,"column":29}},"147":{"start":{"line":148,"column":0},"end":{"line":148,"column":33}},"148":{"start":{"line":149,"column":0},"end":{"line":149,"column":57}},"149":{"start":{"line":150,"column":0},"end":{"line":150,"column":39}},"150":{"start":{"line":151,"column":0},"end":{"line":151,"column":84}},"151":{"start":{"line":152,"column":0},"end":{"line":152,"column":53}},"152":{"start":{"line":153,"column":0},"end":{"line":153,"column":47}},"153":{"start":{"line":154,"column":0},"end":{"line":154,"column":33}},"154":{"start":{"line":155,"column":0},"end":{"line":155,"column":55}},"155":{"start":{"line":156,"column":0},"end":{"line":156,"column":43}},"156":{"start":{"line":157,"column":0},"end":{"line":157,"column":39}},"157":{"start":{"line":158,"column":0},"end":{"line":158,"column":46}},"158":{"start":{"line":159,"column":0},"end":{"line":159,"column":12}},"159":{"start":{"line":160,"column":0},"end":{"line":160,"column":10}},"160":{"start":{"line":161,"column":0},"end":{"line":161,"column":39}},"161":{"start":{"line":162,"column":0},"end":{"line":162,"column":0}},"162":{"start":{"line":163,"column":0},"end":{"line":163,"column":75}},"163":{"start":{"line":164,"column":0},"end":{"line":164,"column":72}},"164":{"start":{"line":165,"column":0},"end":{"line":165,"column":37}},"165":{"start":{"line":166,"column":0},"end":{"line":166,"column":61}},"166":{"start":{"line":167,"column":0},"end":{"line":167,"column":25}},"167":{"start":{"line":168,"column":0},"end":{"line":168,"column":86}},"168":{"start":{"line":169,"column":0},"end":{"line":169,"column":28}},"169":{"start":{"line":170,"column":0},"end":{"line":170,"column":36}},"170":{"start":{"line":171,"column":0},"end":{"line":171,"column":11}},"171":{"start":{"line":172,"column":0},"end":{"line":172,"column":9}},"172":{"start":{"line":173,"column":0},"end":{"line":173,"column":7}},"173":{"start":{"line":174,"column":0},"end":{"line":174,"column":12}},"174":{"start":{"line":175,"column":0},"end":{"line":175,"column":53}},"175":{"start":{"line":176,"column":0},"end":{"line":176,"column":5}},"176":{"start":{"line":177,"column":0},"end":{"line":177,"column":0}},"177":{"start":{"line":178,"column":0},"end":{"line":178,"column":81}},"178":{"start":{"line":179,"column":0},"end":{"line":179,"column":4}},"179":{"start":{"line":180,"column":0},"end":{"line":180,"column":9}},"180":{"start":{"line":181,"column":0},"end":{"line":181,"column":19}},"181":{"start":{"line":182,"column":0},"end":{"line":182,"column":80}},"182":{"start":{"line":183,"column":0},"end":{"line":183,"column":7}},"183":{"start":{"line":184,"column":0},"end":{"line":184,"column":6}},"184":{"start":{"line":185,"column":0},"end":{"line":185,"column":25}},"185":{"start":{"line":186,"column":0},"end":{"line":186,"column":11}},"186":{"start":{"line":187,"column":0},"end":{"line":187,"column":57}},"187":{"start":{"line":188,"column":0},"end":{"line":188,"column":23}},"188":{"start":{"line":189,"column":0},"end":{"line":189,"column":21}},"189":{"start":{"line":190,"column":0},"end":{"line":190,"column":104}},"190":{"start":{"line":191,"column":0},"end":{"line":191,"column":71}},"191":{"start":{"line":192,"column":0},"end":{"line":192,"column":16}},"192":{"start":{"line":193,"column":0},"end":{"line":193,"column":22}},"193":{"start":{"line":194,"column":0},"end":{"line":194,"column":9}},"194":{"start":{"line":195,"column":0},"end":{"line":195,"column":7}},"195":{"start":{"line":196,"column":0},"end":{"line":196,"column":6}},"196":{"start":{"line":197,"column":0},"end":{"line":197,"column":23}},"197":{"start":{"line":198,"column":0},"end":{"line":198,"column":35}},"198":{"start":{"line":199,"column":0},"end":{"line":199,"column":33}},"199":{"start":{"line":200,"column":0},"end":{"line":200,"column":116}},"200":{"start":{"line":201,"column":0},"end":{"line":201,"column":25}},"201":{"start":{"line":202,"column":0},"end":{"line":202,"column":31}},"202":{"start":{"line":203,"column":0},"end":{"line":203,"column":41}},"203":{"start":{"line":204,"column":0},"end":{"line":204,"column":8}},"204":{"start":{"line":205,"column":0},"end":{"line":205,"column":6}},"205":{"start":{"line":206,"column":0},"end":{"line":206,"column":43}},"206":{"start":{"line":207,"column":0},"end":{"line":207,"column":6}},"207":{"start":{"line":208,"column":0},"end":{"line":208,"column":19}},"208":{"start":{"line":209,"column":0},"end":{"line":209,"column":40}},"209":{"start":{"line":210,"column":0},"end":{"line":210,"column":31}},"210":{"start":{"line":211,"column":0},"end":{"line":211,"column":59}},"211":{"start":{"line":212,"column":0},"end":{"line":212,"column":9}},"212":{"start":{"line":213,"column":0},"end":{"line":213,"column":75}},"213":{"start":{"line":214,"column":0},"end":{"line":214,"column":53}},"214":{"start":{"line":215,"column":0},"end":{"line":215,"column":8}},"215":{"start":{"line":216,"column":0},"end":{"line":216,"column":89}},"216":{"start":{"line":217,"column":0},"end":{"line":217,"column":48}},"217":{"start":{"line":218,"column":0},"end":{"line":218,"column":45}},"218":{"start":{"line":219,"column":0},"end":{"line":219,"column":73}},"219":{"start":{"line":220,"column":0},"end":{"line":220,"column":14}},"220":{"start":{"line":221,"column":0},"end":{"line":221,"column":65}},"221":{"start":{"line":222,"column":0},"end":{"line":222,"column":52}},"222":{"start":{"line":223,"column":0},"end":{"line":223,"column":61}},"223":{"start":{"line":224,"column":0},"end":{"line":224,"column":31}},"224":{"start":{"line":225,"column":0},"end":{"line":225,"column":54}},"225":{"start":{"line":226,"column":0},"end":{"line":226,"column":9}},"226":{"start":{"line":227,"column":0},"end":{"line":227,"column":7}},"227":{"start":{"line":228,"column":0},"end":{"line":228,"column":21}},"228":{"start":{"line":229,"column":0},"end":{"line":229,"column":73}},"229":{"start":{"line":230,"column":0},"end":{"line":230,"column":24}},"230":{"start":{"line":231,"column":0},"end":{"line":231,"column":32}},"231":{"start":{"line":232,"column":0},"end":{"line":232,"column":7}},"232":{"start":{"line":233,"column":0},"end":{"line":233,"column":13}},"233":{"start":{"line":234,"column":0},"end":{"line":234,"column":5}},"234":{"start":{"line":235,"column":0},"end":{"line":235,"column":0}},"235":{"start":{"line":236,"column":0},"end":{"line":236,"column":67}},"236":{"start":{"line":237,"column":0},"end":{"line":237,"column":4}},"237":{"start":{"line":238,"column":0},"end":{"line":238,"column":3}},"238":{"start":{"line":239,"column":0},"end":{"line":239,"column":17}},"239":{"start":{"line":240,"column":0},"end":{"line":240,"column":135}},"240":{"start":{"line":241,"column":0},"end":{"line":241,"column":90}},"241":{"start":{"line":242,"column":0},"end":{"line":242,"column":56}},"242":{"start":{"line":243,"column":0},"end":{"line":243,"column":120}},"243":{"start":{"line":244,"column":0},"end":{"line":244,"column":56}},"244":{"start":{"line":245,"column":0},"end":{"line":245,"column":104}},"245":{"start":{"line":246,"column":0},"end":{"line":246,"column":12}},"246":{"start":{"line":247,"column":0},"end":{"line":247,"column":67}},"247":{"start":{"line":248,"column":0},"end":{"line":248,"column":5}},"248":{"start":{"line":249,"column":0},"end":{"line":249,"column":22}},"249":{"start":{"line":250,"column":0},"end":{"line":250,"column":30}},"250":{"start":{"line":251,"column":0},"end":{"line":251,"column":5}},"251":{"start":{"line":252,"column":0},"end":{"line":252,"column":3}},"252":{"start":{"line":253,"column":0},"end":{"line":253,"column":1}},"253":{"start":{"line":254,"column":0},"end":{"line":254,"column":0}},"254":{"start":{"line":255,"column":0},"end":{"line":255,"column":51}},"255":{"start":{"line":256,"column":0},"end":{"line":256,"column":61}},"256":{"start":{"line":257,"column":0},"end":{"line":257,"column":66}},"257":{"start":{"line":258,"column":0},"end":{"line":258,"column":0}},"258":{"start":{"line":259,"column":0},"end":{"line":259,"column":7}},"259":{"start":{"line":260,"column":0},"end":{"line":260,"column":9}},"260":{"start":{"line":261,"column":0},"end":{"line":261,"column":61}},"261":{"start":{"line":262,"column":0},"end":{"line":262,"column":21}},"262":{"start":{"line":263,"column":0},"end":{"line":263,"column":5}},"263":{"start":{"line":264,"column":0},"end":{"line":264,"column":4}},"264":{"start":{"line":265,"column":0},"end":{"line":265,"column":49}},"265":{"start":{"line":266,"column":0},"end":{"line":266,"column":0}},"266":{"start":{"line":267,"column":0},"end":{"line":267,"column":70}},"267":{"start":{"line":268,"column":0},"end":{"line":268,"column":4}},"268":{"start":{"line":269,"column":0},"end":{"line":269,"column":49}},"269":{"start":{"line":270,"column":0},"end":{"line":270,"column":4}},"270":{"start":{"line":271,"column":0},"end":{"line":271,"column":31}},"271":{"start":{"line":272,"column":0},"end":{"line":272,"column":18}},"272":{"start":{"line":273,"column":0},"end":{"line":273,"column":38}},"273":{"start":{"line":274,"column":0},"end":{"line":274,"column":33}},"274":{"start":{"line":275,"column":0},"end":{"line":275,"column":27}},"275":{"start":{"line":276,"column":0},"end":{"line":276,"column":8}},"276":{"start":{"line":277,"column":0},"end":{"line":277,"column":5}},"277":{"start":{"line":278,"column":0},"end":{"line":278,"column":0}},"278":{"start":{"line":279,"column":0},"end":{"line":279,"column":35}},"279":{"start":{"line":280,"column":0},"end":{"line":280,"column":29}},"280":{"start":{"line":281,"column":0},"end":{"line":281,"column":32}},"281":{"start":{"line":282,"column":0},"end":{"line":282,"column":26}},"282":{"start":{"line":283,"column":0},"end":{"line":283,"column":4}},"283":{"start":{"line":284,"column":0},"end":{"line":284,"column":19}},"284":{"start":{"line":285,"column":0},"end":{"line":285,"column":19}},"285":{"start":{"line":286,"column":0},"end":{"line":286,"column":64}},"286":{"start":{"line":287,"column":0},"end":{"line":287,"column":16}},"287":{"start":{"line":288,"column":0},"end":{"line":288,"column":3}},"288":{"start":{"line":289,"column":0},"end":{"line":289,"column":1}},"289":{"start":{"line":290,"column":0},"end":{"line":290,"column":0}},"290":{"start":{"line":291,"column":0},"end":{"line":291,"column":58}},"291":{"start":{"line":292,"column":0},"end":{"line":292,"column":7}},"292":{"start":{"line":293,"column":0},"end":{"line":293,"column":19}},"293":{"start":{"line":294,"column":0},"end":{"line":294,"column":32}},"294":{"start":{"line":295,"column":0},"end":{"line":295,"column":6}},"295":{"start":{"line":296,"column":0},"end":{"line":296,"column":50}},"296":{"start":{"line":297,"column":0},"end":{"line":297,"column":48}},"297":{"start":{"line":298,"column":0},"end":{"line":298,"column":16}},"298":{"start":{"line":299,"column":0},"end":{"line":299,"column":19}},"299":{"start":{"line":300,"column":0},"end":{"line":300,"column":53}},"300":{"start":{"line":301,"column":0},"end":{"line":301,"column":19}},"301":{"start":{"line":302,"column":0},"end":{"line":302,"column":5}},"302":{"start":{"line":303,"column":0},"end":{"line":303,"column":16}},"303":{"start":{"line":304,"column":0},"end":{"line":304,"column":3}},"304":{"start":{"line":305,"column":0},"end":{"line":305,"column":1}},"305":{"start":{"line":306,"column":0},"end":{"line":306,"column":0}},"306":{"start":{"line":307,"column":0},"end":{"line":307,"column":70}},"307":{"start":{"line":308,"column":0},"end":{"line":308,"column":66}},"308":{"start":{"line":309,"column":0},"end":{"line":309,"column":16}},"309":{"start":{"line":310,"column":0},"end":{"line":310,"column":3}},"310":{"start":{"line":311,"column":0},"end":{"line":311,"column":2}},"311":{"start":{"line":312,"column":0},"end":{"line":312,"column":54}},"312":{"start":{"line":313,"column":0},"end":{"line":313,"column":54}},"313":{"start":{"line":314,"column":0},"end":{"line":314,"column":2}},"314":{"start":{"line":315,"column":0},"end":{"line":315,"column":62}},"315":{"start":{"line":316,"column":0},"end":{"line":316,"column":30}},"316":{"start":{"line":317,"column":0},"end":{"line":317,"column":38}},"317":{"start":{"line":318,"column":0},"end":{"line":318,"column":69}},"318":{"start":{"line":319,"column":0},"end":{"line":319,"column":49}},"319":{"start":{"line":320,"column":0},"end":{"line":320,"column":8}},"320":{"start":{"line":321,"column":0},"end":{"line":321,"column":40}},"321":{"start":{"line":322,"column":0},"end":{"line":322,"column":67}},"322":{"start":{"line":323,"column":0},"end":{"line":323,"column":22}},"323":{"start":{"line":324,"column":0},"end":{"line":324,"column":9}},"324":{"start":{"line":325,"column":0},"end":{"line":325,"column":49}},"325":{"start":{"line":326,"column":0},"end":{"line":326,"column":101}},"326":{"start":{"line":327,"column":0},"end":{"line":327,"column":20}},"327":{"start":{"line":328,"column":0},"end":{"line":328,"column":7}},"328":{"start":{"line":329,"column":0},"end":{"line":329,"column":5}},"329":{"start":{"line":330,"column":0},"end":{"line":330,"column":3}},"330":{"start":{"line":331,"column":0},"end":{"line":331,"column":0}},"331":{"start":{"line":332,"column":0},"end":{"line":332,"column":15}},"332":{"start":{"line":333,"column":0},"end":{"line":333,"column":1}},"333":{"start":{"line":334,"column":0},"end":{"line":334,"column":0}},"334":{"start":{"line":335,"column":0},"end":{"line":335,"column":81}},"335":{"start":{"line":336,"column":0},"end":{"line":336,"column":30}},"336":{"start":{"line":337,"column":0},"end":{"line":337,"column":2}},"337":{"start":{"line":338,"column":0},"end":{"line":338,"column":42}},"338":{"start":{"line":339,"column":0},"end":{"line":339,"column":38}},"339":{"start":{"line":340,"column":0},"end":{"line":340,"column":76}},"340":{"start":{"line":341,"column":0},"end":{"line":341,"column":3}},"341":{"start":{"line":342,"column":0},"end":{"line":342,"column":2}},"342":{"start":{"line":343,"column":0},"end":{"line":343,"column":96}},"343":{"start":{"line":344,"column":0},"end":{"line":344,"column":2}},"344":{"start":{"line":345,"column":0},"end":{"line":345,"column":7}},"345":{"start":{"line":346,"column":0},"end":{"line":346,"column":36}},"346":{"start":{"line":347,"column":0},"end":{"line":347,"column":21}},"347":{"start":{"line":348,"column":0},"end":{"line":348,"column":19}},"348":{"start":{"line":349,"column":0},"end":{"line":349,"column":40}},"349":{"start":{"line":350,"column":0},"end":{"line":350,"column":8}},"350":{"start":{"line":351,"column":0},"end":{"line":351,"column":32}},"351":{"start":{"line":352,"column":0},"end":{"line":352,"column":7}},"352":{"start":{"line":353,"column":0},"end":{"line":353,"column":4}},"353":{"start":{"line":354,"column":0},"end":{"line":354,"column":56}},"354":{"start":{"line":355,"column":0},"end":{"line":355,"column":19}},"355":{"start":{"line":356,"column":0},"end":{"line":356,"column":40}},"356":{"start":{"line":357,"column":0},"end":{"line":357,"column":123}},"357":{"start":{"line":358,"column":0},"end":{"line":358,"column":60}},"358":{"start":{"line":359,"column":0},"end":{"line":359,"column":60}},"359":{"start":{"line":360,"column":0},"end":{"line":360,"column":75}},"360":{"start":{"line":361,"column":0},"end":{"line":361,"column":90}},"361":{"start":{"line":362,"column":0},"end":{"line":362,"column":12}},"362":{"start":{"line":363,"column":0},"end":{"line":363,"column":68}},"363":{"start":{"line":364,"column":0},"end":{"line":364,"column":93}},"364":{"start":{"line":365,"column":0},"end":{"line":365,"column":5}},"365":{"start":{"line":366,"column":0},"end":{"line":366,"column":3}},"366":{"start":{"line":367,"column":0},"end":{"line":367,"column":1}},"367":{"start":{"line":368,"column":0},"end":{"line":368,"column":0}},"368":{"start":{"line":369,"column":0},"end":{"line":369,"column":30}},"369":{"start":{"line":370,"column":0},"end":{"line":370,"column":62}},"370":{"start":{"line":371,"column":0},"end":{"line":371,"column":16}},"371":{"start":{"line":372,"column":0},"end":{"line":372,"column":3}},"372":{"start":{"line":373,"column":0},"end":{"line":373,"column":0}},"373":{"start":{"line":374,"column":0},"end":{"line":374,"column":29}},"374":{"start":{"line":375,"column":0},"end":{"line":375,"column":32}},"375":{"start":{"line":376,"column":0},"end":{"line":376,"column":35}},"376":{"start":{"line":377,"column":0},"end":{"line":377,"column":21}},"377":{"start":{"line":378,"column":0},"end":{"line":378,"column":7}},"378":{"start":{"line":379,"column":0},"end":{"line":379,"column":5}},"379":{"start":{"line":380,"column":0},"end":{"line":380,"column":16}},"380":{"start":{"line":381,"column":0},"end":{"line":381,"column":3}},"381":{"start":{"line":382,"column":0},"end":{"line":382,"column":0}},"382":{"start":{"line":383,"column":0},"end":{"line":383,"column":34}},"383":{"start":{"line":384,"column":0},"end":{"line":384,"column":50}},"384":{"start":{"line":385,"column":0},"end":{"line":385,"column":38}},"385":{"start":{"line":386,"column":0},"end":{"line":386,"column":21}},"386":{"start":{"line":387,"column":0},"end":{"line":387,"column":7}},"387":{"start":{"line":388,"column":0},"end":{"line":388,"column":5}},"388":{"start":{"line":389,"column":0},"end":{"line":389,"column":16}},"389":{"start":{"line":390,"column":0},"end":{"line":390,"column":3}},"390":{"start":{"line":391,"column":0},"end":{"line":391,"column":0}},"391":{"start":{"line":392,"column":0},"end":{"line":392,"column":15}},"392":{"start":{"line":393,"column":0},"end":{"line":393,"column":1}},"393":{"start":{"line":394,"column":0},"end":{"line":394,"column":0}},"394":{"start":{"line":395,"column":0},"end":{"line":395,"column":39}},"395":{"start":{"line":396,"column":0},"end":{"line":396,"column":28}},"396":{"start":{"line":397,"column":0},"end":{"line":397,"column":21}},"397":{"start":{"line":398,"column":0},"end":{"line":398,"column":3}},"398":{"start":{"line":399,"column":0},"end":{"line":399,"column":0}},"399":{"start":{"line":400,"column":0},"end":{"line":400,"column":29}},"400":{"start":{"line":401,"column":0},"end":{"line":401,"column":47}},"401":{"start":{"line":402,"column":0},"end":{"line":402,"column":3}},"402":{"start":{"line":403,"column":0},"end":{"line":403,"column":0}},"403":{"start":{"line":404,"column":0},"end":{"line":404,"column":15}},"404":{"start":{"line":405,"column":0},"end":{"line":405,"column":1}},"405":{"start":{"line":406,"column":0},"end":{"line":406,"column":0}},"406":{"start":{"line":407,"column":0},"end":{"line":407,"column":29}},"407":{"start":{"line":408,"column":0},"end":{"line":408,"column":23}},"408":{"start":{"line":409,"column":0},"end":{"line":409,"column":2}},"409":{"start":{"line":410,"column":0},"end":{"line":410,"column":62}},"410":{"start":{"line":411,"column":0},"end":{"line":411,"column":2}},"411":{"start":{"line":412,"column":0},"end":{"line":412,"column":49}},"412":{"start":{"line":413,"column":0},"end":{"line":413,"column":91}},"413":{"start":{"line":414,"column":0},"end":{"line":414,"column":40}},"414":{"start":{"line":415,"column":0},"end":{"line":415,"column":3}},"415":{"start":{"line":416,"column":0},"end":{"line":416,"column":2}},"416":{"start":{"line":417,"column":0},"end":{"line":417,"column":7}},"417":{"start":{"line":418,"column":0},"end":{"line":418,"column":35}},"418":{"start":{"line":419,"column":0},"end":{"line":419,"column":19}},"419":{"start":{"line":420,"column":0},"end":{"line":420,"column":65}},"420":{"start":{"line":421,"column":0},"end":{"line":421,"column":40}},"421":{"start":{"line":422,"column":0},"end":{"line":422,"column":3}},"422":{"start":{"line":423,"column":0},"end":{"line":423,"column":1}},"423":{"start":{"line":424,"column":0},"end":{"line":424,"column":0}},"424":{"start":{"line":425,"column":0},"end":{"line":425,"column":30}},"425":{"start":{"line":426,"column":0},"end":{"line":426,"column":8}},"426":{"start":{"line":427,"column":0},"end":{"line":427,"column":1}},"427":{"start":{"line":428,"column":0},"end":{"line":428,"column":0}},"428":{"start":{"line":429,"column":0},"end":{"line":429,"column":18}},"429":{"start":{"line":430,"column":0},"end":{"line":430,"column":6}},"430":{"start":{"line":431,"column":0},"end":{"line":431,"column":23}},"431":{"start":{"line":432,"column":0},"end":{"line":432,"column":22}},"432":{"start":{"line":433,"column":0},"end":{"line":433,"column":26}},"433":{"start":{"line":434,"column":0},"end":{"line":434,"column":25}},"434":{"start":{"line":435,"column":0},"end":{"line":435,"column":41}},"435":{"start":{"line":436,"column":0},"end":{"line":436,"column":15}},"436":{"start":{"line":437,"column":0},"end":{"line":437,"column":21}},"437":{"start":{"line":438,"column":0},"end":{"line":438,"column":15}},"438":{"start":{"line":439,"column":0},"end":{"line":439,"column":2}}},"s":{"0":1,"1":1,"2":1,"3":1,"4":1,"5":1,"6":1,"7":20,"8":20,"9":20,"10":20,"11":2,"12":2,"13":18,"14":18,"15":18,"16":18,"17":18,"18":18,"19":18,"20":18,"21":18,"22":18,"23":18,"24":18,"25":18,"26":18,"27":18,"28":18,"29":20,"30":1,"31":1,"32":1,"33":1,"34":1,"35":0,"36":17,"37":17,"38":17,"39":17,"40":17,"41":17,"42":17,"43":11,"44":19,"45":6,"46":1,"47":1,"48":1,"49":5,"50":5,"51":5,"52":5,"53":2,"54":2,"55":2,"56":3,"57":3,"58":3,"59":3,"60":3,"61":3,"62":3,"63":3,"64":3,"65":3,"66":3,"67":3,"68":3,"69":3,"70":3,"71":3,"72":6,"73":6,"74":6,"75":6,"76":6,"77":6,"78":6,"79":6,"80":6,"81":6,"82":6,"83":6,"84":6,"85":6,"86":6,"87":6,"88":6,"89":6,"90":6,"91":6,"92":6,"93":6,"94":6,"95":1,"96":1,"97":1,"98":1,"99":1,"100":6,"101":2,"102":2,"103":2,"104":2,"105":2,"106":3,"107":3,"108":3,"109":5,"110":5,"111":5,"112":5,"113":5,"114":5,"115":5,"116":5,"117":5,"118":20,"119":20,"120":20,"121":20,"122":20,"123":20,"124":20,"125":20,"126":20,"127":20,"128":20,"129":20,"130":20,"131":20,"132":20,"133":20,"134":20,"135":5,"136":3,"137":5,"138":2,"139":2,"140":2,"141":2,"142":2,"143":2,"144":2,"145":2,"146":2,"147":2,"148":2,"149":2,"150":2,"151":2,"152":2,"153":2,"154":2,"155":2,"156":2,"157":2,"158":2,"159":2,"160":2,"161":2,"162":2,"163":2,"164":2,"165":0,"166":2,"167":2,"168":2,"169":2,"170":2,"171":2,"172":2,"173":15,"174":0,"175":0,"176":5,"177":5,"178":5,"179":5,"180":13,"181":3,"182":3,"183":5,"184":5,"185":5,"186":5,"187":15,"188":0,"189":0,"190":0,"191":0,"192":0,"193":0,"194":0,"195":5,"196":5,"197":5,"198":5,"199":20,"200":20,"201":20,"202":20,"203":20,"204":20,"205":20,"206":20,"207":20,"208":3,"209":3,"210":3,"211":3,"212":3,"213":3,"214":3,"215":3,"216":3,"217":3,"218":3,"219":15,"220":2,"221":2,"222":2,"223":2,"224":0,"225":0,"226":2,"227":20,"228":2,"229":2,"230":2,"231":2,"232":2,"233":2,"234":3,"235":3,"236":3,"237":3,"238":15,"239":7,"240":2,"241":7,"242":2,"243":3,"244":1,"245":2,"246":2,"247":2,"248":7,"249":7,"250":7,"251":7,"252":20,"253":1,"254":8,"255":8,"256":8,"257":8,"258":8,"259":8,"260":8,"261":8,"262":0,"263":8,"264":8,"265":7,"266":7,"267":7,"268":7,"269":7,"270":7,"271":12,"272":12,"273":12,"274":12,"275":12,"276":11,"277":5,"278":5,"279":5,"280":5,"281":5,"282":5,"283":5,"284":8,"285":4,"286":4,"287":4,"288":8,"289":1,"290":22,"291":22,"292":22,"293":22,"294":22,"295":22,"296":22,"297":7,"298":21,"299":15,"300":8,"301":8,"302":7,"303":7,"304":22,"305":1,"306":24,"307":24,"308":3,"309":3,"310":21,"311":21,"312":21,"313":21,"314":24,"315":29,"316":29,"317":7,"318":7,"319":7,"320":7,"321":5,"322":5,"323":5,"324":29,"325":10,"326":10,"327":10,"328":29,"329":29,"330":6,"331":6,"332":6,"333":1,"334":7,"335":7,"336":7,"337":7,"338":1,"339":1,"340":1,"341":7,"342":7,"343":7,"344":7,"345":7,"346":7,"347":7,"348":7,"349":7,"350":7,"351":7,"352":3,"353":3,"354":7,"355":4,"356":1,"357":4,"358":1,"359":3,"360":1,"361":1,"362":1,"363":1,"364":1,"365":4,"366":7,"367":1,"368":932,"369":932,"370":168,"371":168,"372":764,"373":932,"374":43,"375":45,"376":38,"377":38,"378":45,"379":5,"380":5,"381":721,"382":932,"383":138,"384":140,"385":130,"386":130,"387":140,"388":8,"389":8,"390":583,"391":583,"392":583,"393":1,"394":570,"395":570,"396":149,"397":149,"398":421,"399":570,"400":26,"401":26,"402":395,"403":395,"404":395,"405":1,"406":55,"407":55,"408":55,"409":55,"410":55,"411":55,"412":55,"413":2,"414":2,"415":53,"416":53,"417":53,"418":55,"419":0,"420":0,"421":0,"422":55,"423":1,"424":1,"425":0,"426":0,"427":1,"428":1,"429":1,"430":1,"431":1,"432":1,"433":1,"434":1,"435":1,"436":1,"437":1,"438":1},"branchMap":{"0":{"type":"branch","line":425,"loc":{"start":{"line":425,"column":29},"end":{"line":427,"column":1}},"locations":[{"start":{"line":425,"column":29},"end":{"line":427,"column":1}}]},"1":{"type":"branch","line":8,"loc":{"start":{"line":8,"column":0},"end":{"line":253,"column":1}},"locations":[{"start":{"line":8,"column":0},"end":{"line":253,"column":1}}]},"2":{"type":"branch","line":11,"loc":{"start":{"line":11,"column":23},"end":{"line":30,"column":25}},"locations":[{"start":{"line":11,"column":23},"end":{"line":30,"column":25}}]},"3":{"type":"branch","line":11,"loc":{"start":{"line":11,"column":23},"end":{"line":13,"column":5}},"locations":[{"start":{"line":11,"column":23},"end":{"line":13,"column":5}}]},"4":{"type":"branch","line":13,"loc":{"start":{"line":13,"column":4},"end":{"line":30,"column":25}},"locations":[{"start":{"line":13,"column":4},"end":{"line":30,"column":25}}]},"5":{"type":"branch","line":30,"loc":{"start":{"line":30,"column":25},"end":{"line":36,"column":5}},"locations":[{"start":{"line":30,"column":25},"end":{"line":36,"column":5}}]},"6":{"type":"branch","line":35,"loc":{"start":{"line":35,"column":65},"end":{"line":36,"column":5}},"locations":[{"start":{"line":35,"column":65},"end":{"line":36,"column":5}}]},"7":{"type":"branch","line":36,"loc":{"start":{"line":36,"column":4},"end":{"line":109,"column":5}},"locations":[{"start":{"line":36,"column":4},"end":{"line":109,"column":5}}]},"8":{"type":"branch","line":36,"loc":{"start":{"line":36,"column":4},"end":{"line":45,"column":25}},"locations":[{"start":{"line":36,"column":4},"end":{"line":45,"column":25}}]},"9":{"type":"branch","line":36,"loc":{"start":{"line":36,"column":4},"end":{"line":43,"column":73}},"locations":[{"start":{"line":36,"column":4},"end":{"line":43,"column":73}}]},"10":{"type":"branch","line":43,"loc":{"start":{"line":43,"column":72},"end":{"line":45,"column":25}},"locations":[{"start":{"line":43,"column":72},"end":{"line":45,"column":25}}]},"11":{"type":"branch","line":45,"loc":{"start":{"line":45,"column":25},"end":{"line":109,"column":5}},"locations":[{"start":{"line":45,"column":25},"end":{"line":109,"column":5}}]},"12":{"type":"branch","line":46,"loc":{"start":{"line":46,"column":18},"end":{"line":49,"column":7}},"locations":[{"start":{"line":46,"column":18},"end":{"line":49,"column":7}}]},"13":{"type":"branch","line":49,"loc":{"start":{"line":49,"column":6},"end":{"line":73,"column":104}},"locations":[{"start":{"line":49,"column":6},"end":{"line":73,"column":104}}]},"14":{"type":"branch","line":53,"loc":{"start":{"line":53,"column":16},"end":{"line":56,"column":7}},"locations":[{"start":{"line":53,"column":16},"end":{"line":56,"column":7}}]},"15":{"type":"branch","line":56,"loc":{"start":{"line":56,"column":6},"end":{"line":73,"column":104}},"locations":[{"start":{"line":56,"column":6},"end":{"line":73,"column":104}}]},"16":{"type":"branch","line":73,"loc":{"start":{"line":73,"column":38},"end":{"line":73,"column":104}},"locations":[{"start":{"line":73,"column":38},"end":{"line":73,"column":104}}]},"17":{"type":"branch","line":73,"loc":{"start":{"line":73,"column":70},"end":{"line":73,"column":86}},"locations":[{"start":{"line":73,"column":70},"end":{"line":73,"column":86}}]},"18":{"type":"branch","line":73,"loc":{"start":{"line":73,"column":104},"end":{"line":73,"column":117}},"locations":[{"start":{"line":73,"column":104},"end":{"line":73,"column":117}}]},"19":{"type":"branch","line":77,"loc":{"start":{"line":77,"column":34},"end":{"line":77,"column":69}},"locations":[{"start":{"line":77,"column":34},"end":{"line":77,"column":69}}]},"20":{"type":"branch","line":77,"loc":{"start":{"line":77,"column":69},"end":{"line":77,"column":81}},"locations":[{"start":{"line":77,"column":69},"end":{"line":77,"column":81}}]},"21":{"type":"branch","line":95,"loc":{"start":{"line":95,"column":51},"end":{"line":100,"column":9}},"locations":[{"start":{"line":95,"column":51},"end":{"line":100,"column":9}}]},"22":{"type":"branch","line":101,"loc":{"start":{"line":101,"column":8},"end":{"line":109,"column":5}},"locations":[{"start":{"line":101,"column":8},"end":{"line":109,"column":5}}]},"23":{"type":"branch","line":101,"loc":{"start":{"line":101,"column":8},"end":{"line":106,"column":7}},"locations":[{"start":{"line":101,"column":8},"end":{"line":106,"column":7}}]},"24":{"type":"branch","line":106,"loc":{"start":{"line":106,"column":6},"end":{"line":109,"column":5}},"locations":[{"start":{"line":106,"column":6},"end":{"line":109,"column":5}}]},"25":{"type":"branch","line":109,"loc":{"start":{"line":109,"column":4},"end":{"line":119,"column":62}},"locations":[{"start":{"line":109,"column":4},"end":{"line":119,"column":62}}]},"26":{"type":"branch","line":109,"loc":{"start":{"line":109,"column":4},"end":{"line":119,"column":30}},"locations":[{"start":{"line":109,"column":4},"end":{"line":119,"column":30}}]},"27":{"type":"branch","line":119,"loc":{"start":{"line":119,"column":26},"end":{"line":119,"column":62}},"locations":[{"start":{"line":119,"column":26},"end":{"line":119,"column":62}}]},"28":{"type":"branch","line":124,"loc":{"start":{"line":124,"column":26},"end":{"line":124,"column":44}},"locations":[{"start":{"line":124,"column":26},"end":{"line":124,"column":44}}]},"29":{"type":"branch","line":124,"loc":{"start":{"line":124,"column":44},"end":{"line":124,"column":56}},"locations":[{"start":{"line":124,"column":44},"end":{"line":124,"column":56}}]},"30":{"type":"branch","line":125,"loc":{"start":{"line":125,"column":30},"end":{"line":125,"column":50}},"locations":[{"start":{"line":125,"column":30},"end":{"line":125,"column":50}}]},"31":{"type":"branch","line":125,"loc":{"start":{"line":125,"column":50},"end":{"line":125,"column":61}},"locations":[{"start":{"line":125,"column":50},"end":{"line":125,"column":61}}]},"32":{"type":"branch","line":126,"loc":{"start":{"line":126,"column":40},"end":{"line":126,"column":65}},"locations":[{"start":{"line":126,"column":40},"end":{"line":126,"column":65}}]},"33":{"type":"branch","line":126,"loc":{"start":{"line":126,"column":65},"end":{"line":126,"column":77}},"locations":[{"start":{"line":126,"column":65},"end":{"line":126,"column":77}}]},"34":{"type":"branch","line":127,"loc":{"start":{"line":127,"column":34},"end":{"line":127,"column":56}},"locations":[{"start":{"line":127,"column":34},"end":{"line":127,"column":56}}]},"35":{"type":"branch","line":127,"loc":{"start":{"line":127,"column":56},"end":{"line":127,"column":68}},"locations":[{"start":{"line":127,"column":56},"end":{"line":127,"column":68}}]},"36":{"type":"branch","line":128,"loc":{"start":{"line":128,"column":20},"end":{"line":128,"column":35}},"locations":[{"start":{"line":128,"column":20},"end":{"line":128,"column":35}}]},"37":{"type":"branch","line":128,"loc":{"start":{"line":128,"column":35},"end":{"line":128,"column":47}},"locations":[{"start":{"line":128,"column":35},"end":{"line":128,"column":47}}]},"38":{"type":"branch","line":129,"loc":{"start":{"line":129,"column":42},"end":{"line":129,"column":68}},"locations":[{"start":{"line":129,"column":42},"end":{"line":129,"column":68}}]},"39":{"type":"branch","line":129,"loc":{"start":{"line":129,"column":68},"end":{"line":129,"column":80}},"locations":[{"start":{"line":129,"column":68},"end":{"line":129,"column":80}}]},"40":{"type":"branch","line":130,"loc":{"start":{"line":130,"column":30},"end":{"line":130,"column":50}},"locations":[{"start":{"line":130,"column":30},"end":{"line":130,"column":50}}]},"41":{"type":"branch","line":130,"loc":{"start":{"line":130,"column":50},"end":{"line":130,"column":62}},"locations":[{"start":{"line":130,"column":50},"end":{"line":130,"column":62}}]},"42":{"type":"branch","line":131,"loc":{"start":{"line":131,"column":26},"end":{"line":131,"column":44}},"locations":[{"start":{"line":131,"column":26},"end":{"line":131,"column":44}}]},"43":{"type":"branch","line":131,"loc":{"start":{"line":131,"column":44},"end":{"line":131,"column":56}},"locations":[{"start":{"line":131,"column":44},"end":{"line":131,"column":56}}]},"44":{"type":"branch","line":132,"loc":{"start":{"line":132,"column":34},"end":{"line":132,"column":56}},"locations":[{"start":{"line":132,"column":34},"end":{"line":132,"column":56}}]},"45":{"type":"branch","line":132,"loc":{"start":{"line":132,"column":56},"end":{"line":132,"column":68}},"locations":[{"start":{"line":132,"column":56},"end":{"line":132,"column":68}}]},"46":{"type":"branch","line":135,"loc":{"start":{"line":135,"column":23},"end":{"line":200,"column":102}},"locations":[{"start":{"line":135,"column":23},"end":{"line":200,"column":102}}]},"47":{"type":"branch","line":135,"loc":{"start":{"line":135,"column":23},"end":{"line":174,"column":5}},"locations":[{"start":{"line":135,"column":23},"end":{"line":174,"column":5}}]},"48":{"type":"branch","line":136,"loc":{"start":{"line":136,"column":18},"end":{"line":138,"column":7}},"locations":[{"start":{"line":136,"column":18},"end":{"line":138,"column":7}}]},"49":{"type":"branch","line":138,"loc":{"start":{"line":138,"column":7},"end":{"line":173,"column":7}},"locations":[{"start":{"line":138,"column":7},"end":{"line":173,"column":7}}]},"50":{"type":"branch","line":151,"loc":{"start":{"line":151,"column":36},"end":{"line":151,"column":71}},"locations":[{"start":{"line":151,"column":36},"end":{"line":151,"column":71}}]},"51":{"type":"branch","line":165,"loc":{"start":{"line":165,"column":36},"end":{"line":167,"column":10}},"locations":[{"start":{"line":165,"column":36},"end":{"line":167,"column":10}}]},"52":{"type":"branch","line":174,"loc":{"start":{"line":174,"column":5},"end":{"line":176,"column":5}},"locations":[{"start":{"line":174,"column":5},"end":{"line":176,"column":5}}]},"53":{"type":"branch","line":176,"loc":{"start":{"line":176,"column":4},"end":{"line":188,"column":8}},"locations":[{"start":{"line":176,"column":4},"end":{"line":188,"column":8}}]},"54":{"type":"branch","line":176,"loc":{"start":{"line":176,"column":4},"end":{"line":181,"column":18}},"locations":[{"start":{"line":176,"column":4},"end":{"line":181,"column":18}}]},"55":{"type":"branch","line":181,"loc":{"start":{"line":181,"column":18},"end":{"line":183,"column":7}},"locations":[{"start":{"line":181,"column":18},"end":{"line":183,"column":7}}]},"56":{"type":"branch","line":183,"loc":{"start":{"line":183,"column":6},"end":{"line":188,"column":8}},"locations":[{"start":{"line":183,"column":6},"end":{"line":188,"column":8}}]},"57":{"type":"branch","line":188,"loc":{"start":{"line":188,"column":8},"end":{"line":195,"column":7}},"locations":[{"start":{"line":188,"column":8},"end":{"line":195,"column":7}}]},"58":{"type":"branch","line":195,"loc":{"start":{"line":195,"column":6},"end":{"line":200,"column":102}},"locations":[{"start":{"line":195,"column":6},"end":{"line":200,"column":102}}]},"59":{"type":"branch","line":200,"loc":{"start":{"line":200,"column":68},"end":{"line":200,"column":84}},"locations":[{"start":{"line":200,"column":68},"end":{"line":200,"column":84}}]},"60":{"type":"branch","line":200,"loc":{"start":{"line":200,"column":102},"end":{"line":200,"column":115}},"locations":[{"start":{"line":200,"column":102},"end":{"line":200,"column":115}}]},"61":{"type":"branch","line":208,"loc":{"start":{"line":208,"column":18},"end":{"line":227,"column":7}},"locations":[{"start":{"line":208,"column":18},"end":{"line":227,"column":7}}]},"62":{"type":"branch","line":208,"loc":{"start":{"line":208,"column":18},"end":{"line":220,"column":7}},"locations":[{"start":{"line":208,"column":18},"end":{"line":220,"column":7}}]},"63":{"type":"branch","line":220,"loc":{"start":{"line":220,"column":7},"end":{"line":227,"column":7}},"locations":[{"start":{"line":220,"column":7},"end":{"line":227,"column":7}}]},"64":{"type":"branch","line":224,"loc":{"start":{"line":224,"column":30},"end":{"line":226,"column":9}},"locations":[{"start":{"line":224,"column":30},"end":{"line":226,"column":9}}]},"65":{"type":"branch","line":228,"loc":{"start":{"line":228,"column":6},"end":{"line":252,"column":3}},"locations":[{"start":{"line":228,"column":6},"end":{"line":252,"column":3}}]},"66":{"type":"branch","line":228,"loc":{"start":{"line":228,"column":6},"end":{"line":234,"column":5}},"locations":[{"start":{"line":228,"column":6},"end":{"line":234,"column":5}}]},"67":{"type":"branch","line":234,"loc":{"start":{"line":234,"column":4},"end":{"line":238,"column":3}},"locations":[{"start":{"line":234,"column":4},"end":{"line":238,"column":3}}]},"68":{"type":"branch","line":239,"loc":{"start":{"line":239,"column":2},"end":{"line":252,"column":3}},"locations":[{"start":{"line":239,"column":2},"end":{"line":252,"column":3}}]},"69":{"type":"branch","line":240,"loc":{"start":{"line":240,"column":44},"end":{"line":240,"column":89}},"locations":[{"start":{"line":240,"column":44},"end":{"line":240,"column":89}}]},"70":{"type":"branch","line":240,"loc":{"start":{"line":240,"column":89},"end":{"line":240,"column":132}},"locations":[{"start":{"line":240,"column":89},"end":{"line":240,"column":132}}]},"71":{"type":"branch","line":240,"loc":{"start":{"line":240,"column":108},"end":{"line":240,"column":124}},"locations":[{"start":{"line":240,"column":108},"end":{"line":240,"column":124}}]},"72":{"type":"branch","line":240,"loc":{"start":{"line":240,"column":134},"end":{"line":242,"column":5}},"locations":[{"start":{"line":240,"column":134},"end":{"line":242,"column":5}}]},"73":{"type":"branch","line":242,"loc":{"start":{"line":242,"column":5},"end":{"line":248,"column":5}},"locations":[{"start":{"line":242,"column":5},"end":{"line":248,"column":5}}]},"74":{"type":"branch","line":242,"loc":{"start":{"line":242,"column":30},"end":{"line":242,"column":46}},"locations":[{"start":{"line":242,"column":30},"end":{"line":242,"column":46}}]},"75":{"type":"branch","line":242,"loc":{"start":{"line":242,"column":55},"end":{"line":248,"column":5}},"locations":[{"start":{"line":242,"column":55},"end":{"line":248,"column":5}}]},"76":{"type":"branch","line":242,"loc":{"start":{"line":242,"column":55},"end":{"line":244,"column":5}},"locations":[{"start":{"line":242,"column":55},"end":{"line":244,"column":5}}]},"77":{"type":"branch","line":244,"loc":{"start":{"line":244,"column":55},"end":{"line":248,"column":5}},"locations":[{"start":{"line":244,"column":55},"end":{"line":248,"column":5}}]},"78":{"type":"branch","line":244,"loc":{"start":{"line":244,"column":55},"end":{"line":246,"column":5}},"locations":[{"start":{"line":244,"column":55},"end":{"line":246,"column":5}}]},"79":{"type":"branch","line":255,"loc":{"start":{"line":255,"column":0},"end":{"line":289,"column":1}},"locations":[{"start":{"line":255,"column":0},"end":{"line":289,"column":1}}]},"80":{"type":"branch","line":262,"loc":{"start":{"line":262,"column":6},"end":{"line":263,"column":5}},"locations":[{"start":{"line":262,"column":6},"end":{"line":263,"column":5}}]},"81":{"type":"branch","line":265,"loc":{"start":{"line":265,"column":48},"end":{"line":285,"column":4}},"locations":[{"start":{"line":265,"column":48},"end":{"line":285,"column":4}}]},"82":{"type":"branch","line":271,"loc":{"start":{"line":271,"column":30},"end":{"line":277,"column":5}},"locations":[{"start":{"line":271,"column":30},"end":{"line":277,"column":5}}]},"83":{"type":"branch","line":276,"loc":{"start":{"line":276,"column":7},"end":{"line":277,"column":5}},"locations":[{"start":{"line":276,"column":7},"end":{"line":277,"column":5}}]},"84":{"type":"branch","line":277,"loc":{"start":{"line":277,"column":4},"end":{"line":285,"column":4}},"locations":[{"start":{"line":277,"column":4},"end":{"line":285,"column":4}}]},"85":{"type":"branch","line":285,"loc":{"start":{"line":285,"column":4},"end":{"line":288,"column":3}},"locations":[{"start":{"line":285,"column":4},"end":{"line":288,"column":3}}]},"86":{"type":"branch","line":291,"loc":{"start":{"line":291,"column":0},"end":{"line":305,"column":1}},"locations":[{"start":{"line":291,"column":0},"end":{"line":305,"column":1}}]},"87":{"type":"branch","line":297,"loc":{"start":{"line":297,"column":47},"end":{"line":304,"column":3}},"locations":[{"start":{"line":297,"column":47},"end":{"line":304,"column":3}}]},"88":{"type":"branch","line":297,"loc":{"start":{"line":297,"column":47},"end":{"line":299,"column":4}},"locations":[{"start":{"line":297,"column":47},"end":{"line":299,"column":4}}]},"89":{"type":"branch","line":299,"loc":{"start":{"line":299,"column":4},"end":{"line":304,"column":3}},"locations":[{"start":{"line":299,"column":4},"end":{"line":304,"column":3}}]},"90":{"type":"branch","line":300,"loc":{"start":{"line":300,"column":52},"end":{"line":302,"column":5}},"locations":[{"start":{"line":300,"column":52},"end":{"line":302,"column":5}}]},"91":{"type":"branch","line":302,"loc":{"start":{"line":302,"column":4},"end":{"line":304,"column":3}},"locations":[{"start":{"line":302,"column":4},"end":{"line":304,"column":3}}]},"92":{"type":"branch","line":307,"loc":{"start":{"line":307,"column":0},"end":{"line":333,"column":1}},"locations":[{"start":{"line":307,"column":0},"end":{"line":333,"column":1}}]},"93":{"type":"branch","line":308,"loc":{"start":{"line":308,"column":20},"end":{"line":308,"column":63}},"locations":[{"start":{"line":308,"column":20},"end":{"line":308,"column":63}}]},"94":{"type":"branch","line":308,"loc":{"start":{"line":308,"column":65},"end":{"line":310,"column":3}},"locations":[{"start":{"line":308,"column":65},"end":{"line":310,"column":3}}]},"95":{"type":"branch","line":310,"loc":{"start":{"line":310,"column":2},"end":{"line":315,"column":61}},"locations":[{"start":{"line":310,"column":2},"end":{"line":315,"column":61}}]},"96":{"type":"branch","line":315,"loc":{"start":{"line":315,"column":61},"end":{"line":330,"column":3}},"locations":[{"start":{"line":315,"column":61},"end":{"line":330,"column":3}}]},"97":{"type":"branch","line":317,"loc":{"start":{"line":317,"column":37},"end":{"line":325,"column":7}},"locations":[{"start":{"line":317,"column":37},"end":{"line":325,"column":7}}]},"98":{"type":"branch","line":318,"loc":{"start":{"line":318,"column":61},"end":{"line":318,"column":67}},"locations":[{"start":{"line":318,"column":61},"end":{"line":318,"column":67}}]},"99":{"type":"branch","line":321,"loc":{"start":{"line":321,"column":39},"end":{"line":324,"column":9}},"locations":[{"start":{"line":321,"column":39},"end":{"line":324,"column":9}}]},"100":{"type":"branch","line":325,"loc":{"start":{"line":325,"column":7},"end":{"line":328,"column":7}},"locations":[{"start":{"line":325,"column":7},"end":{"line":328,"column":7}}]},"101":{"type":"branch","line":325,"loc":{"start":{"line":325,"column":48},"end":{"line":328,"column":7}},"locations":[{"start":{"line":325,"column":48},"end":{"line":328,"column":7}}]},"102":{"type":"branch","line":330,"loc":{"start":{"line":330,"column":2},"end":{"line":333,"column":1}},"locations":[{"start":{"line":330,"column":2},"end":{"line":333,"column":1}}]},"103":{"type":"branch","line":335,"loc":{"start":{"line":335,"column":0},"end":{"line":367,"column":1}},"locations":[{"start":{"line":335,"column":0},"end":{"line":367,"column":1}}]},"104":{"type":"branch","line":338,"loc":{"start":{"line":338,"column":41},"end":{"line":341,"column":3}},"locations":[{"start":{"line":338,"column":41},"end":{"line":341,"column":3}}]},"105":{"type":"branch","line":352,"loc":{"start":{"line":352,"column":6},"end":{"line":355,"column":4}},"locations":[{"start":{"line":352,"column":6},"end":{"line":355,"column":4}}]},"106":{"type":"branch","line":355,"loc":{"start":{"line":355,"column":4},"end":{"line":366,"column":3}},"locations":[{"start":{"line":355,"column":4},"end":{"line":366,"column":3}}]},"107":{"type":"branch","line":356,"loc":{"start":{"line":356,"column":39},"end":{"line":358,"column":5}},"locations":[{"start":{"line":356,"column":39},"end":{"line":358,"column":5}}]},"108":{"type":"branch","line":358,"loc":{"start":{"line":358,"column":5},"end":{"line":365,"column":5}},"locations":[{"start":{"line":358,"column":5},"end":{"line":365,"column":5}}]},"109":{"type":"branch","line":358,"loc":{"start":{"line":358,"column":59},"end":{"line":360,"column":5}},"locations":[{"start":{"line":358,"column":59},"end":{"line":360,"column":5}}]},"110":{"type":"branch","line":360,"loc":{"start":{"line":360,"column":5},"end":{"line":365,"column":5}},"locations":[{"start":{"line":360,"column":5},"end":{"line":365,"column":5}}]},"111":{"type":"branch","line":360,"loc":{"start":{"line":360,"column":30},"end":{"line":360,"column":72}},"locations":[{"start":{"line":360,"column":30},"end":{"line":360,"column":72}}]},"112":{"type":"branch","line":360,"loc":{"start":{"line":360,"column":74},"end":{"line":365,"column":5}},"locations":[{"start":{"line":360,"column":74},"end":{"line":365,"column":5}}]},"113":{"type":"branch","line":369,"loc":{"start":{"line":369,"column":0},"end":{"line":393,"column":1}},"locations":[{"start":{"line":369,"column":0},"end":{"line":393,"column":1}}]},"114":{"type":"branch","line":370,"loc":{"start":{"line":370,"column":20},"end":{"line":370,"column":43}},"locations":[{"start":{"line":370,"column":20},"end":{"line":370,"column":43}}]},"115":{"type":"branch","line":370,"loc":{"start":{"line":370,"column":43},"end":{"line":370,"column":59}},"locations":[{"start":{"line":370,"column":43},"end":{"line":370,"column":59}}]},"116":{"type":"branch","line":370,"loc":{"start":{"line":370,"column":61},"end":{"line":372,"column":3}},"locations":[{"start":{"line":370,"column":61},"end":{"line":372,"column":3}}]},"117":{"type":"branch","line":372,"loc":{"start":{"line":372,"column":2},"end":{"line":374,"column":28}},"locations":[{"start":{"line":372,"column":2},"end":{"line":374,"column":28}}]},"118":{"type":"branch","line":374,"loc":{"start":{"line":374,"column":28},"end":{"line":381,"column":3}},"locations":[{"start":{"line":374,"column":28},"end":{"line":381,"column":3}}]},"119":{"type":"branch","line":375,"loc":{"start":{"line":375,"column":31},"end":{"line":379,"column":5}},"locations":[{"start":{"line":375,"column":31},"end":{"line":379,"column":5}}]},"120":{"type":"branch","line":376,"loc":{"start":{"line":376,"column":34},"end":{"line":378,"column":7}},"locations":[{"start":{"line":376,"column":34},"end":{"line":378,"column":7}}]},"121":{"type":"branch","line":379,"loc":{"start":{"line":379,"column":4},"end":{"line":381,"column":3}},"locations":[{"start":{"line":379,"column":4},"end":{"line":381,"column":3}}]},"122":{"type":"branch","line":381,"loc":{"start":{"line":381,"column":2},"end":{"line":383,"column":33}},"locations":[{"start":{"line":381,"column":2},"end":{"line":383,"column":33}}]},"123":{"type":"branch","line":383,"loc":{"start":{"line":383,"column":33},"end":{"line":390,"column":3}},"locations":[{"start":{"line":383,"column":33},"end":{"line":390,"column":3}}]},"124":{"type":"branch","line":384,"loc":{"start":{"line":384,"column":49},"end":{"line":388,"column":5}},"locations":[{"start":{"line":384,"column":49},"end":{"line":388,"column":5}}]},"125":{"type":"branch","line":385,"loc":{"start":{"line":385,"column":37},"end":{"line":387,"column":7}},"locations":[{"start":{"line":385,"column":37},"end":{"line":387,"column":7}}]},"126":{"type":"branch","line":388,"loc":{"start":{"line":388,"column":4},"end":{"line":390,"column":3}},"locations":[{"start":{"line":388,"column":4},"end":{"line":390,"column":3}}]},"127":{"type":"branch","line":390,"loc":{"start":{"line":390,"column":2},"end":{"line":393,"column":1}},"locations":[{"start":{"line":390,"column":2},"end":{"line":393,"column":1}}]},"128":{"type":"branch","line":395,"loc":{"start":{"line":395,"column":0},"end":{"line":405,"column":1}},"locations":[{"start":{"line":395,"column":0},"end":{"line":405,"column":1}}]},"129":{"type":"branch","line":396,"loc":{"start":{"line":396,"column":27},"end":{"line":398,"column":3}},"locations":[{"start":{"line":396,"column":27},"end":{"line":398,"column":3}}]},"130":{"type":"branch","line":398,"loc":{"start":{"line":398,"column":2},"end":{"line":400,"column":28}},"locations":[{"start":{"line":398,"column":2},"end":{"line":400,"column":28}}]},"131":{"type":"branch","line":400,"loc":{"start":{"line":400,"column":28},"end":{"line":402,"column":3}},"locations":[{"start":{"line":400,"column":28},"end":{"line":402,"column":3}}]},"132":{"type":"branch","line":402,"loc":{"start":{"line":402,"column":2},"end":{"line":405,"column":1}},"locations":[{"start":{"line":402,"column":2},"end":{"line":405,"column":1}}]},"133":{"type":"branch","line":401,"loc":{"start":{"line":401,"column":24},"end":{"line":401,"column":45}},"locations":[{"start":{"line":401,"column":24},"end":{"line":401,"column":45}}]},"134":{"type":"branch","line":407,"loc":{"start":{"line":407,"column":0},"end":{"line":423,"column":1}},"locations":[{"start":{"line":407,"column":0},"end":{"line":423,"column":1}}]},"135":{"type":"branch","line":408,"loc":{"start":{"line":408,"column":12},"end":{"line":408,"column":23}},"locations":[{"start":{"line":408,"column":12},"end":{"line":408,"column":23}}]},"136":{"type":"branch","line":413,"loc":{"start":{"line":413,"column":31},"end":{"line":413,"column":62}},"locations":[{"start":{"line":413,"column":31},"end":{"line":413,"column":62}}]},"137":{"type":"branch","line":413,"loc":{"start":{"line":413,"column":62},"end":{"line":413,"column":88}},"locations":[{"start":{"line":413,"column":62},"end":{"line":413,"column":88}}]},"138":{"type":"branch","line":413,"loc":{"start":{"line":413,"column":90},"end":{"line":415,"column":3}},"locations":[{"start":{"line":413,"column":90},"end":{"line":415,"column":3}}]},"139":{"type":"branch","line":414,"loc":{"start":{"line":414,"column":29},"end":{"line":414,"column":34}},"locations":[{"start":{"line":414,"column":29},"end":{"line":414,"column":34}}]},"140":{"type":"branch","line":415,"loc":{"start":{"line":415,"column":2},"end":{"line":419,"column":4}},"locations":[{"start":{"line":415,"column":2},"end":{"line":419,"column":4}}]},"141":{"type":"branch","line":419,"loc":{"start":{"line":419,"column":4},"end":{"line":422,"column":3}},"locations":[{"start":{"line":419,"column":4},"end":{"line":422,"column":3}}]}},"b":{"0":[0],"1":[20],"2":[19],"3":[2],"4":[18],"5":[1],"6":[0],"7":[19],"8":[18],"9":[17],"10":[11],"11":[6],"12":[1],"13":[5],"14":[2],"15":[3],"16":[2],"17":[0],"18":[1],"19":[0],"20":[3],"21":[1],"22":[4],"23":[2],"24":[3],"25":[15],"26":[5],"27":[0],"28":[1],"29":[4],"30":[1],"31":[4],"32":[0],"33":[5],"34":[1],"35":[4],"36":[0],"37":[5],"38":[0],"39":[5],"40":[0],"41":[5],"42":[0],"43":[5],"44":[0],"45":[5],"46":[15],"47":[5],"48":[3],"49":[2],"50":[0],"51":[0],"52":[0],"53":[13],"54":[5],"55":[3],"56":[5],"57":[0],"58":[5],"59":[0],"60":[0],"61":[15],"62":[3],"63":[2],"64":[0],"65":[15],"66":[2],"67":[3],"68":[7],"69":[6],"70":[5],"71":[3],"72":[2],"73":[5],"74":[3],"75":[3],"76":[2],"77":[2],"78":[1],"79":[8],"80":[0],"81":[7],"82":[12],"83":[11],"84":[5],"85":[4],"86":[22],"87":[21],"88":[7],"89":[15],"90":[8],"91":[7],"92":[24],"93":[22],"94":[3],"95":[21],"96":[29],"97":[7],"98":[0],"99":[5],"100":[22],"101":[10],"102":[6],"103":[7],"104":[1],"105":[3],"106":[4],"107":[1],"108":[3],"109":[1],"110":[2],"111":[1],"112":[1],"113":[932],"114":[916],"115":[784],"116":[168],"117":[764],"118":[43],"119":[45],"120":[38],"121":[5],"122":[721],"123":[138],"124":[140],"125":[130],"126":[8],"127":[583],"128":[570],"129":[149],"130":[421],"131":[26],"132":[395],"133":[163],"134":[55],"135":[0],"136":[53],"137":[53],"138":[2],"139":[0],"140":[53],"141":[0]},"fnMap":{"0":{"name":"run","decl":{"start":{"line":8,"column":0},"end":{"line":253,"column":1}},"loc":{"start":{"line":8,"column":0},"end":{"line":253,"column":1}},"line":8},"1":{"name":"packageCodeArtifacts","decl":{"start":{"line":255,"column":0},"end":{"line":289,"column":1}},"loc":{"start":{"line":255,"column":0},"end":{"line":289,"column":1}},"line":255},"2":{"name":"checkFunctionExists","decl":{"start":{"line":291,"column":0},"end":{"line":305,"column":1}},"loc":{"start":{"line":291,"column":0},"end":{"line":305,"column":1}},"line":291},"3":{"name":"hasConfigurationChanged","decl":{"start":{"line":307,"column":0},"end":{"line":333,"column":1}},"loc":{"start":{"line":307,"column":0},"end":{"line":333,"column":1}},"line":307},"4":{"name":"waitForFunctionUpdated","decl":{"start":{"line":335,"column":0},"end":{"line":367,"column":1}},"loc":{"start":{"line":335,"column":0},"end":{"line":367,"column":1}},"line":335},"5":{"name":"isEmptyValue","decl":{"start":{"line":369,"column":0},"end":{"line":393,"column":1}},"loc":{"start":{"line":369,"column":0},"end":{"line":393,"column":1}},"line":369},"6":{"name":"emptyValueReplacer","decl":{"start":{"line":395,"column":0},"end":{"line":405,"column":1}},"loc":{"start":{"line":395,"column":0},"end":{"line":405,"column":1}},"line":395},"7":{"name":"cleanNullKeys","decl":{"start":{"line":407,"column":0},"end":{"line":423,"column":1}},"loc":{"start":{"line":407,"column":0},"end":{"line":423,"column":1}},"line":407}},"f":{"0":20,"1":8,"2":22,"3":24,"4":7,"5":932,"6":570,"7":55}}
,"/Users/wuychloe/Desktop/action/src/LambdaGitHubAction/validations.js": {"path":"/Users/wuychloe/Desktop/action/src/LambdaGitHubAction/validations.js","all":false,"statementMap":{"0":{"start":{"line":1,"column":0},"end":{"line":1,"column":38}},"1":{"start":{"line":2,"column":0},"end":{"line":2,"column":0}},"2":{"start":{"line":3,"column":0},"end":{"line":3,"column":34}},"3":{"start":{"line":4,"column":0},"end":{"line":4,"column":100}},"4":{"start":{"line":5,"column":0},"end":{"line":5,"column":59}},"5":{"start":{"line":6,"column":0},"end":{"line":6,"column":103}},"6":{"start":{"line":7,"column":0},"end":{"line":7,"column":28}},"7":{"start":{"line":8,"column":0},"end":{"line":8,"column":3}},"8":{"start":{"line":9,"column":0},"end":{"line":9,"column":0}},"9":{"start":{"line":10,"column":0},"end":{"line":10,"column":71}},"10":{"start":{"line":11,"column":0},"end":{"line":11,"column":23}},"11":{"start":{"line":12,"column":0},"end":{"line":12,"column":26}},"12":{"start":{"line":13,"column":0},"end":{"line":13,"column":44}},"13":{"start":{"line":14,"column":0},"end":{"line":14,"column":88}},"14":{"start":{"line":15,"column":0},"end":{"line":15,"column":93}},"15":{"start":{"line":16,"column":0},"end":{"line":16,"column":30}},"16":{"start":{"line":17,"column":0},"end":{"line":17,"column":5}},"17":{"start":{"line":18,"column":0},"end":{"line":18,"column":3}},"18":{"start":{"line":19,"column":0},"end":{"line":19,"column":0}},"19":{"start":{"line":20,"column":0},"end":{"line":20,"column":79}},"20":{"start":{"line":21,"column":0},"end":{"line":21,"column":37}},"21":{"start":{"line":22,"column":0},"end":{"line":22,"column":81}},"22":{"start":{"line":23,"column":0},"end":{"line":23,"column":28}},"23":{"start":{"line":24,"column":0},"end":{"line":24,"column":3}},"24":{"start":{"line":25,"column":0},"end":{"line":25,"column":0}},"25":{"start":{"line":26,"column":0},"end":{"line":26,"column":11}},"26":{"start":{"line":27,"column":0},"end":{"line":27,"column":17}},"27":{"start":{"line":28,"column":0},"end":{"line":28,"column":22}},"28":{"start":{"line":29,"column":0},"end":{"line":29,"column":22}},"29":{"start":{"line":30,"column":0},"end":{"line":30,"column":12}},"30":{"start":{"line":31,"column":0},"end":{"line":31,"column":4}},"31":{"start":{"line":32,"column":0},"end":{"line":32,"column":1}},"32":{"start":{"line":33,"column":0},"end":{"line":33,"column":0}},"33":{"start":{"line":34,"column":0},"end":{"line":34,"column":35}},"34":{"start":{"line":35,"column":0},"end":{"line":35,"column":74}},"35":{"start":{"line":36,"column":0},"end":{"line":36,"column":22}},"36":{"start":{"line":37,"column":0},"end":{"line":37,"column":53}},"37":{"start":{"line":38,"column":0},"end":{"line":38,"column":28}},"38":{"start":{"line":39,"column":0},"end":{"line":39,"column":3}},"39":{"start":{"line":40,"column":0},"end":{"line":40,"column":0}},"40":{"start":{"line":41,"column":0},"end":{"line":41,"column":61}},"41":{"start":{"line":42,"column":0},"end":{"line":42,"column":16}},"42":{"start":{"line":43,"column":0},"end":{"line":43,"column":46}},"43":{"start":{"line":44,"column":0},"end":{"line":44,"column":28}},"44":{"start":{"line":45,"column":0},"end":{"line":45,"column":3}},"45":{"start":{"line":46,"column":0},"end":{"line":46,"column":0}},"46":{"start":{"line":47,"column":0},"end":{"line":47,"column":53}},"47":{"start":{"line":48,"column":0},"end":{"line":48,"column":63}},"48":{"start":{"line":49,"column":0},"end":{"line":49,"column":42}},"49":{"start":{"line":50,"column":0},"end":{"line":50,"column":82}},"50":{"start":{"line":51,"column":0},"end":{"line":51,"column":28}},"51":{"start":{"line":52,"column":0},"end":{"line":52,"column":3}},"52":{"start":{"line":53,"column":0},"end":{"line":53,"column":0}},"53":{"start":{"line":54,"column":0},"end":{"line":54,"column":11}},"54":{"start":{"line":55,"column":0},"end":{"line":55,"column":17}},"55":{"start":{"line":56,"column":0},"end":{"line":56,"column":18}},"56":{"start":{"line":57,"column":0},"end":{"line":57,"column":12}},"57":{"start":{"line":58,"column":0},"end":{"line":58,"column":17}},"58":{"start":{"line":59,"column":0},"end":{"line":59,"column":21}},"59":{"start":{"line":60,"column":0},"end":{"line":60,"column":4}},"60":{"start":{"line":61,"column":0},"end":{"line":61,"column":1}},"61":{"start":{"line":62,"column":0},"end":{"line":62,"column":0}},"62":{"start":{"line":63,"column":0},"end":{"line":63,"column":30}},"63":{"start":{"line":64,"column":0},"end":{"line":64,"column":58}},"64":{"start":{"line":65,"column":0},"end":{"line":65,"column":93}},"65":{"start":{"line":66,"column":0},"end":{"line":66,"column":70}},"66":{"start":{"line":67,"column":0},"end":{"line":67,"column":83}},"67":{"start":{"line":68,"column":0},"end":{"line":68,"column":2}},"68":{"start":{"line":69,"column":0},"end":{"line":69,"column":39}},"69":{"start":{"line":70,"column":0},"end":{"line":70,"column":28}},"70":{"start":{"line":71,"column":0},"end":{"line":71,"column":3}},"71":{"start":{"line":72,"column":0},"end":{"line":72,"column":2}},"72":{"start":{"line":73,"column":0},"end":{"line":73,"column":84}},"73":{"start":{"line":74,"column":0},"end":{"line":74,"column":28}},"74":{"start":{"line":75,"column":0},"end":{"line":75,"column":3}},"75":{"start":{"line":76,"column":0},"end":{"line":76,"column":2}},"76":{"start":{"line":77,"column":0},"end":{"line":77,"column":51}},"77":{"start":{"line":78,"column":0},"end":{"line":78,"column":28}},"78":{"start":{"line":79,"column":0},"end":{"line":79,"column":3}},"79":{"start":{"line":80,"column":0},"end":{"line":80,"column":2}},"80":{"start":{"line":81,"column":0},"end":{"line":81,"column":63}},"81":{"start":{"line":82,"column":0},"end":{"line":82,"column":28}},"82":{"start":{"line":83,"column":0},"end":{"line":83,"column":3}},"83":{"start":{"line":84,"column":0},"end":{"line":84,"column":0}},"84":{"start":{"line":85,"column":0},"end":{"line":85,"column":10}},"85":{"start":{"line":86,"column":0},"end":{"line":86,"column":16}},"86":{"start":{"line":87,"column":0},"end":{"line":87,"column":9}},"87":{"start":{"line":88,"column":0},"end":{"line":88,"column":25}},"88":{"start":{"line":89,"column":0},"end":{"line":89,"column":14}},"89":{"start":{"line":90,"column":0},"end":{"line":90,"column":19}},"90":{"start":{"line":91,"column":0},"end":{"line":91,"column":4}},"91":{"start":{"line":92,"column":0},"end":{"line":92,"column":1}},"92":{"start":{"line":93,"column":0},"end":{"line":93,"column":0}},"93":{"start":{"line":94,"column":0},"end":{"line":94,"column":31}},"94":{"start":{"line":95,"column":0},"end":{"line":95,"column":72}},"95":{"start":{"line":96,"column":0},"end":{"line":96,"column":69}},"96":{"start":{"line":97,"column":0},"end":{"line":97,"column":84}},"97":{"start":{"line":98,"column":0},"end":{"line":98,"column":77}},"98":{"start":{"line":99,"column":0},"end":{"line":99,"column":62}},"99":{"start":{"line":100,"column":0},"end":{"line":100,"column":86}},"100":{"start":{"line":101,"column":0},"end":{"line":101,"column":73}},"101":{"start":{"line":102,"column":0},"end":{"line":102,"column":69}},"102":{"start":{"line":103,"column":0},"end":{"line":103,"column":77}},"103":{"start":{"line":104,"column":0},"end":{"line":104,"column":58}},"104":{"start":{"line":105,"column":0},"end":{"line":105,"column":2}},"105":{"start":{"line":106,"column":0},"end":{"line":106,"column":86}},"106":{"start":{"line":107,"column":0},"end":{"line":107,"column":78}},"107":{"start":{"line":108,"column":0},"end":{"line":108,"column":36}},"108":{"start":{"line":109,"column":0},"end":{"line":109,"column":0}},"109":{"start":{"line":110,"column":0},"end":{"line":110,"column":7}},"110":{"start":{"line":111,"column":0},"end":{"line":111,"column":22}},"111":{"start":{"line":112,"column":0},"end":{"line":112,"column":69}},"112":{"start":{"line":113,"column":0},"end":{"line":113,"column":5}},"113":{"start":{"line":114,"column":0},"end":{"line":114,"column":4}},"114":{"start":{"line":115,"column":0},"end":{"line":115,"column":20}},"115":{"start":{"line":116,"column":0},"end":{"line":116,"column":64}},"116":{"start":{"line":117,"column":0},"end":{"line":117,"column":84}},"117":{"start":{"line":118,"column":0},"end":{"line":118,"column":75}},"118":{"start":{"line":119,"column":0},"end":{"line":119,"column":7}},"119":{"start":{"line":120,"column":0},"end":{"line":120,"column":98}},"120":{"start":{"line":121,"column":0},"end":{"line":121,"column":82}},"121":{"start":{"line":122,"column":0},"end":{"line":122,"column":7}},"122":{"start":{"line":123,"column":0},"end":{"line":123,"column":5}},"123":{"start":{"line":124,"column":0},"end":{"line":124,"column":4}},"124":{"start":{"line":125,"column":0},"end":{"line":125,"column":27}},"125":{"start":{"line":126,"column":0},"end":{"line":126,"column":86}},"126":{"start":{"line":127,"column":0},"end":{"line":127,"column":46}},"127":{"start":{"line":128,"column":0},"end":{"line":128,"column":71}},"128":{"start":{"line":129,"column":0},"end":{"line":129,"column":7}},"129":{"start":{"line":130,"column":0},"end":{"line":130,"column":5}},"130":{"start":{"line":131,"column":0},"end":{"line":131,"column":4}},"131":{"start":{"line":132,"column":0},"end":{"line":132,"column":24}},"132":{"start":{"line":133,"column":0},"end":{"line":133,"column":76}},"133":{"start":{"line":134,"column":0},"end":{"line":134,"column":103}},"134":{"start":{"line":135,"column":0},"end":{"line":135,"column":81}},"135":{"start":{"line":136,"column":0},"end":{"line":136,"column":7}},"136":{"start":{"line":137,"column":0},"end":{"line":137,"column":5}},"137":{"start":{"line":138,"column":0},"end":{"line":138,"column":4}},"138":{"start":{"line":139,"column":0},"end":{"line":139,"column":17}},"139":{"start":{"line":140,"column":0},"end":{"line":140,"column":54}},"140":{"start":{"line":141,"column":0},"end":{"line":141,"column":41}},"141":{"start":{"line":142,"column":0},"end":{"line":142,"column":65}},"142":{"start":{"line":143,"column":0},"end":{"line":143,"column":7}},"143":{"start":{"line":144,"column":0},"end":{"line":144,"column":5}},"144":{"start":{"line":145,"column":0},"end":{"line":145,"column":4}},"145":{"start":{"line":146,"column":0},"end":{"line":146,"column":28}},"146":{"start":{"line":147,"column":0},"end":{"line":147,"column":89}},"147":{"start":{"line":148,"column":0},"end":{"line":148,"column":52}},"148":{"start":{"line":149,"column":0},"end":{"line":149,"column":64}},"149":{"start":{"line":150,"column":0},"end":{"line":150,"column":7}},"150":{"start":{"line":151,"column":0},"end":{"line":151,"column":53}},"151":{"start":{"line":152,"column":0},"end":{"line":152,"column":52}},"152":{"start":{"line":153,"column":0},"end":{"line":153,"column":93}},"153":{"start":{"line":154,"column":0},"end":{"line":154,"column":9}},"154":{"start":{"line":155,"column":0},"end":{"line":155,"column":7}},"155":{"start":{"line":156,"column":0},"end":{"line":156,"column":5}},"156":{"start":{"line":157,"column":0},"end":{"line":157,"column":4}},"157":{"start":{"line":158,"column":0},"end":{"line":158,"column":22}},"158":{"start":{"line":159,"column":0},"end":{"line":159,"column":70}},"159":{"start":{"line":160,"column":0},"end":{"line":160,"column":5}},"160":{"start":{"line":161,"column":0},"end":{"line":161,"column":4}},"161":{"start":{"line":162,"column":0},"end":{"line":162,"column":20}},"162":{"start":{"line":163,"column":0},"end":{"line":163,"column":64}},"163":{"start":{"line":164,"column":0},"end":{"line":164,"column":105}},"164":{"start":{"line":165,"column":0},"end":{"line":165,"column":84}},"165":{"start":{"line":166,"column":0},"end":{"line":166,"column":7}},"166":{"start":{"line":167,"column":0},"end":{"line":167,"column":5}},"167":{"start":{"line":168,"column":0},"end":{"line":168,"column":4}},"168":{"start":{"line":169,"column":0},"end":{"line":169,"column":24}},"169":{"start":{"line":170,"column":0},"end":{"line":170,"column":76}},"170":{"start":{"line":171,"column":0},"end":{"line":171,"column":5}},"171":{"start":{"line":172,"column":0},"end":{"line":172,"column":4}},"172":{"start":{"line":173,"column":0},"end":{"line":173,"column":15}},"173":{"start":{"line":174,"column":0},"end":{"line":174,"column":48}},"174":{"start":{"line":175,"column":0},"end":{"line":175,"column":72}},"175":{"start":{"line":176,"column":0},"end":{"line":176,"column":69}},"176":{"start":{"line":177,"column":0},"end":{"line":177,"column":7}},"177":{"start":{"line":178,"column":0},"end":{"line":178,"column":5}},"178":{"start":{"line":179,"column":0},"end":{"line":179,"column":19}},"179":{"start":{"line":180,"column":0},"end":{"line":180,"column":63}},"180":{"start":{"line":181,"column":0},"end":{"line":181,"column":28}},"181":{"start":{"line":182,"column":0},"end":{"line":182,"column":3}},"182":{"start":{"line":183,"column":0},"end":{"line":183,"column":0}},"183":{"start":{"line":184,"column":0},"end":{"line":184,"column":10}},"184":{"start":{"line":185,"column":0},"end":{"line":185,"column":16}},"185":{"start":{"line":186,"column":0},"end":{"line":186,"column":16}},"186":{"start":{"line":187,"column":0},"end":{"line":187,"column":14}},"187":{"start":{"line":188,"column":0},"end":{"line":188,"column":21}},"188":{"start":{"line":189,"column":0},"end":{"line":189,"column":18}},"189":{"start":{"line":190,"column":0},"end":{"line":190,"column":11}},"190":{"start":{"line":191,"column":0},"end":{"line":191,"column":23}},"191":{"start":{"line":192,"column":0},"end":{"line":192,"column":16}},"192":{"start":{"line":193,"column":0},"end":{"line":193,"column":14}},"193":{"start":{"line":194,"column":0},"end":{"line":194,"column":18}},"194":{"start":{"line":195,"column":0},"end":{"line":195,"column":9}},"195":{"start":{"line":196,"column":0},"end":{"line":196,"column":22}},"196":{"start":{"line":197,"column":0},"end":{"line":197,"column":20}},"197":{"start":{"line":198,"column":0},"end":{"line":198,"column":27}},"198":{"start":{"line":199,"column":0},"end":{"line":199,"column":24}},"199":{"start":{"line":200,"column":0},"end":{"line":200,"column":17}},"200":{"start":{"line":201,"column":0},"end":{"line":201,"column":28}},"201":{"start":{"line":202,"column":0},"end":{"line":202,"column":23}},"202":{"start":{"line":203,"column":0},"end":{"line":203,"column":20}},"203":{"start":{"line":204,"column":0},"end":{"line":204,"column":24}},"204":{"start":{"line":205,"column":0},"end":{"line":205,"column":14}},"205":{"start":{"line":206,"column":0},"end":{"line":206,"column":4}},"206":{"start":{"line":207,"column":0},"end":{"line":207,"column":1}},"207":{"start":{"line":208,"column":0},"end":{"line":208,"column":0}},"208":{"start":{"line":209,"column":0},"end":{"line":209,"column":32}},"209":{"start":{"line":210,"column":0},"end":{"line":210,"column":89}},"210":{"start":{"line":211,"column":0},"end":{"line":211,"column":28}},"211":{"start":{"line":212,"column":0},"end":{"line":212,"column":79}},"212":{"start":{"line":213,"column":0},"end":{"line":213,"column":79}},"213":{"start":{"line":214,"column":0},"end":{"line":214,"column":71}},"214":{"start":{"line":215,"column":0},"end":{"line":215,"column":80}},"215":{"start":{"line":216,"column":0},"end":{"line":216,"column":64}},"216":{"start":{"line":217,"column":0},"end":{"line":217,"column":88}},"217":{"start":{"line":218,"column":0},"end":{"line":218,"column":0}},"218":{"start":{"line":219,"column":0},"end":{"line":219,"column":10}},"219":{"start":{"line":220,"column":0},"end":{"line":220,"column":24}},"220":{"start":{"line":221,"column":0},"end":{"line":221,"column":16}},"221":{"start":{"line":222,"column":0},"end":{"line":222,"column":11}},"222":{"start":{"line":223,"column":0},"end":{"line":223,"column":12}},"223":{"start":{"line":224,"column":0},"end":{"line":224,"column":15}},"224":{"start":{"line":225,"column":0},"end":{"line":225,"column":12}},"225":{"start":{"line":226,"column":0},"end":{"line":226,"column":12}},"226":{"start":{"line":227,"column":0},"end":{"line":227,"column":17}},"227":{"start":{"line":228,"column":0},"end":{"line":228,"column":4}},"228":{"start":{"line":229,"column":0},"end":{"line":229,"column":1}},"229":{"start":{"line":230,"column":0},"end":{"line":230,"column":0}},"230":{"start":{"line":231,"column":0},"end":{"line":231,"column":48}},"231":{"start":{"line":232,"column":0},"end":{"line":232,"column":7}},"232":{"start":{"line":233,"column":0},"end":{"line":233,"column":34}},"233":{"start":{"line":234,"column":0},"end":{"line":234,"column":19}},"234":{"start":{"line":235,"column":0},"end":{"line":235,"column":76}},"235":{"start":{"line":236,"column":0},"end":
[...]
e":3,"column":0},"end":{"line":32,"column":1}}]},"1":{"type":"branch","line":4,"loc":{"start":{"line":4,"column":92},"end":{"line":4,"column":99}},"locations":[{"start":{"line":4,"column":92},"end":{"line":4,"column":99}}]},"2":{"type":"branch","line":5,"loc":{"start":{"line":5,"column":28},"end":{"line":5,"column":56}},"locations":[{"start":{"line":5,"column":28},"end":{"line":5,"column":56}}]},"3":{"type":"branch","line":5,"loc":{"start":{"line":5,"column":58},"end":{"line":8,"column":3}},"locations":[{"start":{"line":5,"column":58},"end":{"line":8,"column":3}}]},"4":{"type":"branch","line":8,"loc":{"start":{"line":8,"column":2},"end":{"line":12,"column":25}},"locations":[{"start":{"line":8,"column":2},"end":{"line":12,"column":25}}]},"5":{"type":"branch","line":12,"loc":{"start":{"line":12,"column":25},"end":{"line":18,"column":3}},"locations":[{"start":{"line":12,"column":25},"end":{"line":18,"column":3}}]},"6":{"type":"branch","line":14,"loc":{"start":{"line":14,"column":57},"end":{"line":14,"column":85}},"locations":[{"start":{"line":14,"column":57},"end":{"line":14,"column":85}}]},"7":{"type":"branch","line":14,"loc":{"start":{"line":14,"column":87},"end":{"line":17,"column":5}},"locations":[{"start":{"line":14,"column":87},"end":{"line":17,"column":5}}]},"8":{"type":"branch","line":18,"loc":{"start":{"line":18,"column":2},"end":{"line":20,"column":77}},"locations":[{"start":{"line":18,"column":2},"end":{"line":20,"column":77}}]},"9":{"type":"branch","line":20,"loc":{"start":{"line":20,"column":73},"end":{"line":20,"column":78}},"locations":[{"start":{"line":20,"column":73},"end":{"line":20,"column":78}}]},"10":{"type":"branch","line":21,"loc":{"start":{"line":21,"column":17},"end":{"line":21,"column":34}},"locations":[{"start":{"line":21,"column":17},"end":{"line":21,"column":34}}]},"11":{"type":"branch","line":21,"loc":{"start":{"line":21,"column":36},"end":{"line":24,"column":3}},"locations":[{"start":{"line":21,"column":36},"end":{"line":24,"column":3}}]},"12":{"type":"branch","line":24,"loc":{"start":{"line":24,"column":2},"end":{"line":32,"column":1}},"locations":[{"start":{"line":24,"column":2},"end":{"line":32,"column":1}}]},"13":{"type":"branch","line":34,"loc":{"start":{"line":34,"column":0},"end":{"line":61,"column":1}},"locations":[{"start":{"line":34,"column":0},"end":{"line":61,"column":1}}]},"14":{"type":"branch","line":36,"loc":{"start":{"line":36,"column":21},"end":{"line":39,"column":3}},"locations":[{"start":{"line":36,"column":21},"end":{"line":39,"column":3}}]},"15":{"type":"branch","line":39,"loc":{"start":{"line":39,"column":2},"end":{"line":42,"column":15}},"locations":[{"start":{"line":39,"column":2},"end":{"line":42,"column":15}}]},"16":{"type":"branch","line":42,"loc":{"start":{"line":42,"column":15},"end":{"line":45,"column":3}},"locations":[{"start":{"line":42,"column":15},"end":{"line":45,"column":3}}]},"17":{"type":"branch","line":45,"loc":{"start":{"line":45,"column":2},"end":{"line":49,"column":22}},"locations":[{"start":{"line":45,"column":2},"end":{"line":49,"column":22}}]},"18":{"type":"branch","line":49,"loc":{"start":{"line":49,"column":18},"end":{"line":49,"column":39}},"locations":[{"start":{"line":49,"column":18},"end":{"line":49,"column":39}}]},"19":{"type":"branch","line":49,"loc":{"start":{"line":49,"column":41},"end":{"line":52,"column":3}},"locations":[{"start":{"line":49,"column":41},"end":{"line":52,"column":3}}]},"20":{"type":"branch","line":52,"loc":{"start":{"line":52,"column":2},"end":{"line":61,"column":1}},"locations":[{"start":{"line":52,"column":2},"end":{"line":61,"column":1}}]},"21":{"type":"branch","line":63,"loc":{"start":{"line":63,"column":0},"end":{"line":92,"column":1}},"locations":[{"start":{"line":63,"column":0},"end":{"line":92,"column":1}}]},"22":{"type":"branch","line":69,"loc":{"start":{"line":69,"column":10},"end":{"line":69,"column":36}},"locations":[{"start":{"line":69,"column":10},"end":{"line":69,"column":36}}]},"23":{"type":"branch","line":69,"loc":{"start":{"line":69,"column":38},"end":{"line":71,"column":3}},"locations":[{"start":{"line":69,"column":38},"end":{"line":71,"column":3}}]},"24":{"type":"branch","line":73,"loc":{"start":{"line":73,"column":26},"end":{"line":73,"column":81}},"locations":[{"start":{"line":73,"column":26},"end":{"line":73,"column":81}}]},"25":{"type":"branch","line":73,"loc":{"start":{"line":73,"column":83},"end":{"line":75,"column":3}},"locations":[{"start":{"line":73,"column":83},"end":{"line":75,"column":3}}]},"26":{"type":"branch","line":77,"loc":{"start":{"line":77,"column":15},"end":{"line":77,"column":48}},"locations":[{"start":{"line":77,"column":15},"end":{"line":77,"column":48}}]},"27":{"type":"branch","line":77,"loc":{"start":{"line":77,"column":50},"end":{"line":79,"column":3}},"locations":[{"start":{"line":77,"column":50},"end":{"line":79,"column":3}}]},"28":{"type":"branch","line":81,"loc":{"start":{"line":81,"column":21},"end":{"line":81,"column":60}},"locations":[{"start":{"line":81,"column":21},"end":{"line":81,"column":60}}]},"29":{"type":"branch","line":81,"loc":{"start":{"line":81,"column":62},"end":{"line":83,"column":3}},"locations":[{"start":{"line":81,"column":62},"end":{"line":83,"column":3}}]},"30":{"type":"branch","line":94,"loc":{"start":{"line":94,"column":0},"end":{"line":207,"column":1}},"locations":[{"start":{"line":94,"column":0},"end":{"line":207,"column":1}}]},"31":{"type":"branch","line":111,"loc":{"start":{"line":111,"column":21},"end":{"line":113,"column":5}},"locations":[{"start":{"line":111,"column":21},"end":{"line":113,"column":5}}]},"32":{"type":"branch","line":113,"loc":{"start":{"line":113,"column":4},"end":{"line":115,"column":19}},"locations":[{"start":{"line":113,"column":4},"end":{"line":115,"column":19}}]},"33":{"type":"branch","line":115,"loc":{"start":{"line":115,"column":19},"end":{"line":123,"column":5}},"locations":[{"start":{"line":115,"column":19},"end":{"line":123,"column":5}}]},"34":{"type":"branch","line":117,"loc":{"start":{"line":117,"column":36},"end":{"line":117,"column":81}},"locations":[{"start":{"line":117,"column":36},"end":{"line":117,"column":81}}]},"35":{"type":"branch","line":117,"loc":{"start":{"line":117,"column":83},"end":{"line":119,"column":7}},"locations":[{"start":{"line":117,"column":83},"end":{"line":119,"column":7}}]},"36":{"type":"branch","line":119,"loc":{"start":{"line":119,"column":6},"end":{"line":120,"column":47}},"locations":[{"start":{"line":119,"column":6},"end":{"line":120,"column":47}}]},"37":{"type":"branch","line":120,"loc":{"start":{"line":120,"column":43},"end":{"line":120,"column":95}},"locations":[{"start":{"line":120,"column":43},"end":{"line":120,"column":95}}]},"38":{"type":"branch","line":120,"loc":{"start":{"line":120,"column":97},"end":{"line":122,"column":7}},"locations":[{"start":{"line":120,"column":97},"end":{"line":122,"column":7}}]},"39":{"type":"branch","line":123,"loc":{"start":{"line":123,"column":4},"end":{"line":125,"column":26}},"locations":[{"start":{"line":123,"column":4},"end":{"line":125,"column":26}}]},"40":{"type":"branch","line":125,"loc":{"start":{"line":125,"column":26},"end":{"line":130,"column":5}},"locations":[{"start":{"line":125,"column":26},"end":{"line":130,"column":5}}]},"41":{"type":"branch","line":127,"loc":{"start":{"line":127,"column":45},"end":{"line":129,"column":7}},"locations":[{"start":{"line":127,"column":45},"end":{"line":129,"column":7}}]},"42":{"type":"branch","line":130,"loc":{"start":{"line":130,"column":4},"end":{"line":132,"column":23}},"locations":[{"start":{"line":130,"column":4},"end":{"line":132,"column":23}}]},"43":{"type":"branch","line":132,"loc":{"start":{"line":132,"column":23},"end":{"line":137,"column":5}},"locations":[{"start":{"line":132,"column":23},"end":{"line":137,"column":5}}]},"44":{"type":"branch","line":134,"loc":{"start":{"line":134,"column":35},"end":{"line":134,"column":100}},"locations":[{"start":{"line":134,"column":35},"end":{"line":134,"column":100}}]},"45":{"type":"branch","line":134,"loc":{"start":{"line":134,"column":102},"end":{"line":136,"column":7}},"locations":[{"start":{"line":134,"column":102},"end":{"line":136,"column":7}}]},"46":{"type":"branch","line":137,"loc":{"start":{"line":137,"column":4},"end":{"line":139,"column":16}},"locations":[{"start":{"line":137,"column":4},"end":{"line":139,"column":16}}]},"47":{"type":"branch","line":139,"loc":{"start":{"line":139,"column":16},"end":{"line":144,"column":5}},"locations":[{"start":{"line":139,"column":16},"end":{"line":144,"column":5}}]},"48":{"type":"branch","line":141,"loc":{"start":{"line":141,"column":40},"end":{"line":143,"column":7}},"locations":[{"start":{"line":141,"column":40},"end":{"line":143,"column":7}}]},"49":{"type":"branch","line":144,"loc":{"start":{"line":144,"column":4},"end":{"line":146,"column":27}},"locations":[{"start":{"line":144,"column":4},"end":{"line":146,"column":27}}]},"50":{"type":"branch","line":146,"loc":{"start":{"line":146,"column":27},"end":{"line":156,"column":5}},"locations":[{"start":{"line":146,"column":27},"end":{"line":156,"column":5}}]},"51":{"type":"branch","line":148,"loc":{"start":{"line":148,"column":51},"end":{"line":150,"column":7}},"locations":[{"start":{"line":148,"column":51},"end":{"line":150,"column":7}}]},"52":{"type":"branch","line":150,"loc":{"start":{"line":150,"column":6},"end":{"line":155,"column":7}},"locations":[{"start":{"line":150,"column":6},"end":{"line":155,"column":7}}]},"53":{"type":"branch","line":152,"loc":{"start":{"line":152,"column":23},"end":{"line":152,"column":49}},"locations":[{"start":{"line":152,"column":23},"end":{"line":152,"column":49}}]},"54":{"type":"branch","line":152,"loc":{"start":{"line":152,"column":51},"end":{"line":154,"column":9}},"locations":[{"start":{"line":152,"column":51},"end":{"line":154,"column":9}}]},"55":{"type":"branch","line":155,"loc":{"start":{"line":155,"column":6},"end":{"line":156,"column":5}},"locations":[{"start":{"line":155,"column":6},"end":{"line":156,"column":5}}]},"56":{"type":"branch","line":156,"loc":{"start":{"line":156,"column":4},"end":{"line":158,"column":21}},"locations":[{"start":{"line":156,"column":4},"end":{"line":158,"column":21}}]},"57":{"type":"branch","line":158,"loc":{"start":{"line":158,"column":21},"end":{"line":160,"column":5}},"locations":[{"start":{"line":158,"column":21},"end":{"line":160,"column":5}}]},"58":{"type":"branch","line":160,"loc":{"start":{"line":160,"column":4},"end":{"line":162,"column":19}},"locations":[{"start":{"line":160,"column":4},"end":{"line":162,"column":19}}]},"59":{"type":"branch","line":162,"loc":{"start":{"line":162,"column":19},"end":{"line":167,"column":5}},"locations":[{"start":{"line":162,"column":19},"end":{"line":167,"column":5}}]},"60":{"type":"branch","line":164,"loc":{"start":{"line":164,"column":34},"end":{"line":164,"column":102}},"locations":[{"start":{"line":164,"column":34},"end":{"line":164,"column":102}}]},"61":{"type":"branch","line":164,"loc":{"start":{"line":164,"column":104},"end":{"line":166,"column":7}},"locations":[{"start":{"line":164,"column":104},"end":{"line":166,"column":7}}]},"62":{"type":"branch","line":167,"loc":{"start":{"line":167,"column":4},"end":{"line":169,"column":23}},"locations":[{"start":{"line":167,"column":4},"end":{"line":169,"column":23}}]},"63":{"type":"branch","line":169,"loc":{"start":{"line":169,"column":23},"end":{"line":171,"column":5}},"locations":[{"start":{"line":169,"column":23},"end":{"line":171,"column":5}}]},"64":{"type":"branch","line":171,"loc":{"start":{"line":171,"column":4},"end":{"line":173,"column":14}},"locations":[{"start":{"line":171,"column":4},"end":{"line":173,"column":14}}]},"65":{"type":"branch","line":173,"loc":{"start":{"line":173,"column":14},"end":{"line":178,"column":5}},"locations":[{"start":{"line":173,"column":14},"end":{"line":178,"column":5}}]},"66":{"type":"branch","line":175,"loc":{"start":{"line":175,"column":71},"end":{"line":177,"column":7}},"locations":[{"start":{"line":175,"column":71},"end":{"line":177,"column":7}}]},"67":{"type":"branch","line":179,"loc":{"start":{"line":179,"column":4},"end":{"line":182,"column":3}},"locations":[{"start":{"line":179,"column":4},"end":{"line":182,"column":3}}]},"68":{"type":"branch","line":182,"loc":{"start":{"line":182,"column":2},"end":{"line":207,"column":1}},"locations":[{"start":{"line":182,"column":2},"end":{"line":207,"column":1}}]},"69":{"type":"branch","line":209,"loc":{"start":{"line":209,"column":0},"end":{"line":229,"column":1}},"locations":[{"start":{"line":209,"column":0},"end":{"line":229,"column":1}}]},"70":{"type":"branch","line":213,"loc":{"start":{"line":213,"column":70},"end":{"line":213,"column":78}},"locations":[{"start":{"line":213,"column":70},"end":{"line":213,"column":78}}]},"71":{"type":"branch","line":215,"loc":{"start":{"line":215,"column":63},"end":{"line":215,"column":79}},"locations":[{"start":{"line":215,"column":63},"end":{"line":215,"column":79}}]},"72":{"type":"branch","line":217,"loc":{"start":{"line":217,"column":75},"end":{"line":217,"column":87}},"locations":[{"start":{"line":217,"column":75},"end":{"line":217,"column":87}}]},"73":{"type":"branch","line":231,"loc":{"start":{"line":231,"column":0},"end":{"line":237,"column":1}},"locations":[{"start":{"line":231,"column":0},"end":{"line":237,"column":1}}]},"74":{"type":"branch","line":234,"loc":{"start":{"line":234,"column":4},"end":{"line":236,"column":3}},"locations":[{"start":{"line":234,"column":4},"end":{"line":236,"column":3}}]},"75":{"type":"branch","line":239,"loc":{"start":{"line":239,"column":0},"end":{"line":247,"column":1}},"locations":[{"start":{"line":239,"column":0},"end":{"line":247,"column":1}}]},"76":{"type":"branch","line":242,"loc":{"start":{"line":242,"column":30},"end":{"line":247,"column":1}},"locations":[{"start":{"line":242,"column":30},"end":{"line":247,"column":1}}]},"77":{"type":"branch","line":242,"loc":{"start":{"line":242,"column":30},"end":{"line":245,"column":3}},"locations":[{"start":{"line":242,"column":30},"end":{"line":245,"column":3}}]},"78":{"type":"branch","line":245,"loc":{"start":{"line":245,"column":2},"end":{"line":247,"column":1}},"locations":[{"start":{"line":245,"column":2},"end":{"line":247,"column":1}}]},"79":{"type":"branch","line":249,"loc":{"start":{"line":249,"column":0},"end":{"line":257,"column":1}},"locations":[{"start":{"line":249,"column":0},"end":{"line":257,"column":1}}]},"80":{"type":"branch","line":252,"loc":{"start":{"line":252,"column":29},"end":{"line":255,"column":3}},"locations":[{"start":{"line":252,"column":29},"end":{"line":255,"column":3}}]},"81":{"type":"branch","line":255,"loc":{"start":{"line":255,"column":2},"end":{"line":257,"column":1}},"locations":[{"start":{"line":255,"column":2},"end":{"line":257,"column":1}}]},"82":{"type":"branch","line":259,"loc":{"start":{"line":259,"column":0},"end":{"line":267,"column":1}},"locations":[{"start":{"line":259,"column":0},"end":{"line":267,"column":1}}]},"83":{"type":"branch","line":262,"loc":{"start":{"line":262,"column":29},"end":{"line":267,"column":1}},"locations":[{"start":{"line":262,"column":29},"end":{"line":267,"column":1}}]},"84":{"type":"branch","line":262,"loc":{"start":{"line":262,"column":29},"end":{"line":265,"column":3}},"locations":[{"start":{"line":262,"column":29},"end":{"line":265,"column":3}}]},"85":{"type":"branch","line":265,"loc":{"start":{"line":265,"column":2},"end":{"line":267,"column":1}},"locations":[{"start":{"line":265,"column":2},"end":{"line":267,"column":1}}]},"86":{"type":"branch","line":269,"loc":{"start":{"line":269,"column":0},"end":{"line":300,"column":1}},"locations":[{"start":{"line":269,"column":0},"end":{"line":300,"column":1}}]},"87":{"type":"branch","line":271,"loc":{"start":{"line":271,"column":29},"end":{"line":273,"column":3}},"locations":[{"start":{"line":271,"column":29},"end":{"line":273,"column":3}}]},"88":{"type":"branch","line":273,"loc":{"start":{"line":273,"column":2},"end":{"line":276,"column":28}},"locations":[{"start":{"line":273,"column":2},"end":{"line":276,"column":28}}]},"89":{"type":"branch","line":276,"loc":{"start":{"line":276,"column":28},"end":{"line":278,"column":3}},"locations":[{"start":{"line":276,"column":28},"end":{"line":278,"column":3}}]},"90":{"type":"branch","line":278,"loc":{"start":{"line":278,"column":2},"end":{"line":281,"column":24}},"locations":[{"start":{"line":278,"column":2},"end":{"line":281,"column":24}}]},"91":{"type":"branch","line":281,"loc":{"start":{"line":281,"column":24},"end":{"line":283,"column":3}},"locations":[{"start":{"line":281,"column":24},"end":{"line":283,"column":3}}]},"92":{"type":"branch","line":283,"loc":{"start":{"line":283,"column":2},"end":{"line":286,"column":25}},"locations":[{"start":{"line":283,"column":2},"end":{"line":286,"column":25}}]},"93":{"type":"branch","line":286,"loc":{"start":{"line":286,"column":25},"end":{"line":288,"column":3}},"locations":[{"start":{"line":286,"column":25},"end":{"line":288,"column":3}}]},"94":{"type":"branch","line":288,"loc":{"start":{"line":288,"column":2},"end":{"line":300,"column":1}},"locations":[{"start":{"line":288,"column":2},"end":{"line":300,"column":1}}]}},"b":{"0":[55],"1":[46],"2":[53],"3":[4],"4":[51],"5":[10],"6":[7],"7":[5],"8":[46],"9":[37],"10":[45],"11":[4],"12":[42],"13":[58],"14":[1],"15":[57],"16":[1],"17":[56],"18":[1],"19":[1],"20":[55],"21":[42],"22":[2],"23":[0],"24":[0],"25":[0],"26":[0],"27":[0],"28":[0],"29":[0],"30":[42],"31":[2],"32":[41],"33":[5],"34":[4],"35":[2],"36":[3],"37":[2],"38":[2],"39":[37],"40":[2],"41":[1],"42":[36],"43":[4],"44":[3],"45":[2],"46":[34],"47":[2],"48":[1],"49":[33],"50":[4],"51":[1],"52":[3],"53":[2],"54":[2],"55":[1],"56":[30],"57":[0],"58":[30],"59":[4],"60":[3],"61":[2],"62":[28],"63":[0],"64":[28],"65":[2],"66":[1],"67":[15],"68":[27],"69":[27],"70":[26],"71":[24],"72":[26],"73":[30],"74":[4],"75":[11],"76":[10],"77":[5],"78":[6],"79":[5],"80":[3],"81":[2],"82":[7],"83":[6],"84":[4],"85":[3],"86":[58],"87":[3],"88":[55],"89":[13],"90":[42],"91":[0],"92":[42],"93":[15],"94":[27]},"fnMap":{"0":{"name":"validateNumericInputs","decl":{"start":{"line":3,"column":0},"end":{"line":32,"column":1}},"loc":{"start":{"line":3,"column":0},"end":{"line":32,"column":1}},"line":3},"1":{"name":"validateRequiredInputs","decl":{"start":{"line":34,"column":0},"end":{"line":61,"column":1}},"loc":{"start":{"line":34,"column":0},"end":{"line":61,"column":1}},"line":34},"2":{"name":"validateArnInputs","decl":{"start":{"line":63,"column":0},"end":{"line":92,"column":1}},"loc":{"start":{"line":63,"column":0},"end":{"line":92,"column":1}},"line":63},"3":{"name":"validateJsonInputs","decl":{"start":{"line":94,"column":0},"end":{"line":207,"column":1}},"loc":{"start":{"line":94,"column":0},"end":{"line":207,"column":1}},"line":94},"4":{"name":"getAdditionalInputs","decl":{"start":{"line":209,"column":0},"end":{"line":229,"column":1}},"loc":{"start":{"line":209,"column":0},"end":{"line":229,"column":1}},"line":209},"5":{"name":"parseJsonInput","decl":{"start":{"line":231,"column":0},"end":{"line":237,"column":1}},"loc":{"start":{"line":231,"column":0},"end":{"line":237,"column":1}},"line":231},"6":{"name":"validateRoleArn","decl":{"start":{"line":239,"column":0},"end":{"line":247,"column":1}},"loc":{"start":{"line":239,"column":0},"end":{"line":247,"column":1}},"line":239},"7":{"name":"validateCodeSigningConfigArn","decl":{"start":{"line":249,"column":0},"end":{"line":257,"column":1}},"loc":{"start":{"line":249,"column":0},"end":{"line":257,"column":1}},"line":249},"8":{"name":"validateKmsKeyArn","decl":{"start":{"line":259,"column":0},"end":{"line":267,"column":1}},"loc":{"start":{"line":259,"column":0},"end":{"line":267,"column":1}},"line":259},"9":{"name":"validateAllInputs","decl":{"start":{"line":269,"column":0},"end":{"line":300,"column":1}},"loc":{"start":{"line":269,"column":0},"end":{"line":300,"column":1}},"line":269}},"f":{"0":55,"1":58,"2":42,"3":42,"4":27,"5":30,"6":11,"7":5,"8":7,"9":58}}
}
