{"/Users/wuychloe/Desktop/action/src/LambdaGitHubAction/index.js": {"path":"/Users/wuychloe/Desktop/action/src/LambdaGitHubAction/index.js","all":false,"statementMap":{"0":{"start":{"line":1,"column":0},"end":{"line":1,"column":38}},"1":{"start":{"line":2,"column":0},"end":{"line":2,"column":198}},"2":{"start":{"line":3,"column":0},"end":{"line":3,"column":35}},"3":{"start":{"line":4,"column":0},"end":{"line":4,"column":29}},"4":{"start":{"line":5,"column":0},"end":{"line":5,"column":34}},"5":{"start":{"line":6,"column":0},"end":{"line":6,"column":45}},"6":{"start":{"line":7,"column":0},"end":{"line":7,"column":0}},"7":{"start":{"line":8,"column":0},"end":{"line":8,"column":22}},"8":{"start":{"line":9,"column":0},"end":{"line":9,"column":9}},"9":{"start":{"line":10,"column":0},"end":{"line":10,"column":51}},"10":{"start":{"line":11,"column":0},"end":{"line":11,"column":24}},"11":{"start":{"line":12,"column":0},"end":{"line":12,"column":13}},"12":{"start":{"line":13,"column":0},"end":{"line":13,"column":5}},"13":{"start":{"line":14,"column":0},"end":{"line":14,"column":0}},"14":{"start":{"line":15,"column":0},"end":{"line":15,"column":11}},"15":{"start":{"line":16,"column":0},"end":{"line":16,"column":58}},"16":{"start":{"line":17,"column":0},"end":{"line":17,"column":50}},"17":{"start":{"line":18,"column":0},"end":{"line":18,"column":61}},"18":{"start":{"line":19,"column":0},"end":{"line":19,"column":63}},"19":{"start":{"line":20,"column":0},"end":{"line":20,"column":57}},"20":{"start":{"line":21,"column":0},"end":{"line":21,"column":26}},"21":{"start":{"line":22,"column":0},"end":{"line":22,"column":66}},"22":{"start":{"line":23,"column":0},"end":{"line":23,"column":66}},"23":{"start":{"line":24,"column":0},"end":{"line":24,"column":74}},"24":{"start":{"line":25,"column":0},"end":{"line":25,"column":68}},"25":{"start":{"line":26,"column":0},"end":{"line":26,"column":37}},"26":{"start":{"line":27,"column":0},"end":{"line":27,"column":15}},"27":{"start":{"line":28,"column":0},"end":{"line":28,"column":4}},"28":{"start":{"line":29,"column":0},"end":{"line":29,"column":35}},"29":{"start":{"line":30,"column":0},"end":{"line":30,"column":26}},"30":{"start":{"line":31,"column":0},"end":{"line":31,"column":18}},"31":{"start":{"line":32,"column":0},"end":{"line":32,"column":80}},"32":{"start":{"line":33,"column":0},"end":{"line":33,"column":7}},"33":{"start":{"line":34,"column":0},"end":{"line":34,"column":69}},"34":{"start":{"line":35,"column":0},"end":{"line":35,"column":80}},"35":{"start":{"line":36,"column":0},"end":{"line":36,"column":66}},"36":{"start":{"line":37,"column":0},"end":{"line":37,"column":5}},"37":{"start":{"line":38,"column":0},"end":{"line":38,"column":0}},"38":{"start":{"line":39,"column":0},"end":{"line":39,"column":37}},"39":{"start":{"line":40,"column":0},"end":{"line":40,"column":13}},"40":{"start":{"line":41,"column":0},"end":{"line":41,"column":7}},"41":{"start":{"line":42,"column":0},"end":{"line":42,"column":0}},"42":{"start":{"line":43,"column":0},"end":{"line":43,"column":52}},"43":{"start":{"line":44,"column":0},"end":{"line":44,"column":73}},"44":{"start":{"line":45,"column":0},"end":{"line":45,"column":0}},"45":{"start":{"line":46,"column":0},"end":{"line":46,"column":26}},"46":{"start":{"line":47,"column":0},"end":{"line":47,"column":19}},"47":{"start":{"line":48,"column":0},"end":{"line":48,"column":80}},"48":{"start":{"line":49,"column":0},"end":{"line":49,"column":105}},"49":{"start":{"line":50,"column":0},"end":{"line":50,"column":15}},"50":{"start":{"line":51,"column":0},"end":{"line":51,"column":7}},"51":{"start":{"line":52,"column":0},"end":{"line":52,"column":0}},"52":{"start":{"line":53,"column":0},"end":{"line":53,"column":81}},"53":{"start":{"line":54,"column":0},"end":{"line":54,"column":0}},"54":{"start":{"line":55,"column":0},"end":{"line":55,"column":17}},"55":{"start":{"line":56,"column":0},"end":{"line":56,"column":81}},"56":{"start":{"line":57,"column":0},"end":{"line":57,"column":15}},"57":{"start":{"line":58,"column":0},"end":{"line":58,"column":7}},"58":{"start":{"line":59,"column":0},"end":{"line":59,"column":0}},"59":{"start":{"line":60,"column":0},"end":{"line":60,"column":24}},"60":{"start":{"line":61,"column":0},"end":{"line":61,"column":11}},"61":{"start":{"line":62,"column":0},"end":{"line":62,"column":23}},"62":{"start":{"line":63,"column":0},"end":{"line":63,"column":37}},"63":{"start":{"line":64,"column":0},"end":{"line":64,"column":27}},"64":{"start":{"line":65,"column":0},"end":{"line":65,"column":21}},"65":{"start":{"line":66,"column":0},"end":{"line":66,"column":27}},"66":{"start":{"line":67,"column":0},"end":{"line":67,"column":17}},"67":{"start":{"line":68,"column":0},"end":{"line":68,"column":52}},"68":{"start":{"line":69,"column":0},"end":{"line":69,"column":12}},"69":{"start":{"line":70,"column":0},"end":{"line":70,"column":43}},"70":{"start":{"line":71,"column":0},"end":{"line":71,"column":68}},"71":{"start":{"line":72,"column":0},"end":{"line":72,"column":27}},"72":{"start":{"line":73,"column":0},"end":{"line":73,"column":35}},"73":{"start":{"line":74,"column":0},"end":{"line":74,"column":27}},"74":{"start":{"line":75,"column":0},"end":{"line":75,"column":41}},"75":{"start":{"line":76,"column":0},"end":{"line":76,"column":55}},"76":{"start":{"line":77,"column":0},"end":{"line":77,"column":56}},"77":{"start":{"line":78,"column":0},"end":{"line":78,"column":59}},"78":{"start":{"line":79,"column":0},"end":{"line":79,"column":80}},"79":{"start":{"line":80,"column":0},"end":{"line":80,"column":80}},"80":{"start":{"line":81,"column":0},"end":{"line":81,"column":71}},"81":{"start":{"line":82,"column":0},"end":{"line":82,"column":50}},"82":{"start":{"line":83,"column":0},"end":{"line":83,"column":83}},"83":{"start":{"line":84,"column":0},"end":{"line":84,"column":65}},"84":{"start":{"line":85,"column":0},"end":{"line":85,"column":59}},"85":{"start":{"line":86,"column":0},"end":{"line":86,"column":71}},"86":{"start":{"line":87,"column":0},"end":{"line":87,"column":44}},"87":{"start":{"line":88,"column":0},"end":{"line":88,"column":53}},"88":{"start":{"line":89,"column":0},"end":{"line":89,"column":86}},"89":{"start":{"line":90,"column":0},"end":{"line":90,"column":70}},"90":{"start":{"line":91,"column":0},"end":{"line":91,"column":10}},"91":{"start":{"line":92,"column":0},"end":{"line":92,"column":0}},"92":{"start":{"line":93,"column":0},"end":{"line":93,"column":67}},"93":{"start":{"line":94,"column":0},"end":{"line":94,"column":57}},"94":{"start":{"line":95,"column":0},"end":{"line":95,"column":52}},"95":{"start":{"line":96,"column":0},"end":{"line":96,"column":8}},"96":{"start":{"line":97,"column":0},"end":{"line":97,"column":61}},"97":{"start":{"line":98,"column":0},"end":{"line":98,"column":31}},"98":{"start":{"line":99,"column":0},"end":{"line":99,"column":54}},"99":{"start":{"line":100,"column":0},"end":{"line":100,"column":9}},"100":{"start":{"line":101,"column":0},"end":{"line":101,"column":23}},"101":{"start":{"line":102,"column":0},"end":{"line":102,"column":70}},"102":{"start":{"line":103,"column":0},"end":{"line":103,"column":26}},"103":{"start":{"line":104,"column":0},"end":{"line":104,"column":34}},"104":{"start":{"line":105,"column":0},"end":{"line":105,"column":9}},"105":{"start":{"line":106,"column":0},"end":{"line":106,"column":7}},"106":{"start":{"line":107,"column":0},"end":{"line":107,"column":56}},"107":{"start":{"line":108,"column":0},"end":{"line":108,"column":13}},"108":{"start":{"line":109,"column":0},"end":{"line":109,"column":5}},"109":{"start":{"line":110,"column":0},"end":{"line":110,"column":0}},"110":{"start":{"line":111,"column":0},"end":{"line":111,"column":76}},"111":{"start":{"line":112,"column":0},"end":{"line":112,"column":92}},"112":{"start":{"line":113,"column":0},"end":{"line":113,"column":57}},"113":{"start":{"line":114,"column":0},"end":{"line":114,"column":0}},"114":{"start":{"line":115,"column":0},"end":{"line":115,"column":66}},"115":{"start":{"line":116,"column":0},"end":{"line":116,"column":17}},"116":{"start":{"line":117,"column":0},"end":{"line":117,"column":23}},"117":{"start":{"line":118,"column":0},"end":{"line":118,"column":39}},"118":{"start":{"line":119,"column":0},"end":{"line":119,"column":64}},"119":{"start":{"line":120,"column":0},"end":{"line":120,"column":23}},"120":{"start":{"line":121,"column":0},"end":{"line":121,"column":23}},"121":{"start":{"line":122,"column":0},"end":{"line":122,"column":27}},"122":{"start":{"line":123,"column":0},"end":{"line":123,"column":51}},"123":{"start":{"line":124,"column":0},"end":{"line":124,"column":57}},"124":{"start":{"line":125,"column":0},"end":{"line":125,"column":62}},"125":{"start":{"line":126,"column":0},"end":{"line":126,"column":78}},"126":{"start":{"line":127,"column":0},"end":{"line":127,"column":69}},"127":{"start":{"line":128,"column":0},"end":{"line":128,"column":48}},"128":{"start":{"line":129,"column":0},"end":{"line":129,"column":81}},"129":{"start":{"line":130,"column":0},"end":{"line":130,"column":63}},"130":{"start":{"line":131,"column":0},"end":{"line":131,"column":57}},"131":{"start":{"line":132,"column":0},"end":{"line":132,"column":68}},"132":{"start":{"line":133,"column":0},"end":{"line":133,"column":7}},"133":{"start":{"line":134,"column":0},"end":{"line":134,"column":0}},"134":{"start":{"line":135,"column":0},"end":{"line":135,"column":24}},"135":{"start":{"line":136,"column":0},"end":{"line":136,"column":19}},"136":{"start":{"line":137,"column":0},"end":{"line":137,"column":87}},"137":{"start":{"line":138,"column":0},"end":{"line":138,"column":14}},"138":{"start":{"line":139,"column":0},"end":{"line":139,"column":13}},"139":{"start":{"line":140,"column":0},"end":{"line":140,"column":25}},"140":{"start":{"line":141,"column":0},"end":{"line":141,"column":39}},"141":{"start":{"line":142,"column":0},"end":{"line":142,"column":23}},"142":{"start":{"line":143,"column":0},"end":{"line":143,"column":29}},"143":{"start":{"line":144,"column":0},"end":{"line":144,"column":45}},"144":{"start":{"line":145,"column":0},"end":{"line":145,"column":70}},"145":{"start":{"line":146,"column":0},"end":{"line":146,"column":29}},"146":{"start":{"line":147,"column":0},"end":{"line":147,"column":29}},"147":{"start":{"line":148,"column":0},"end":{"line":148,"column":33}},"148":{"start":{"line":149,"column":0},"end":{"line":149,"column":57}},"149":{"start":{"line":150,"column":0},"end":{"line":150,"column":63}},"150":{"start":{"line":151,"column":0},"end":{"line":151,"column":84}},"151":{"start":{"line":152,"column":0},"end":{"line":152,"column":84}},"152":{"start":{"line":153,"column":0},"end":{"line":153,"column":75}},"153":{"start":{"line":154,"column":0},"end":{"line":154,"column":54}},"154":{"start":{"line":155,"column":0},"end":{"line":155,"column":87}},"155":{"start":{"line":156,"column":0},"end":{"line":156,"column":69}},"156":{"start":{"line":157,"column":0},"end":{"line":157,"column":63}},"157":{"start":{"line":158,"column":0},"end":{"line":158,"column":74}},"158":{"start":{"line":159,"column":0},"end":{"line":159,"column":12}},"159":{"start":{"line":160,"column":0},"end":{"line":160,"column":0}},"160":{"start":{"line":161,"column":0},"end":{"line":161,"column":75}},"161":{"start":{"line":162,"column":0},"end":{"line":162,"column":72}},"162":{"start":{"line":163,"column":0},"end":{"line":163,"column":37}},"163":{"start":{"line":164,"column":0},"end":{"line":164,"column":61}},"164":{"start":{"line":165,"column":0},"end":{"line":165,"column":25}},"165":{"start":{"line":166,"column":0},"end":{"line":166,"column":86}},"166":{"start":{"line":167,"column":0},"end":{"line":167,"column":28}},"167":{"start":{"line":168,"column":0},"end":{"line":168,"column":36}},"168":{"start":{"line":169,"column":0},"end":{"line":169,"column":11}},"169":{"start":{"line":170,"column":0},"end":{"line":170,"column":9}},"170":{"start":{"line":171,"column":0},"end":{"line":171,"column":7}},"171":{"start":{"line":172,"column":0},"end":{"line":172,"column":12}},"172":{"start":{"line":173,"column":0},"end":{"line":173,"column":53}},"173":{"start":{"line":174,"column":0},"end":{"line":174,"column":5}},"174":{"start":{"line":175,"column":0},"end":{"line":175,"column":0}},"175":{"start":{"line":176,"column":0},"end":{"line":176,"column":81}},"176":{"start":{"line":177,"column":0},"end":{"line":177,"column":4}},"177":{"start":{"line":178,"column":0},"end":{"line":178,"column":9}},"178":{"start":{"line":179,"column":0},"end":{"line":179,"column":19}},"179":{"start":{"line":180,"column":0},"end":{"line":180,"column":80}},"180":{"start":{"line":181,"column":0},"end":{"line":181,"column":7}},"181":{"start":{"line":182,"column":0},"end":{"line":182,"column":6}},"182":{"start":{"line":183,"column":0},"end":{"line":183,"column":25}},"183":{"start":{"line":184,"column":0},"end":{"line":184,"column":11}},"184":{"start":{"line":185,"column":0},"end":{"line":185,"column":57}},"185":{"start":{"line":186,"column":0},"end":{"line":186,"column":23}},"186":{"start":{"line":187,"column":0},"end":{"line":187,"column":21}},"187":{"start":{"line":188,"column":0},"end":{"line":188,"column":104}},"188":{"start":{"line":189,"column":0},"end":{"line":189,"column":71}},"189":{"start":{"line":190,"column":0},"end":{"line":190,"column":16}},"190":{"start":{"line":191,"column":0},"end":{"line":191,"column":22}},"191":{"start":{"line":192,"column":0},"end":{"line":192,"column":9}},"192":{"start":{"line":193,"column":0},"end":{"line":193,"column":7}},"193":{"start":{"line":194,"column":0},"end":{"line":194,"column":6}},"194":{"start":{"line":195,"column":0},"end":{"line":195,"column":25}},"195":{"start":{"line":196,"column":0},"end":{"line":196,"column":35}},"196":{"start":{"line":197,"column":0},"end":{"line":197,"column":33}},"197":{"start":{"line":198,"column":0},"end":{"line":198,"column":39}},"198":{"start":{"line":199,"column":0},"end":{"line":199,"column":25}},"199":{"start":{"line":200,"column":0},"end":{"line":200,"column":31}},"200":{"start":{"line":201,"column":0},"end":{"line":201,"column":41}},"201":{"start":{"line":202,"column":0},"end":{"line":202,"column":8}},"202":{"start":{"line":203,"column":0},"end":{"line":203,"column":6}},"203":{"start":{"line":204,"column":0},"end":{"line":204,"column":19}},"204":{"start":{"line":205,"column":0},"end":{"line":205,"column":40}},"205":{"start":{"line":206,"column":0},"end":{"line":206,"column":31}},"206":{"start":{"line":207,"column":0},"end":{"line":207,"column":59}},"207":{"start":{"line":208,"column":0},"end":{"line":208,"column":9}},"208":{"start":{"line":209,"column":0},"end":{"line":209,"column":75}},"209":{"start":{"line":210,"column":0},"end":{"line":210,"column":53}},"210":{"start":{"line":211,"column":0},"end":{"line":211,"column":8}},"211":{"start":{"line":212,"column":0},"end":{"line":212,"column":89}},"212":{"start":{"line":213,"column":0},"end":{"line":213,"column":48}},"213":{"start":{"line":214,"column":0},"end":{"line":214,"column":45}},"214":{"start":{"line":215,"column":0},"end":{"line":215,"column":73}},"215":{"start":{"line":216,"column":0},"end":{"line":216,"column":14}},"216":{"start":{"line":217,"column":0},"end":{"line":217,"column":65}},"217":{"start":{"line":218,"column":0},"end":{"line":218,"column":52}},"218":{"start":{"line":219,"column":0},"end":{"line":219,"column":8}},"219":{"start":{"line":220,"column":0},"end":{"line":220,"column":61}},"220":{"start":{"line":221,"column":0},"end":{"line":221,"column":31}},"221":{"start":{"line":222,"column":0},"end":{"line":222,"column":54}},"222":{"start":{"line":223,"column":0},"end":{"line":223,"column":9}},"223":{"start":{"line":224,"column":0},"end":{"line":224,"column":7}},"224":{"start":{"line":225,"column":0},"end":{"line":225,"column":21}},"225":{"start":{"line":226,"column":0},"end":{"line":226,"column":73}},"226":{"start":{"line":227,"column":0},"end":{"line":227,"column":24}},"227":{"start":{"line":228,"column":0},"end":{"line":228,"column":32}},"228":{"start":{"line":229,"column":0},"end":{"line":229,"column":7}},"229":{"start":{"line":230,"column":0},"end":{"line":230,"column":13}},"230":{"start":{"line":231,"column":0},"end":{"line":231,"column":5}},"231":{"start":{"line":232,"column":0},"end":{"line":232,"column":0}},"232":{"start":{"line":233,"column":0},"end":{"line":233,"column":67}},"233":{"start":{"line":234,"column":0},"end":{"line":234,"column":4}},"234":{"start":{"line":235,"column":0},"end":{"line":235,"column":3}},"235":{"start":{"line":236,"column":0},"end":{"line":236,"column":17}},"236":{"start":{"line":237,"column":0},"end":{"line":237,"column":47}},"237":{"start":{"line":238,"column":0},"end":{"line":238,"column":90}},"238":{"start":{"line":239,"column":0},"end":{"line":239,"column":56}},"239":{"start":{"line":240,"column":0},"end":{"line":240,"column":104}},"240":{"start":{"line":241,"column":0},"end":{"line":241,"column":12}},"241":{"start":{"line":242,"column":0},"end":{"line":242,"column":67}},"242":{"start":{"line":243,"column":0},"end":{"line":243,"column":5}},"243":{"start":{"line":244,"column":0},"end":{"line":244,"column":22}},"244":{"start":{"line":245,"column":0},"end":{"line":245,"column":30}},"245":{"start":{"line":246,"column":0},"end":{"line":246,"column":5}},"246":{"start":{"line":247,"column":0},"end":{"line":247,"column":4}},"247":{"start":{"line":248,"column":0},"end":{"line":248,"column":1}},"248":{"start":{"line":249,"column":0},"end":{"line":249,"column":0}},"249":{"start":{"line":250,"column":0},"end":{"line":250,"column":51}},"250":{"start":{"line":251,"column":0},"end":{"line":251,"column":61}},"251":{"start":{"line":252,"column":0},"end":{"line":252,"column":66}},"252":{"start":{"line":253,"column":0},"end":{"line":253,"column":0}},"253":{"start":{"line":254,"column":0},"end":{"line":254,"column":7}},"254":{"start":{"line":255,"column":0},"end":{"line":255,"column":9}},"255":{"start":{"line":256,"column":0},"end":{"line":256,"column":61}},"256":{"start":{"line":257,"column":0},"end":{"line":257,"column":21}},"257":{"start":{"line":258,"column":0},"end":{"line":258,"column":90}},"258":{"start":{"line":259,"column":0},"end":{"line":259,"column":70}},"259":{"start":{"line":260,"column":0},"end":{"line":260,"column":5}},"260":{"start":{"line":261,"column":0},"end":{"line":261,"column":4}},"261":{"start":{"line":262,"column":0},"end":{"line":262,"column":49}},"262":{"start":{"line":263,"column":0},"end":{"line":263,"column":0}},"263":{"start":{"line":264,"column":0},"end":{"line":264,"column":70}},"264":{"start":{"line":265,"column":0},"end":{"line":265,"column":4}},"265":{"start":{"line":266,"column":0},"end":{"line":266,"column":49}},"266":{"start":{"line":267,"column":0},"end":{"line":267,"column":4}},"267":{"start":{"line":268,"column":0},"end":{"line":268,"column":31}},"268":{"start":{"line":269,"column":0},"end":{"line":269,"column":18}},"269":{"start":{"line":270,"column":0},"end":{"line":270,"column":38}},"270":{"start":{"line":271,"column":0},"end":{"line":271,"column":33}},"271":{"start":{"line":272,"column":0},"end":{"line":272,"column":27}},"272":{"start":{"line":273,"column":0},"end":{"line":273,"column":8}},"273":{"start":{"line":274,"column":0},"end":{"line":274,"column":5}},"274":{"start":{"line":275,"column":0},"end":{"line":275,"column":0}},"275":{"start":{"line":276,"column":0},"end":{"line":276,"column":35}},"276":{"start":{"line":277,"column":0},"end":{"line":277,"column":29}},"277":{"start":{"line":278,"column":0},"end":{"line":278,"column":32}},"278":{"start":{"line":279,"column":0},"end":{"line":279,"column":26}},"279":{"start":{"line":280,"column":0},"end":{"line":280,"column":4}},"280":{"start":{"line":281,"column":0},"end":{"line":281,"column":19}},"281":{"start":{"line":282,"column":0},"end":{"line":282,"column":19}},"282":{"start":{"line":283,"column":0},"end":{"line":283,"column":64}},"283":{"start":{"line":284,"column":0},"end":{"line":284,"column":16}},"284":{"start":{"line":285,"column":0},"end":{"line":285,"column":3}},"285":{"start":{"line":286,"column":0},"end":{"line":286,"column":1}},"286":{"start":{"line":287,"column":0},"end":{"line":287,"column":0}},"287":{"start":{"line":288,"column":0},"end":{"line":288,"column":58}},"288":{"start":{"line":289,"column":0},"end":{"line":289,"column":7}},"289":{"start":{"line":290,"column":0},"end":{"line":290,"column":19}},"290":{"start":{"line":291,"column":0},"end":{"line":291,"column":32}},"291":{"start":{"line":292,"column":0},"end":{"line":292,"column":6}},"292":{"start":{"line":293,"column":0},"end":{"line":293,"column":50}},"293":{"start":{"line":294,"column":0},"end":{"line":294,"column":48}},"294":{"start":{"line":295,"column":0},"end":{"line":295,"column":16}},"295":{"start":{"line":296,"column":0},"end":{"line":296,"column":19}},"296":{"start":{"line":297,"column":0},"end":{"line":297,"column":53}},"297":{"start":{"line":298,"column":0},"end":{"line":298,"column":19}},"298":{"start":{"line":299,"column":0},"end":{"line":299,"column":5}},"299":{"start":{"line":300,"column":0},"end":{"line":300,"column":16}},"300":{"start":{"line":301,"column":0},"end":{"line":301,"column":3}},"301":{"start":{"line":302,"column":0},"end":{"line":302,"column":1}},"302":{"start":{"line":303,"column":0},"end":{"line":303,"column":0}},"303":{"start":{"line":304,"column":0},"end":{"line":304,"column":70}},"304":{"start":{"line":305,"column":0},"end":{"line":305,"column":66}},"305":{"start":{"line":306,"column":0},"end":{"line":306,"column":16}},"306":{"start":{"line":307,"column":0},"end":{"line":307,"column":3}},"307":{"start":{"line":308,"column":0},"end":{"line":308,"column":0}},"308":{"start":{"line":309,"column":0},"end":{"line":309,"column":32}},"309":{"start":{"line":310,"column":0},"end":{"line":310,"column":2}},"310":{"start":{"line":311,"column":0},"end":{"line":311,"column":61}},"311":{"start":{"line":312,"column":0},"end":{"line":312,"column":48}},"312":{"start":{"line":313,"column":0},"end":{"line":313,"column":38}},"313":{"start":{"line":314,"column":0},"end":{"line":314,"column":69}},"314":{"start":{"line":315,"column":0},"end":{"line":315,"column":67}},"315":{"start":{"line":316,"column":0},"end":{"line":316,"column":22}},"316":{"start":{"line":317,"column":0},"end":{"line":317,"column":9}},"317":{"start":{"line":318,"column":0},"end":{"line":318,"column":42}},"318":{"start":{"line":319,"column":0},"end":{"line":319,"column":94}},"319":{"start":{"line":320,"column":0},"end":{"line":320,"column":20}},"320":{"start":{"line":321,"column":0},"end":{"line":321,"column":7}},"321":{"start":{"line":322,"column":0},"end":{"line":322,"column":5}},"322":{"start":{"line":323,"column":0},"end":{"line":323,"column":3}},"323":{"start":{"line":324,"column":0},"end":{"line":324,"column":0}},"324":{"start":{"line":325,"column":0},"end":{"line":325,"column":15}},"325":{"start":{"line":326,"column":0},"end":{"line":326,"column":1}},"326":{"start":{"line":327,"column":0},"end":{"line":327,"column":0}},"327":{"start":{"line":328,"column":0},"end":{"line":328,"column":61}},"328":{"start":{"line":329,"column":0},"end":{"line":329,"column":55}},"329":{"start":{"line":330,"column":0},"end":{"line":330,"column":2}},"330":{"start":{"line":331,"column":0},"end":{"line":331,"column":24}},"331":{"start":{"line":332,"column":0},"end":{"line":332,"column":27}},"332":{"start":{"line":333,"column":0},"end":{"line":333,"column":2}},"333":{"start":{"line":334,"column":0},"end":{"line":334,"column":40}},"334":{"start":{"line":335,"column":0},"end":{"line":335,"column":9}},"335":{"start":{"line":336,"column":0},"end":{"line":336,"column":23}},"336":{"start":{"line":337,"column":0},"end":{"line":337,"column":35}},"337":{"start":{"line":338,"column":0},"end":{"line":338,"column":8}},"338":{"start":{"line":339,"column":0},"end":{"line":339,"column":6}},"339":{"start":{"line":340,"column":0},"end":{"line":340,"column":66}},"340":{"start":{"line":341,"column":0},"end":{"line":341,"column":50}},"341":{"start":{"line":342,"column":0},"end":{"line":342,"column":6}},"342":{"start":{"line":343,"column":0},"end":{"line":343,"column":86}},"343":{"start":{"line":344,"column":0},"end":{"line":344,"column":60}},"344":{"start":{"line":345,"column":0},"end":{"line":345,"column":15}},"345":{"start":{"line":346,"column":0},"end":{"line":346,"column":7}},"346":{"start":{"line":347,"column":0},"end":{"line":347,"column":6}},"347":{"start":{"line":348,"column":0},"end":{"line":348,"column":82}},"348":{"start":{"line":349,"column":0},"end":{"line":349,"column":110}},"349":{"start":{"line":350,"column":0},"end":{"line":350,"column":7}},"350":{"start":{"line":351,"column":0},"end":{"line":351,"column":6}},"351":{"start":{"line":352,"column":0},"end":{"line":352,"column":82}},"352":{"start":{"line":353,"column":0},"end":{"line":353,"column":68}},"353":{"start":{"line":354,"column":0},"end":{"line":354,"column":21}},"354":{"start":{"line":355,"column":0},"end":{"line":355,"column":55}},"355":{"start":{"line":356,"column":0},"end":{"line":356,"column":21}},"356":{"start":{"line":357,"column":0},"end":{"line":357,"column":7}},"357":{"start":{"line":358,"column":0},"end":{"line":358,"column":6}},"358":{"start":{"line":359,"column":0},"end":{"line":359,"column":71}},"359":{"start":{"line":360,"column":0},"end":{"line":360,"column":68}},"360":{"start":{"line":361,"column":0},"end":{"line":361,"column":5}},"361":{"start":{"line":362,"column":0},"end":{"line":362,"column":3}},"362":{"start":{"line":363,"column":0},"end":{"line":363,"column":2}},"363":{"start":{"line":364,"column":0},"end":{"line":364,"column":71}},"364":{"start":{"line":365,"column":0},"end":{"line":365,"column":1}},"365":{"start":{"line":366,"column":0},"end":{"line":366,"column":0}},"366":{"start":{"line":367,"column":0},"end":{"line":367,"column":30}},"367":{"start":{"line":368,"column":0},"end":{"line":368,"column":8}},"368":{"start":{"line":369,"column":0},"end":{"line":369,"column":1}},"369":{"start":{"line":370,"column":0},"end":{"line":370,"column":0}},"370":{"start":{"line":371,"column":0},"end":{"line":371,"column":18}},"371":{"start":{"line":372,"column":0},"end":{"line":372,"column":6}},"372":{"start":{"line":373,"column":0},"end":{"line":373,"column":23}},"373":{"start":{"line":374,"column":0},"end":{"line":374,"column":22}},"374":{"start":{"line":375,"column":0},"end":{"line":375,"column":26}},"375":{"start":{"line":376,"column":0},"end":{"line":376,"column":24}},"376":{"start":{"line":377,"column":0},"end":{"line":377,"column":2}}},"s":{"0":1,"1":1,"2":1,"3":1,"4":1,"5":1,"6":1,"7":17,"8":17,"9":17,"10":17,"11":2,"12":2,"13":15,"14":15,"15":15,"16":15,"17":15,"18":15,"19":15,"20":15,"21":15,"22":15,"23":15,"24":15,"25":15,"26":15,"27":15,"28":15,"29":17,"30":1,"31":1,"32":1,"33":1,"34":1,"35":1,"36":0,"37":14,"38":14,"39":14,"40":14,"41":14,"42":14,"43":14,"44":11,"45":16,"46":6,"47":1,"48":1,"49":1,"50":1,"51":5,"52":5,"53":5,"54":5,"55":2,"56":2,"57":2,"58":3,"59":3,"60":3,"61":3,"62":3,"63":3,"64":3,"65":3,"66":3,"67":3,"68":3,"69":3,"70":6,"71":6,"72":6,"73":6,"74":6,"75":6,"76":6,"77":6,"78":6,"79":6,"80":6,"81":6,"82":6,"83":6,"84":6,"85":6,"86":6,"87":6,"88":6,"89":6,"90":6,"91":6,"92":6,"93":6,"94":6,"95":1,"96":1,"97":1,"98":1,"99":1,"100":6,"101":2,"102":2,"103":2,"104":2,"105":2,"106":3,"107":3,"108":3,"109":5,"110":5,"111":5,"112":5,"113":5,"114":5,"115":5,"116":5,"117":5,"118":17,"119":17,"120":17,"121":17,"122":17,"123":17,"124":17,"125":17,"126":17,"127":17,"128":17,"129":17,"130":17,"131":17,"132":17,"133":17,"134":17,"135":5,"136":3,"137":5,"138":2,"139":2,"140":2,"141":2,"142":2,"143":2,"144":2,"145":2,"146":2,"147":2,"148":2,"149":2,"150":2,"151":2,"152":2,"153":2,"154":2,"155":2,"156":2,"157":2,"158":2,"159":2,"160":2,"161":2,"162":2,"163":0,"164":2,"165":2,"166":2,"167":2,"168":2,"169":2,"170":2,"171":12,"172":0,"173":0,"174":5,"175":5,"176":5,"177":5,"178":10,"179":3,"180":3,"181":5,"182":5,"183":5,"184":5,"185":12,"186":0,"187":0,"188":0,"189":0,"190":0,"191":0,"192":0,"193":5,"194":5,"195":5,"196":5,"197":5,"198":5,"199":5,"200":5,"201":5,"202":5,"203":10,"204":3,"205":3,"206":3,"207":3,"208":3,"209":3,"210":3,"211":3,"212":3,"213":3,"214":3,"215":12,"216":2,"217":2,"218":2,"219":2,"220":2,"221":0,"222":0,"223":2,"224":17,"225":2,"226":2,"227":2,"228":2,"229":2,"230":2,"231":3,"232":3,"233":3,"234":3,"235":12,"236":4,"237":1,"238":4,"239":1,"240":2,"241":2,"242":2,"243":4,"244":4,"245":4,"246":4,"247":17,"248":1,"249":8,"250":8,"251":8,"252":8,"253":8,"254":8,"255":8,"256":8,"257":0,"258":0,"259":8,"260":8,"261":8,"262":7,"263":7,"264":7,"265":7,"266":7,"267":7,"268":12,"269":12,"270":12,"271":12,"272":12,"273":11,"274":5,"275":5,"276":5,"277":5,"278":5,"279":5,"280":5,"281":8,"282":4,"283":4,"284":4,"285":8,"286":1,"287":19,"288":19,"289":19,"290":19,"291":19,"292":19,"293":19,"294":7,"295":18,"296":12,"297":8,"298":8,"299":4,"300":4,"301":19,"302":1,"303":17,"304":17,"305":3,"306":3,"307":14,"308":14,"309":14,"310":17,"311":30,"312":24,"313":4,"314":3,"315":3,"316":3,"317":24,"318":8,"319":8,"320":8,"321":24,"322":30,"323":3,"324":3,"325":3,"326":1,"327":4,"328":4,"329":4,"330":4,"331":4,"332":4,"333":4,"334":7,"335":7,"336":7,"337":7,"338":7,"339":7,"340":7,"341":5,"342":7,"343":3,"344":3,"345":3,"346":2,"347":7,"348":0,"349":0,"350":2,"351":2,"352":2,"353":2,"354":2,"355":1,"356":1,"357":1,"358":1,"359":1,"360":1,"361":7,"362":3,"363":3,"364":3,"365":1,"366":1,"367":0,"368":0,"369":1,"370":1,"371":1,"372":1,"373":1,"374":1,"375":1,"376":1},"branchMap":{"0":{"type":"branch","line":367,"loc":{"start":{"line":367,"column":29},"end":{"line":369,"column":1}},"locations":[{"start":{"line":367,"column":29},"end":{"line":369,"column":1}}]},"1":{"type":"branch","line":8,"loc":{"start":{"line":8,"column":0},"end":{"line":248,"column":1}},"locations":[{"start":{"line":8,"column":0},"end":{"line":248,"column":1}}]},"2":{"type":"branch","line":11,"loc":{"start":{"line":11,"column":23},"end":{"line":30,"column":25}},"locations":[{"start":{"line":11,"column":23},"end":{"line":30,"column":25}}]},"3":{"type":"branch","line":11,"loc":{"start":{"line":11,"column":23},"end":{"line":13,"column":5}},"locations":[{"start":{"line":11,"column":23},"end":{"line":13,"column":5}}]},"4":{"type":"branch","line":13,"loc":{"start":{"line":13,"column":4},"end":{"line":30,"column":25}},"locations":[{"start":{"line":13,"column":4},"end":{"line":30,"column":25}}]},"5":{"type":"branch","line":30,"loc":{"start":{"line":30,"column":25},"end":{"line":37,"column":5}},"locations":[{"start":{"line":30,"column":25},"end":{"line":37,"column":5}}]},"6":{"type":"branch","line":36,"loc":{"start":{"line":36,"column":65},"end":{"line":37,"column":5}},"locations":[{"start":{"line":36,"column":65},"end":{"line":37,"column":5}}]},"7":{"type":"branch","line":37,"loc":{"start":{"line":37,"column":4},"end":{"line":109,"column":5}},"locations":[{"start":{"line":37,"column":4},"end":{"line":109,"column":5}}]},"8":{"type":"branch","line":37,"loc":{"start":{"line":37,"column":4},"end":{"line":46,"column":25}},"locations":[{"start":{"line":37,"column":4},"end":{"line":46,"column":25}}]},"9":{"type":"branch","line":37,"loc":{"start":{"line":37,"column":4},"end":{"line":44,"column":73}},"locations":[{"start":{"line":37,"column":4},"end":{"line":44,"column":73}}]},"10":{"type":"branch","line":44,"loc":{"start":{"line":44,"column":72},"end":{"line":46,"column":25}},"locations":[{"start":{"line":44,"column":72},"end":{"line":46,"column":25}}]},"11":{"type":"branch","line":46,"loc":{"start":{"line":46,"column":25},"end":{"line":109,"column":5}},"locations":[{"start":{"line":46,"column":25},"end":{"line":109,"column":5}}]},"12":{"type":"branch","line":47,"loc":{"start":{"line":47,"column":18},"end":{"line":51,"column":7}},"locations":[{"start":{"line":47,"column":18},"end":{"line":51,"column":7}}]},"13":{"type":"branch","line":51,"loc":{"start":{"line":51,"column":6},"end":{"line":71,"column":66}},"locations":[{"start":{"line":51,"column":6},"end":{"line":71,"column":66}}]},"14":{"type":"branch","line":55,"loc":{"start":{"line":55,"column":16},"end":{"line":58,"column":7}},"locations":[{"start":{"line":55,"column":16},"end":{"line":58,"column":7}}]},"15":{"type":"branch","line":58,"loc":{"start":{"line":58,"column":6},"end":{"line":71,"column":66}},"locations":[{"start":{"line":58,"column":6},"end":{"line":71,"column":66}}]},"16":{"type":"branch","line":58,"loc":{"start":{"line":58,"column":6},"end":{"line":71,"column":34}},"locations":[{"start":{"line":58,"column":6},"end":{"line":71,"column":34}}]},"17":{"type":"branch","line":71,"loc":{"start":{"line":71,"column":30},"end":{"line":71,"column":66}},"locations":[{"start":{"line":71,"column":30},"end":{"line":71,"column":66}}]},"18":{"type":"branch","line":77,"loc":{"start":{"line":77,"column":24},"end":{"line":77,"column":54}},"locations":[{"start":{"line":77,"column":24},"end":{"line":77,"column":54}}]},"19":{"type":"branch","line":78,"loc":{"start":{"line":78,"column":23},"end":{"line":78,"column":57}},"locations":[{"start":{"line":78,"column":23},"end":{"line":78,"column":57}}]},"20":{"type":"branch","line":79,"loc":{"start":{"line":79,"column":25},"end":{"line":79,"column":78}},"locations":[{"start":{"line":79,"column":25},"end":{"line":79,"column":78}}]},"21":{"type":"branch","line":80,"loc":{"start":{"line":80,"column":30},"end":{"line":80,"column":78}},"locations":[{"start":{"line":80,"column":30},"end":{"line":80,"column":78}}]},"22":{"type":"branch","line":81,"loc":{"start":{"line":81,"column":27},"end":{"line":81,"column":69}},"locations":[{"start":{"line":81,"column":27},"end":{"line":81,"column":69}}]},"23":{"type":"branch","line":82,"loc":{"start":{"line":82,"column":20},"end":{"line":82,"column":48}},"locations":[{"start":{"line":82,"column":20},"end":{"line":82,"column":48}}]},"24":{"type":"branch","line":83,"loc":{"start":{"line":83,"column":31},"end":{"line":83,"column":81}},"locations":[{"start":{"line":83,"column":31},"end":{"line":83,"column":81}}]},"25":{"type":"branch","line":84,"loc":{"start":{"line":84,"column":25},"end":{"line":84,"column":63}},"locations":[{"start":{"line":84,"column":25},"end":{"line":84,"column":63}}]},"26":{"type":"branch","line":85,"loc":{"start":{"line":85,"column":23},"end":{"line":85,"column":57}},"locations":[{"start":{"line":85,"column":23},"end":{"line":85,"column":57}}]},"27":{"type":"branch","line":86,"loc":{"start":{"line":86,"column":27},"end":{"line":86,"column":69}},"locations":[{"start":{"line":86,"column":27},"end":{"line":86,"column":69}}]},"28":{"type":"branch","line":87,"loc":{"start":{"line":87,"column":18},"end":{"line":87,"column":42}},"locations":[{"start":{"line":87,"column":18},"end":{"line":87,"column":42}}]},"29":{"type":"branch","line":88,"loc":{"start":{"line":88,"column":23},"end":{"line":88,"column":51}},"locations":[{"start":{"line":88,"column":23},"end":{"line":88,"column":51}}]},"30":{"type":"branch","line":89,"loc":{"start":{"line":89,"column":34},"end":{"line":89,"column":84}},"locations":[{"start":{"line":89,"column":34},"end":{"line":89,"column":84}}]},"31":{"type":"branch","line":90,"loc":{"start":{"line":90,"column":29},"end":{"line":90,"column":69}},"locations":[{"start":{"line":90,"column":29},"end":{"line":90,"column":69}}]},"32":{"type":"branch","line":95,"loc":{"start":{"line":95,"column":51},"end":{"line":100,"column":9}},"locations":[{"start":{"line":95,"column":51},"end":{"line":100,"column":9}}]},"33":{"type":"branch","line":101,"loc":{"start":{"line":101,"column":8},"end":{"line":109,"column":5}},"locations":[{"start":{"line":101,"column":8},"end":{"line":109,"column":5}}]},"34":{"type":"branch","line":101,"loc":{"start":{"line":101,"column":8},"end":{"line":106,"column":7}},"locations":[{"start":{"line":101,"column":8},"end":{"line":106,"column":7}}]},"35":{"type":"branch","line":106,"loc":{"start":{"line":106,"column":6},"end":{"line":109,"column":5}},"locations":[{"start":{"line":106,"column":6},"end":{"line":109,"column":5}}]},"36":{"type":"branch","line":109,"loc":{"start":{"line":109,"column":4},"end":{"line":119,"column":62}},"locations":[{"start":{"line":109,"column":4},"end":{"line":119,"column":62}}]},"37":{"type":"branch","line":109,"loc":{"start":{"line":109,"column":4},"end":{"line":119,"column":30}},"locations":[{"start":{"line":109,"column":4},"end":{"line":119,"column":30}}]},"38":{"type":"branch","line":119,"loc":{"start":{"line":119,"column":26},"end":{"line":119,"column":62}},"locations":[{"start":{"line":119,"column":26},"end":{"line":119,"column":62}}]},"39":{"type":"branch","line":124,"loc":{"start":{"line":124,"column":26},"end":{"line":124,"column":44}},"locations":[{"start":{"line":124,"column":26},"end":{"line":124,"column":44}}]},"40":{"type":"branch","line":124,"loc":{"start":{"line":124,"column":44},"end":{"line":124,"column":56}},"locations":[{"start":{"line":124,"column":44},"end":{"line":124,"column":56}}]},"41":{"type":"branch","line":125,"loc":{"start":{"line":125,"column":30},"end":{"line":125,"column":50}},"locations":[{"start":{"line":125,"column":30},"end":{"line":125,"column":50}}]},"42":{"type":"branch","line":125,"loc":{"start":{"line":125,"column":50},"end":{"line":125,"column":61}},"locations":[{"start":{"line":125,"column":50},"end":{"line":125,"column":61}}]},"43":{"type":"branch","line":126,"loc":{"start":{"line":126,"column":40},"end":{"line":126,"column":65}},"locations":[{"start":{"line":126,"column":40},"end":{"line":126,"column":65}}]},"44":{"type":"branch","line":126,"loc":{"start":{"line":126,"column":65},"end":{"line":126,"column":77}},"locations":[{"start":{"line":126,"column":65},"end":{"line":126,"column":77}}]},"45":{"type":"branch","line":127,"loc":{"start":{"line":127,"column":34},"end":{"line":127,"column":56}},"locations":[{"start":{"line":127,"column":34},"end":{"line":127,"column":56}}]},"46":{"type":"branch","line":127,"loc":{"start":{"line":127,"column":56},"end":{"line":127,"column":68}},"locations":[{"start":{"line":127,"column":56},"end":{"line":127,"column":68}}]},"47":{"type":"branch","line":128,"loc":{"start":{"line":128,"column":20},"end":{"line":128,"column":35}},"locations":[{"start":{"line":128,"column":20},"end":{"line":128,"column":35}}]},"48":{"type":"branch","line":128,"loc":{"start":{"line":128,"column":35},"end":{"line":128,"column":47}},"locations":[{"start":{"line":128,"column":35},"end":{"line":128,"column":47}}]},"49":{"type":"branch","line":129,"loc":{"start":{"line":129,"column":42},"end":{"line":129,"column":68}},"locations":[{"start":{"line":129,"column":42},"end":{"line":129,"column":68}}]},"50":{"type":"branch","line":129,"loc":{"start":{"line":129,"column":68},"end":{"line":129,"column":80}},"locations":[{"start":{"line":129,"column":68},"end":{"line":129,"column":80}}]},"51":{"type":"branch","line":130,"loc":{"start":{"line":130,"column":30},"end":{"line":130,"column":50}},"locations":[{"start":{"line":130,"column":30},"end":{"line":130,"column":50}}]},"52":{"type":"branch","line":130,"loc":{"start":{"line":130,"column":50},"end":{"line":130,"column":62}},"locations":[{"start":{"line":130,"column":50},"end":{"line":130,"column":62}}]},"53":{"type":"branch","line":131,"loc":{"start":{"line":131,"column":26},"end":{"line":131,"column":44}},"locations":[{"start":{"line":131,"column":26},"end":{"line":131,"column":44}}]},"54":{"type":"branch","line":131,"loc":{"start":{"line":131,"column":44},"end":{"line":131,"column":56}},"locations":[{"start":{"line":131,"column":44},"end":{"line":131,"column":56}}]},"55":{"type":"branch","line":132,"loc":{"start":{"line":132,"column":34},"end":{"line":132,"column":56}},"locations":[{"start":{"line":132,"column":34},"end":{"line":132,"column":56}}]},"56":{"type":"branch","line":132,"loc":{"start":{"line":132,"column":56},"end":{"line":132,"column":68}},"locations":[{"start":{"line":132,"column":56},"end":{"line":132,"column":68}}]},"57":{"type":"branch","line":135,"loc":{"start":{"line":135,"column":23},"end":{"line":224,"column":7}},"locations":[{"start":{"line":135,"column":23},"end":{"line":224,"column":7}}]},"58":{"type":"branch","line":135,"loc":{"start":{"line":135,"column":23},"end":{"line":172,"column":5}},"locations":[{"start":{"line":135,"column":23},"end":{"line":172,"column":5}}]},"59":{"type":"branch","line":136,"loc":{"start":{"line":136,"column":18},"end":{"line":138,"column":7}},"locations":[{"start":{"line":136,"column":18},"end":{"line":138,"column":7}}]},"60":{"type":"branch","line":138,"loc":{"start":{"line":138,"column":7},"end":{"line":171,"column":7}},"locations":[{"start":{"line":138,"column":7},"end":{"line":171,"column":7}}]},"61":{"type":"branch","line":145,"loc":{"start":{"line":145,"column":32},"end":{"line":145,"column":68}},"locations":[{"start":{"line":145,"column":32},"end":{"line":145,"column":68}}]},"62":{"type":"branch","line":150,"loc":{"start":{"line":150,"column":32},"end":{"line":150,"column":50}},"locations":[{"start":{"line":150,"column":32},"end":{"line":150,"column":50}}]},"63":{"type":"branch","line":151,"loc":{"start":{"line":151,"column":36},"end":{"line":151,"column":71}},"locations":[{"start":{"line":151,"column":36},"end":{"line":151,"column":71}}]},"64":{"type":"branch","line":152,"loc":{"start":{"line":152,"column":46},"end":{"line":152,"column":71}},"locations":[{"start":{"line":152,"column":46},"end":{"line":152,"column":71}}]},"65":{"type":"branch","line":153,"loc":{"start":{"line":153,"column":40},"end":{"line":153,"column":62}},"locations":[{"start":{"line":153,"column":40},"end":{"line":153,"column":62}}]},"66":{"type":"branch","line":154,"loc":{"start":{"line":154,"column":26},"end":{"line":154,"column":41}},"locations":[{"start":{"line":154,"column":26},"end":{"line":154,"column":41}}]},"67":{"type":"branch","line":155,"loc":{"start":{"line":155,"column":48},"end":{"line":155,"column":74}},"locations":[{"start":{"line":155,"column":48},"end":{"line":155,"column":74}}]},"68":{"type":"branch","line":156,"loc":{"start":{"line":156,"column":36},"end":{"line":156,"column":56}},"locations":[{"start":{"line":156,"column":36},"end":{"line":156,"column":56}}]},"69":{"type":"branch","line":157,"loc":{"start":{"line":157,"column":32},"end":{"line":157,"column":50}},"locations":[{"start":{"line":157,"column":32},"end":{"line":157,"column":50}}]},"70":{"type":"branch","line":158,"loc":{"start":{"line":158,"column":40},"end":{"line":158,"column":62}},"locations":[{"start":{"line":158,"column":40},"end":{"line":158,"column":62}}]},"71":{"type":"branch","line":163,"loc":{"start":{"line":163,"column":36},"end":{"line":165,"column":10}},"locations":[{"start":{"line":163,"column":36},"end":{"line":165,"column":10}}]},"72":{"type":"branch","line":172,"loc":{"start":{"line":172,"column":5},"end":{"line":174,"column":5}},"locations":[{"start":{"line":172,"column":5},"end":{"line":174,"column":5}}]},"73":{"type":"branch","line":174,"loc":{"start":{"line":174,"column":4},"end":{"line":186,"column":8}},"locations":[{"start":{"line":174,"column":4},"end":{"line":186,"column":8}}]},"74":{"type":"branch","line":174,"loc":{"start":{"line":174,"column":4},"end":{"line":179,"column":18}},"locations":[{"start":{"line":174,"column":4},"end":{"line":179,"column":18}}]},"75":{"type":"branch","line":179,"loc":{"start":{"line":179,"column":18},"end":{"line":181,"column":7}},"locations":[{"start":{"line":179,"column":18},"end":{"line":181,"column":7}}]},"76":{"type":"branch","line":181,"loc":{"start":{"line":181,"column":6},"end":{"line":186,"column":8}},"locations":[{"start":{"line":181,"column":6},"end":{"line":186,"column":8}}]},"77":{"type":"branch","line":186,"loc":{"start":{"line":186,"column":8},"end":{"line":193,"column":7}},"locations":[{"start":{"line":186,"column":8},"end":{"line":193,"column":7}}]},"78":{"type":"branch","line":193,"loc":{"start":{"line":193,"column":6},"end":{"line":216,"column":7}},"locations":[{"start":{"line":193,"column":6},"end":{"line":216,"column":7}}]},"79":{"type":"branch","line":193,"loc":{"start":{"line":193,"column":6},"end":{"line":204,"column":18}},"locations":[{"start":{"line":193,"column":6},"end":{"line":204,"column":18}}]},"80":{"type":"branch","line":204,"loc":{"start":{"line":204,"column":18},"end":{"line":216,"column":7}},"locations":[{"start":{"line":204,"column":18},"end":{"line":216,"column":7}}]},"81":{"type":"branch","line":216,"loc":{"start":{"line":216,"column":7},"end":{"line":224,"column":7}},"locations":[{"start":{"line":216,"column":7},"end":{"line":224,"column":7}}]},"82":{"type":"branch","line":221,"loc":{"start":{"line":221,"column":30},"end":{"line":223,"column":9}},"locations":[{"start":{"line":221,"column":30},"end":{"line":223,"column":9}}]},"83":{"type":"branch","line":225,"loc":{"start":{"line":225,"column":6},"end":{"line":247,"column":4}},"locations":[{"start":{"line":225,"column":6},"end":{"line":247,"column":4}}]},"84":{"type":"branch","line":225,"loc":{"start":{"line":225,"column":6},"end":{"line":231,"column":5}},"locations":[{"start":{"line":225,"column":6},"end":{"line":231,"column":5}}]},"85":{"type":"branch","line":231,"loc":{"start":{"line":231,"column":4},"end":{"line":235,"column":3}},"locations":[{"start":{"line":231,"column":4},"end":{"line":235,"column":3}}]},"86":{"type":"branch","line":236,"loc":{"start":{"line":236,"column":2},"end":{"line":247,"column":4}},"locations":[{"start":{"line":236,"column":2},"end":{"line":247,"column":4}}]},"87":{"type":"branch","line":237,"loc":{"start":{"line":237,"column":46},"end":{"line":239,"column":5}},"locations":[{"start":{"line":237,"column":46},"end":{"line":239,"column":5}}]},"88":{"type":"branch","line":239,"loc":{"start":{"line":239,"column":5},"end":{"line":243,"column":5}},"locations":[{"start":{"line":239,"column":5},"end":{"line":243,"column":5}}]},"89":{"type":"branch","line":239,"loc":{"start":{"line":239,"column":55},"end":{"line":243,"column":5}},"locations":[{"start":{"line":239,"column":55},"end":{"line":243,"column":5}}]},"90":{"type":"branch","line":239,"loc":{"start":{"line":239,"column":55},"end":{"line":241,"column":5}},"locations":[{"start":{"line":239,"column":55},"end":{"line":241,"column":5}}]},"91":{"type":"branch","line":250,"loc":{"start":{"line":250,"column":0},"end":{"line":286,"column":1}},"locations":[{"start":{"line":250,"column":0},"end":{"line":286,"column":1}}]},"92":{"type":"branch","line":257,"loc":{"start":{"line":257,"column":6},"end":{"line":259,"column":70}},"locations":[{"start":{"line":257,"column":6},"end":{"line":259,"column":70}}]},"93":{"type":"branch","line":262,"loc":{"start":{"line":262,"column":48},"end":{"line":282,"column":4}},"locations":[{"start":{"line":262,"column":48},"end":{"line":282,"column":4}}]},"94":{"type":"branch","line":268,"loc":{"start":{"line":268,"column":30},"end":{"line":274,"column":5}},"locations":[{"start":{"line":268,"column":30},"end":{"line":274,"column":5}}]},"95":{"type":"branch","line":273,"loc":{"start":{"line":273,"column":7},"end":{"line":274,"column":5}},"locations":[{"start":{"line":273,"column":7},"end":{"line":274,"column":5}}]},"96":{"type":"branch","line":274,"loc":{"start":{"line":274,"column":4},"end":{"line":282,"column":4}},"locations":[{"start":{"line":274,"column":4},"end":{"line":282,"column":4}}]},"97":{"type":"branch","line":282,"loc":{"start":{"line":282,"column":4},"end":{"line":285,"column":3}},"locations":[{"start":{"line":282,"column":4},"end":{"line":285,"column":3}}]},"98":{"type":"branch","line":288,"loc":{"start":{"line":288,"column":0},"end":{"line":302,"column":1}},"locations":[{"start":{"line":288,"column":0},"end":{"line":302,"column":1}}]},"99":{"type":"branch","line":294,"loc":{"start":{"line":294,"column":47},"end":{"line":301,"column":3}},"locations":[{"start":{"line":294,"column":47},"end":{"line":301,"column":3}}]},"100":{"type":"branch","line":294,"loc":{"start":{"line":294,"column":47},"end":{"line":296,"column":4}},"locations":[{"start":{"line":294,"column":47},"end":{"line":296,"column":4}}]},"101":{"type":"branch","line":296,"loc":{"start":{"line":296,"column":4},"end":{"line":301,"column":3}},"locations":[{"start":{"line":296,"column":4},"end":{"line":301,"column":3}}]},"102":{"type":"branch","line":297,"loc":{"start":{"line":297,"column":52},"end":{"line":299,"column":5}},"locations":[{"start":{"line":297,"column":52},"end":{"line":299,"column":5}}]},"103":{"type":"branch","line":299,"loc":{"start":{"line":299,"column":4},"end":{"line":301,"column":3}},"locations":[{"start":{"line":299,"column":4},"end":{"line":301,"column":3}}]},"104":{"type":"branch","line":304,"loc":{"start":{"line":304,"column":0},"end":{"line":326,"column":1}},"locations":[{"start":{"line":304,"column":0},"end":{"line":326,"column":1}}]},"105":{"type":"branch","line":305,"loc":{"start":{"line":305,"column":20},"end":{"line":305,"column":63}},"locations":[{"start":{"line":305,"column":20},"end":{"line":305,"column":63}}]},"106":{"type":"branch","line":305,"loc":{"start":{"line":305,"column":65},"end":{"line":307,"column":3}},"locations":[{"start":{"line":305,"column":65},"end":{"line":307,"column":3}}]},"107":{"type":"branch","line":307,"loc":{"start":{"line":307,"column":2},"end":{"line":311,"column":60}},"locations":[{"start":{"line":307,"column":2},"end":{"line":311,"column":60}}]},"108":{"type":"branch","line":311,"loc":{"start":{"line":311,"column":60},"end":{"line":323,"column":3}},"locations":[{"start":{"line":311,"column":60},"end":{"line":323,"column":3}}]},"109":{"type":"branch","line":312,"loc":{"start":{"line":312,"column":27},"end":{"line":312,"column":45}},"locations":[{"start":{"line":312,"column":27},"end":{"line":312,"column":45}}]},"110":{"type":"branch","line":312,"loc":{"start":{"line":312,"column":47},"end":{"line":322,"column":5}},"locations":[{"start":{"line":312,"column":47},"end":{"line":322,"column":5}}]},"111":{"type":"branch","line":313,"loc":{"start":{"line":313,"column":37},"end":{"line":318,"column":7}},"locations":[{"start":{"line":313,"column":37},"end":{"line":318,"column":7}}]},"112":{"type":"branch","line":314,"loc":{"start":{"line":314,"column":68},"end":{"line":317,"column":9}},"locations":[{"start":{"line":314,"column":68},"end":{"line":317,"column":9}}]},"113":{"type":"branch","line":318,"loc":{"start":{"line":318,"column":7},"end":{"line":321,"column":7}},"locations":[{"start":{"line":318,"column":7},"end":{"line":321,"column":7}}]},"114":{"type":"branch","line":318,"loc":{"start":{"line":318,"column":41},"end":{"line":321,"column":7}},"locations":[{"start":{"line":318,"column":41},"end":{"line":321,"column":7}}]},"115":{"type":"branch","line":323,"loc":{"start":{"line":323,"column":2},"end":{"line":326,"column":1}},"locations":[{"start":{"line":323,"column":2},"end":{"line":326,"column":1}}]},"116":{"type":"branch","line":328,"loc":{"start":{"line":328,"column":0},"end":{"line":365,"column":1}},"locations":[{"start":{"line":328,"column":0},"end":{"line":365,"column":1}}]},"117":{"type":"branch","line":334,"loc":{"start":{"line":334,"column":39},"end":{"line":362,"column":3}},"locations":[{"start":{"line":334,"column":39},"end":{"line":362,"column":3}}]},"118":{"type":"branch","line":341,"loc":{"start":{"line":341,"column":49},"end":{"line":343,"column":41}},"locations":[{"start":{"line":341,"column":49},"end":{"line":343,"column":41}}]},"119":{"type":"branch","line":343,"loc":{"start":{"line":343,"column":37},"end":{"line":343,"column":83}},"locations":[{"start":{"line":343,"column":37},"end":{"line":343,"column":83}}]},"120":{"type":"branch","line":343,"loc":{"start":{"line":343,"column":85},"end":{"line":346,"column":7}},"locations":[{"start":{"line":343,"column":85},"end":{"line":346,"column":7}}]},"121":{"type":"branch","line":346,"loc":{"start":{"line":346,"column":6},"end":{"line":348,"column":79}},"locations":[{"start":{"line":346,"column":6},"end":{"line":348,"column":79}}]},"122":{"type":"branch","line":348,"loc":{"start":{"line":348,"column":81},"end":{"line":350,"column":7}},"locations":[{"start":{"line":348,"column":81},"end":{"line":350,"column":7}}]},"123":{"type":"branch","line":350,"loc":{"start":{"line":350,"column":6},"end":{"line":361,"column":5}},"locations":[{"start":{"line":350,"column":6},"end":{"line":361,"column":5}}]},"124":{"type":"branch","line":355,"loc":{"start":{"line":355,"column":54},"end":{"line":361,"column":5}},"locations":[{"start":{"line":355,"column":54},"end":{"line":361,"column":5}}]},"125":{"type":"branch","line":362,"loc":{"start":{"line":362,"column":2},"end":{"line":365,"column":1}},"locations":[{"start":{"line":362,"column":2},"end":{"line":365,"column":1}}]},"126":{"type":"branch","line":353,"loc":{"start":{"line":353,"column":24},"end":{"line":353,"column":66}},"locations":[{"start":{"line":353,"column":24},"end":{"line":353,"column":66}}]},"127":{"type":"branch","line":360,"loc":{"start":{"line":360,"column":24},"end":{"line":360,"column":66}},"locations":[{"start":{"line":360,"column":24},"end":{"line":360,"column":66}}]}},"b":{"0":[0],"1":[17],"2":[16],"3":[2],"4":[15],"5":[1],"6":[0],"7":[16],"8":[15],"9":[14],"10":[11],"11":[6],"12":[1],"13":[5],"14":[2],"15":[4],"16":[3],"17":[0],"18":[0],"19":[0],"20":[0],"21":[0],"22":[0],"23":[0],"24":[0],"25":[0],"26":[0],"27":[0],"28":[0],"29":[0],"30":[0],"31":[0],"32":[1],"33":[4],"34":[2],"35":[3],"36":[12],"37":[5],"38":[0],"39":[1],"40":[4],"41":[1],"42":[4],"43":[0],"44":[5],"45":[1],"46":[4],"47":[0],"48":[5],"49":[0],"50":[5],"51":[0],"52":[5],"53":[0],"54":[5],"55":[0],"56":[5],"57":[12],"58":[5],"59":[3],"60":[2],"61":[0],"62":[0],"63":[0],"64":[0],"65":[0],"66":[0],"67":[0],"68":[0],"69":[0],"70":[0],"71":[0],"72":[0],"73":[10],"74":[5],"75":[3],"76":[5],"77":[0],"78":[10],"79":[5],"80":[3],"81":[2],"82":[0],"83":[12],"84":[2],"85":[3],"86":[4],"87":[1],"88":[3],"89":[2],"90":[1],"91":[8],"92":[0],"93":[7],"94":[12],"95":[11],"96":[5],"97":[4],"98":[19],"99":[18],"100":[7],"101":[12],"102":[8],"103":[4],"104":[17],"105":[15],"106":[3],"107":[14],"108":[30],"109":[26],"110":[24],"111":[4],"112":[3],"113":[20],"114":[8],"115":[3],"116":[4],"117":[7],"118":[5],"119":[2],"120":[3],"121":[2],"122":[0],"123":[2],"124":[1],"125":[3],"126":[2],"127":[1]},"fnMap":{"0":{"name":"run","decl":{"start":{"line":8,"column":0},"end":{"line":248,"column":1}},"loc":{"start":{"line":8,"column":0},"end":{"line":248,"column":1}},"line":8},"1":{"name":"packageCodeArtifacts","decl":{"start":{"line":250,"column":0},"end":{"line":286,"column":1}},"loc":{"start":{"line":250,"column":0},"end":{"line":286,"column":1}},"line":250},"2":{"name":"checkFunctionExists","decl":{"start":{"line":288,"column":0},"end":{"line":302,"column":1}},"loc":{"start":{"line":288,"column":0},"end":{"line":302,"column":1}},"line":288},"3":{"name":"hasConfigurationChanged","decl":{"start":{"line":304,"column":0},"end":{"line":326,"column":1}},"loc":{"start":{"line":304,"column":0},"end":{"line":326,"column":1}},"line":304},"4":{"name":"waitForFunctionUpdated","decl":{"start":{"line":328,"column":0},"end":{"line":365,"column":1}},"loc":{"start":{"line":328,"column":0},"end":{"line":365,"column":1}},"line":328}},"f":{"0":17,"1":8,"2":19,"3":17,"4":4}}
,"/Users/wuychloe/Desktop/action/src/LambdaGitHubAction/validations.js": {"path":"/Users/wuychloe/Desktop/action/src/LambdaGitHubAction/validations.js","all":false,"statementMap":{"0":{"start":{"line":1,"column":0},"end":{"line":1,"column":38}},"1":{"start":{"line":2,"column":0},"end":{"line":2,"column":0}},"2":{"start":{"line":3,"column":0},"end":{"line":3,"column":34}},"3":{"start":{"line":4,"column":0},"end":{"line":4,"column":100}},"4":{"start":{"line":5,"column":0},"end":{"line":5,"column":59}},"5":{"start":{"line":6,"column":0},"end":{"line":6,"column":103}},"6":{"start":{"line":7,"column":0},"end":{"line":7,"column":28}},"7":{"start":{"line":8,"column":0},"end":{"line":8,"column":3}},"8":{"start":{"line":9,"column":0},"end":{"line":9,"column":0}},"9":{"start":{"line":10,"column":0},"end":{"line":10,"column":71}},"10":{"start":{"line":11,"column":0},"end":{"line":11,"column":23}},"11":{"start":{"line":12,"column":0},"end":{"line":12,"column":26}},"12":{"start":{"line":13,"column":0},"end":{"line":13,"column":44}},"13":{"start":{"line":14,"column":0},"end":{"line":14,"column":88}},"14":{"start":{"line":15,"column":0},"end":{"line":15,"column":93}},"15":{"start":{"line":16,"column":0},"end":{"line":16,"column":30}},"16":{"start":{"line":17,"column":0},"end":{"line":17,"column":5}},"17":{"start":{"line":18,"column":0},"end":{"line":18,"column":3}},"18":{"start":{"line":19,"column":0},"end":{"line":19,"column":0}},"19":{"start":{"line":20,"column":0},"end":{"line":20,"column":79}},"20":{"start":{"line":21,"column":0},"end":{"line":21,"column":37}},"21":{"start":{"line":22,"column":0},"end":{"line":22,"column":81}},"22":{"start":{"line":23,"column":0},"end":{"line":23,"column":28}},"23":{"start":{"line":24,"column":0},"end":{"line":24,"column":3}},"24":{"start":{"line":25,"column":0},"end":{"line":25,"column":0}},"25":{"start":{"line":26,"column":0},"end":{"line":26,"column":11}},"26":{"start":{"line":27,"column":0},"end":{"line":27,"column":17}},"27":{"start":{"line":28,"column":0},"end":{"line":28,"column":22}},"28":{"start":{"line":29,"column":0},"end":{"line":29,"column":22}},"29":{"start":{"line":30,"column":0},"end":{"line":30,"column":12}},"30":{"start":{"line":31,"column":0},"end":{"line":31,"column":4}},"31":{"start":{"line":32,"column":0},"end":{"line":32,"column":1}},"32":{"start":{"line":33,"column":0},"end":{"line":33,"column":0}},"33":{"start":{"line":34,"column":0},"end":{"line":34,"column":35}},"34":{"start":{"line":35,"column":0},"end":{"line":35,"column":74}},"35":{"start":{"line":36,"column":0},"end":{"line":36,"column":22}},"36":{"start":{"line":37,"column":0},"end":{"line":37,"column":53}},"37":{"start":{"line":38,"column":0},"end":{"line":38,"column":28}},"38":{"start":{"line":39,"column":0},"end":{"line":39,"column":3}},"39":{"start":{"line":40,"column":0},"end":{"line":40,"column":0}},"40":{"start":{"line":41,"column":0},"end":{"line":41,"column":61}},"41":{"start":{"line":42,"column":0},"end":{"line":42,"column":16}},"42":{"start":{"line":43,"column":0},"end":{"line":43,"column":46}},"43":{"start":{"line":44,"column":0},"end":{"line":44,"column":28}},"44":{"start":{"line":45,"column":0},"end":{"line":45,"column":3}},"45":{"start":{"line":46,"column":0},"end":{"line":46,"column":0}},"46":{"start":{"line":47,"column":0},"end":{"line":47,"column":53}},"47":{"start":{"line":48,"column":0},"end":{"line":48,"column":63}},"48":{"start":{"line":49,"column":0},"end":{"line":49,"column":42}},"49":{"start":{"line":50,"column":0},"end":{"line":50,"column":82}},"50":{"start":{"line":51,"column":0},"end":{"line":51,"column":28}},"51":{"start":{"line":52,"column":0},"end":{"line":52,"column":3}},"52":{"start":{"line":53,"column":0},"end":{"line":53,"column":0}},"53":{"start":{"line":54,"column":0},"end":{"line":54,"column":11}},"54":{"start":{"line":55,"column":0},"end":{"line":55,"column":17}},"55":{"start":{"line":56,"column":0},"end":{"line":56,"column":18}},"56":{"start":{"line":57,"column":0},"end":{"line":57,"column":12}},"57":{"start":{"line":58,"column":0},"end":{"line":58,"column":17}},"58":{"start":{"line":59,"column":0},"end":{"line":59,"column":21}},"59":{"start":{"line":60,"column":0},"end":{"line":60,"column":4}},"60":{"start":{"line":61,"column":0},"end":{"line":61,"column":1}},"61":{"start":{"line":62,"column":0},"end":{"line":62,"column":0}},"62":{"start":{"line":63,"column":0},"end":{"line":63,"column":30}},"63":{"start":{"line":64,"column":0},"end":{"line":64,"column":58}},"64":{"start":{"line":65,"column":0},"end":{"line":65,"column":93}},"65":{"start":{"line":66,"column":0},"end":{"line":66,"column":70}},"66":{"start":{"line":67,"column":0},"end":{"line":67,"column":83}},"67":{"start":{"line":68,"column":0},"end":{"line":68,"column":2}},"68":{"start":{"line":69,"column":0},"end":{"line":69,"column":39}},"69":{"start":{"line":70,"column":0},"end":{"line":70,"column":28}},"70":{"start":{"line":71,"column":0},"end":{"line":71,"column":3}},"71":{"start":{"line":72,"column":0},"end":{"line":72,"column":2}},"72":{"start":{"line":73,"column":0},"end":{"line":73,"column":84}},"73":{"start":{"line":74,"column":0},"end":{"line":74,"column":28}},"74":{"start":{"line":75,"column":0},"end":{"line":75,"column":3}},"75":{"start":{"line":76,"column":0},"end":{"line":76,"column":2}},"76":{"start":{"line":77,"column":0},"end":{"line":77,"column":51}},"77":{"start":{"line":78,"column":0},"end":{"line":78,"column":28}},"78":{"start":{"line":79,"column":0},"end":{"line":79,"column":3}},"79":{"start":{"line":80,"column":0},"end":{"line":80,"column":2}},"80":{"start":{"line":81,"column":0},"end":{"line":81,"column":63}},"81":{"start":{"line":82,"column":0},"end":{"line":82,"column":28}},"82":{"start":{"line":83,"column":0},"end":{"line":83,"column":3}},"83":{"start":{"line":84,"column":0},"end":{"line":84,"column":0}},"84":{"start":{"line":85,"column":0},"end":{"line":85,"column":10}},"85":{"start":{"line":86,"column":0},"end":{"line":86,"column":16}},"86":{"start":{"line":87,"column":0},"end":{"line":87,"column":9}},"87":{"start":{"line":88,"column":0},"end":{"line":88,"column":25}},"88":{"start":{"line":89,"column":0},"end":{"line":89,"column":14}},"89":{"start":{"line":90,"column":0},"end":{"line":90,"column":19}},"90":{"start":{"line":91,"column":0},"end":{"line":91,"column":4}},"91":{"start":{"line":92,"column":0},"end":{"line":92,"column":1}},"92":{"start":{"line":93,"column":0},"end":{"line":93,"column":0}},"93":{"start":{"line":94,"column":0},"end":{"line":94,"column":31}},"94":{"start":{"line":95,"column":0},"end":{"line":95,"column":72}},"95":{"start":{"line":96,"column":0},"end":{"line":96,"column":69}},"96":{"start":{"line":97,"column":0},"end":{"line":97,"column":84}},"97":{"start":{"line":98,"column":0},"end":{"line":98,"column":77}},"98":{"start":{"line":99,"column":0},"end":{"line":99,"column":62}},"99":{"start":{"line":100,"column":0},"end":{"line":100,"column":86}},"100":{"start":{"line":101,"column":0},"end":{"line":101,"column":73}},"101":{"start":{"line":102,"column":0},"end":{"line":102,"column":69}},"102":{"start":{"line":103,"column":0},"end":{"line":103,"column":77}},"103":{"start":{"line":104,"column":0},"end":{"line":104,"column":58}},"104":{"start":{"line":105,"column":0},"end":{"line":105,"column":2}},"105":{"start":{"line":106,"column":0},"end":{"line":106,"column":86}},"106":{"start":{"line":107,"column":0},"end":{"line":107,"column":78}},"107":{"start":{"line":108,"column":0},"end":{"line":108,"column":36}},"108":{"start":{"line":109,"column":0},"end":{"line":109,"column":0}},"109":{"start":{"line":110,"column":0},"end":{"line":110,"column":7}},"110":{"start":{"line":111,"column":0},"end":{"line":111,"column":22}},"111":{"start":{"line":112,"column":0},"end":{"line":112,"column":69}},"112":{"start":{"line":113,"column":0},"end":{"line":113,"column":5}},"113":{"start":{"line":114,"column":0},"end":{"line":114,"column":4}},"114":{"start":{"line":115,"column":0},"end":{"line":115,"column":20}},"115":{"start":{"line":116,"column":0},"end":{"line":116,"column":64}},"116":{"start":{"line":117,"column":0},"end":{"line":117,"column":84}},"117":{"start":{"line":118,"column":0},"end":{"line":118,"column":75}},"118":{"start":{"line":119,"column":0},"end":{"line":119,"column":7}},"119":{"start":{"line":120,"column":0},"end":{"line":120,"column":98}},"120":{"start":{"line":121,"column":0},"end":{"line":121,"column":82}},"121":{"start":{"line":122,"column":0},"end":{"line":122,"column":7}},"122":{"start":{"line":123,"column":0},"end":{"line":123,"column":5}},"123":{"start":{"line":124,"column":0},"end":{"line":124,"column":4}},"124":{"start":{"line":125,"column":0},"end":{"line":125,"column":27}},"125":{"start":{"line":126,"column":0},"end":{"line":126,"column":86}},"126":{"start":{"line":127,"column":0},"end":{"line":127,"column":46}},"127":{"start":{"line":128,"column":0},"end":{"line":128,"column":71}},"128":{"start":{"line":129,"column":0},"end":{"line":129,"column":7}},"129":{"start":{"line":130,"column":0},"end":{"line":130,"column":5}},"130":{"start":{"line":131,"column":0},"end":{"line":131,"column":4}},"131":{"start":{"line":132,"column":0},"end":{"line":132,"column":24}},"132":{"start":{"line":133,"column":0},"end":{"line":133,"column":76}},"133":{"start":{"line":134,"column":0},"end":{"line":134,"column":103}},"134":{"start":{"line":135,"column":0},"end":{"line":135,"column":81}},"135":{"start":{"line":136,"column":0},"end":{"line":136,"column":7}},"136":{"start":{"line":137,"column":0},"end":{"line":137,"column":5}},"137":{"start":{"line":138,"column":0},"end":{"line":138,"column":4}},"138":{"start":{"line":139,"column":0},"end":{"line":139,"column":17}},"139":{"start":{"line":140,"column":0},"end":{"line":140,"column":54}},"140":{"start":{"line":141,"column":0},"end":{"line":141,"column":41}},"141":{"start":{"line":142,"column":0},"end":{"line":142,"column":65}},"142":{"start":{"line":143,"column":0},"end":{"line":143,"column":7}},"143":{"start":{"line":144,"column":0},"end":{"line":144,"column":5}},"144":{"start":{"line":145,"column":0},"end":{"line":145,"column":4}},"145":{"start":{"line":146,"column":0},"end":{"line":146,"column":28}},"146":{"start":{"line":147,"column":0},"end":{"line":147,"column":89}},"147":{"start":{"line":148,"column":0},"end":{"line":148,"column":52}},"148":{"start":{"line":149,"column":0},"end":{"line":149,"column":64}},"149":{"start":{"line":150,"column":0},"end":{"line":150,"column":7}},"150":{"start":{"line":151,"column":0},"end":{"line":151,"column":53}},"151":{"start":{"line":152,"column":0},"end":{"line":152,"column":52}},"152":{"start":{"line":153,"column":0},"end":{"line":153,"column":93}},"153":{"start":{"line":154,"column":0},"end":{"line":154,"column":9}},"154":{"start":{"line":155,"column":0},"end":{"line":155,"column":7}},"155":{"start":{"line":156,"column":0},"end":{"line":156,"column":5}},"156":{"start":{"line":157,"column":0},"end":{"line":157,"column":4}},"157":{"start":{"line":158,"column":0},"end":{"line":158,"column":22}},"158":{"start":{"line":159,"column":0},"end":{"line":159,"column":70}},"159":{"start":{"line":160,"column":0},"end":{"line":160,"column":5}},"160":{"start":{"line":161,"column":0},"end":{"line":161,"column":4}},"161":{"start":{"line":162,"column":0},"end":{"line":162,"column":20}},"162":{"start":{"line":163,"column":0},"end":{"line":163,"column":64}},"163":{"start":{"line":164,"column":0},"end":{"line":164,"column":105}},"164":{"start":{"line":165,"column":0},"end":{"line":165,"column":84}},"165":{"start":{"line":166,"column":0},"end":{"line":166,"column":7}},"166":{"start":{"line":167,"column":0},"end":{"line":167,"column":5}},"167":{"start":{"line":168,"column":0},"end":{"line":168,"column":4}},"168":{"start":{"line":169,"column":0},"end":{"line":169,"column":24}},"169":{"start":{"line":170,"column":0},"end":{"line":170,"column":76}},"170":{"start":{"line":171,"column":0},"end":{"line":171,"column":5}},"171":{"start":{"line":172,"column":0},"end":{"line":172,"column":4}},"172":{"start":{"line":173,"column":0},"end":{"line":173,"column":15}},"173":{"start":{"line":174,"column":0},"end":{"line":174,"column":48}},"174":{"start":{"line":175,"column":0},"end":{"line":175,"column":72}},"175":{"start":{"line":176,"column":0},"end":{"line":176,"column":69}},"176":{"start":{"line":177,"column":0},"end":{"line":177,"column":7}},"177":{"start":{"line":178,"column":0},"end":{"line":178,"column":5}},"178":{"start":{"line":179,"column":0},"end":{"line":179,"column":19}},"179":{"start":{"line":180,"column":0},"end":{"line":180,"column":63}},"180":{"start":{"line":181,"column":0},"end":{"line":181,"column":28}},"181":{"start":{"line":182,"column":0},"end":{"line":182,"column":3}},"182":{"start":{"line":183,"column":0},"end":{"line":183,"column":0}},"183":{"start":{"line":184,"column":0},"end":{"line":184,"column":10}},"184":{"start":{"line":185,"column":0},"end":{"line":185,"column":16}},"185":{"start":{"line":186,"column":0},"end":{"line":186,"column":16}},"186":{"start":{"line":187,"column":0},"end":{"line":187,"column":14}},"187":{"start":{"line":188,"column":0},"end":{"line":188,"column":21}},"188":{"start":{"line":189,"column":0},"end":{"line":189,"column":18}},"189":{"start":{"line":190,"column":0},"end":{"line":190,"column":11}},"190":{"start":{"line":191,"column":0},"end":{"line":191,"column":23}},"191":{"start":{"line":192,"column":0},"end":{"line":192,"column":16}},"192":{"start":{"line":193,"column":0},"end":{"line":193,"column":14}},"193":{"start":{"line":194,"column":0},"end":{"line":194,"column":18}},"194":{"start":{"line":195,"column":0},"end":{"line":195,"column":9}},"195":{"start":{"line":196,"column":0},"end":{"line":196,"column":22}},"196":{"start":{"line":197,"column":0},"end":{"line":197,"column":20}},"197":{"start":{"line":198,"column":0},"end":{"line":198,"column":27}},"198":{"start":{"line":199,"column":0},"end":{"line":199,"column":24}},"199":{"start":{"line":200,"column":0},"end":{"line":200,"column":17}},"200":{"start":{"line":201,"column":0},"end":{"line":201,"column":28}},"201":{"start":{"line":202,"column":0},"end":{"line":202,"column":23}},"202":{"start":{"line":203,"column":0},"end":{"line":203,"column":20}},"203":{"start":{"line":204,"column":0},"end":{"line":204,"column":24}},"204":{"start":{"line":205,"column":0},"end":{"line":205,"column":14}},"205":{"start":{"line":206,"column":0},"end":{"line":206,"column":4}},"206":{"start":{"line":207,"column":0},"end":{"line":207,"column":1}},"207":{"start":{"line":208,"column":0},"end":{"line":208,"column":0}},"208":{"start":{"line":209,"column":0},"end":{"line":209,"column":32}},"209":{"start":{"line":210,"column":0},"end":{"line":210,"column":89}},"210":{"start":{"line":211,"column":0},"end":{"line":211,"column":28}},"211":{"start":{"line":212,"column":0},"end":{"line":212,"column":79}},"212":{"start":{"line":213,"column":0},"end":{"line":213,"column":79}},"213":{"start":{"line":214,"column":0},"end":{"line":214,"column":71}},"214":{"start":{"line":215,"column":0},"end":{"line":215,"column":80}},"215":{"start":{"line":216,"column":0},"end":{"line":216,"column":64}},"216":{"start":{"line":217,"column":0},"end":{"line":217,"column":88}},"217":{"start":{"line":218,"column":0},"end":{"line":218,"column":0}},"218":{"start":{"line":219,"column":0},"end":{"line":219,"column":10}},"219":{"start":{"line":220,"column":0},"end":{"line":220,"column":24}},"220":{"start":{"line":221,"column":0},"end":{"line":221,"column":16}},"221":{"start":{"line":222,"column":0},"end":{"line":222,"column":11}},"222":{"start":{"line":223,"column":0},"end":{"line":223,"column":12}},"223":{"start":{"line":224,"column":0},"end":{"line":224,"column":15}},"224":{"start":{"line":225,"column":0},"end":{"line":225,"column":12}},"225":{"start":{"line":226,"column":0},"end":{"line":226,"column":12}},"226":{"start":{"line":227,"column":0},"end":{"line":227,"column":17}},"227":{"start":{"line":228,"column":0},"end":{"line":228,"column":4}},"228":{"start":{"line":229,"column":0},"end":{"line":229,"column":1}},"229":{"start":{"line":230,"column":0},"end":{"line":230,"column":0}},"230":{"start":{"line":231,"column":0},"end":{"line":231,"column":48}},"231":{"start":{"line":232,"column":0},"end":{"line":232,"column":7}},"232":{"start":{"line":233,"column":0},"end":{"line":233,"column":34}},"233":{"start":{"line":234,"column":0},"end":{"line":234,"column":19}},"234":{"start":{"line":235,"column":0},"end":{"line":235,"column":76}},"235":{"start":{"line":236,"column":0},"end":{"line":236,"column":3}},"236":{"start":{"line":237,"column":0},"end":{"line":237,"column":1}},"237":{"start":{"line":238,"column":0},"end":{"line":238,"column":0}},"238":{"start":{"line":239,"column":0},"end":{"line":239,"column":31}},"239":{"start":{"line":240,"column":0},"end":{"line":240,"column":91}},"240":{"start":{"line":241,"column":0},"end":{"line":241,"column":2}},"241":{"start":{"line":242,"column":0},"end":{"line":242,"column":31}},"242":{"start":{"line":243,"column":0},"end":{"line":243,"column":58}},"243":{"start":{"line":244,"column":0},"end":{"line":244,"column":17}},"244":{"start":{"line":245,"column":0},"end":{"line":245,"column":3}},"245":{"start":{"line":246,"column":0},"end":{"line":246,"column":14}},"246":{"start":{"line":247,"column":0},"end":{"line":247,"column":1}},"247":{"start":{"line":248,"column":0},"end":{"line":248,"column":0}},"248":{"start":{"line":249,"column":0},"end":{"line":249,"column":44}},"249":{"start":{"line":250,"column":0},"end":{"line":250,"column":109}},"250":{"start":{"line":251,"column":0},"end":{"line":251,"column":0}},"251":{"start":{"line":252,"column":0},"end":{"line":252,"column":30}},"252":{"start":{"line":253,"column":0},"end":{"line":253,"column":69}},"253":{"start":{"line":254,"column":0},"end":{"line":254,"column":17}},"254":{"start":{"line":255,"column":0},"end":{"line":255,"column":3}},"255":{"start":{"line":256,"column":0},"end":{"line":256,"column":14}},"256":{"start":{"line":257,"column":0},"end":{"line":257,"column":1}},"257":{"start":{"line":258,"column":0},"end":{"line":258,"column":0}},"258":{"start":{"line":259,"column":0},"end":{"line":259,"column":33}},"259":{"start":{"line":260,"column":0},"end":{"line":260,"column":91}},"260":{"start":{"line":261,"column":0},"end":{"line":261,"column":2}},"261":{"start":{"line":262,"column":0},"end":{"line":262,"column":30}},"262":{"start":{"line":263,"column":0},"end":{"line":263,"column":57}},"263":{"start":{"line":264,"column":0},"end":{"line":264,"column":17}},"264":{"start":{"line":265,"column":0},"end":{"line":265,"column":3}},"265":{"start":{"line":266,"column":0},"end":{"line":266,"column":14}},"266":{"start":{"line":267,"column":0},"end":{"line":267,"column":1}},"267":{"start":{"line":268,"column":0},"end":{"line":268,"column":0}},"268":{"start":{"line":269,"column":0},"end":{"line":269,"column":30}},"269":{"start":{"line":270,"column":0},"end":{"line":270,"column":50}},"270":{"start":{"line":271,"column":0},"end":{"line":271,"column":30}},"271":{"start":{"line":272,"column":0},"end":{"line":272,"column":28}},"272":{"start":{"line":273,"column":0},"end":{"line":273,"column":3}},"273":{"start":{"line":274,"column":0},"end":{"line":274,"column":2}},"274":{"start":{"line":275,"column":0},"end":{"line":275,"column":48}},"275":{"start":{"line":276,"column":0},"end":{"line":276,"column":29}},"276":{"start":{"line":277,"column":0},"end":{"line":277,"column":28}},"277":{"start":{"line":278,"column":0},"end":{"line":278,"column":3}},"278":{"start":{"line":279,"column":0},"end":{"line":279,"column":2}},"279":{"start":{"line":280,"column":0},"end":{"line":280,"column":40}},"280":{"start":{"line":281,"column":0},"end":{"line":281,"column":25}},"281":{"start":{"line":282,"column":0},"end":{"line":282,"column":28}},"282":{"start":{"line":283,"column":0},"end":{"line":283,"column":3}},"283":{"start":{"line":284,"column":0},"end":{"line":284,"column":2}},"284":{"start":{"line":285,"column":0},"end":{"line":285,"column":42}},"285":{"start":{"line":286,"column":0},"end":{"line":286,"column":26}},"286":{"start":{"line":287,"column":0},"end":{"line":287,"column":28}},"287":{"start":{"line":288,"column":0},"end":{"line":288,"column":3}},"288":{"start":{"line":289,"column":0},"end":{"line":289,"column":2}},"289":{"start":{"line":290,"column":0},"end":{"line":290,"column":49}},"290":{"start":{"line":291,"column":0},"end":{"line":291,"column":2}},"291":{"start":{"line":292,"column":0},"end":{"line":292,"column":10}},"292":{"start":{"line":293,"column":0},"end":{"line":293,"column":16}},"293":{"start":{"line":294,"column":0},"end":{"line":294,"column":22}},"294":{"start":{"line":295,"column":0},"end":{"line":295,"column":21}},"295":{"start":{"line":296,"column":0},"end":{"line":296,"column":17}},"296":{"start":{"line":297,"column":0},"end":{"line":297,"column":18}},"297":{"start":{"line":298,"column":0},"end":{"line":298,"column":23}},"298":{"start":{"line":299,"column":0},"end":{"line":299,"column":4}},"299":{"start":{"line":300,"column":0},"end":{"line":300,"column":1}},"300":{"start":{"line":301,"column":0},"end":{"line":301,"column":0}},"301":{"start":{"line":302,"column":0},"end":{"line":302,"column":18}},"302":{"start":{"line":303,"column":0},"end":{"line":303,"column":20}},"303":{"start":{"line":304,"column":0},"end":{"line":304,"column":17}},"304":{"start":{"line":305,"column":0},"end":{"line":305,"column":18}},"305":{"start":{"line":306,"column":0},"end":{"line":306,"column":31}},"306":{"start":{"line":307,"column":0},"end":{"line":307,"column":19}},"307":{"start":{"line":308,"column":0},"end":{"line":308,"column":2}}},"s":{"0":1,"1":1,"2":55,"3":55,"4":55,"5":4,"6":4,"7":4,"8":51,"9":51,"10":51,"11":55,"12":10,"13":10,"14":5,"15":5,"16":5,"17":10,"18":46,"19":55,"20":55,"21":4,"22":4,"23":4,"24":42,"25":42,"26":42,"27":42,"28":42,"29":42,"30":42,"31":42,"32":1,"33":58,"34":58,"35":58,"36":1,"37":1,"38":1,"39":57,"40":57,"41":58,"42":1,"43":1,"44":1,"45":56,"46":56,"47":56,"48":58,"49":1,"50":1,"51":1,"52":55,"53":55,"54":55,"55":55,"56":55,"57":55,"58":55,"59":55,"60":55,"61":1,"62":42,"63":42,"64":42,"65":42,"66":42,"67":42,"68":42,"69":0,"70":0,"71":42,"72":42,"73":0,"74":0,"75":42,"76":42,"77":0,"78":0,"79":42,"80":42,"81":0,"82":0,"83":42,"84":42,"85":42,"86":42,"87":42,"88":42,"89":42,"90":42,"91":42,"92":1,"93":42,"94":42,"95":42,"96":42,"97":42,"98":42,"99":42,"100":42,"101":42,"102":42,"103":42,"104":42,"105":42,"106":42,"107":42,"108":42,"109":42,"110":42,"111":2,"112":2,"113":41,"114":42,"115":5,"116":5,"117":2,"118":2,"119":5,"120":2,"121":2,"122":5,"123":37,"124":42,"125":2,"126":2,"127":1,"128":1,"129":2,"130":36,"131":42,"132":4,"133":4,"134":2,"135":2,"136":4,"137":34,"138":42,"139":2,"140":2,"141":1,"142":1,"143":2,"144":33,"145":42,"146":4,"147":4,"148":1,"149":1,"150":3,"151":3,"152":2,"153":2,"154":3,"155":1,"156":30,"157":42,"158":0,"159":0,"160":30,"161":42,"162":4,"163":4,"164":2,"165":2,"166":4,"167":28,"168":42,"169":0,"170":0,"171":28,"172":42,"173":2,"174":2,"175":1,"176":1,"177":2,"178":42,"179":15,"180":15,"181":15,"182":27,"183":27,"184":27,"185":27,"186":27,"187":27,"188":27,"189":27,"190":27,"191":27,"192":27,"193":27,"194":27,"195":27,"196":27,"197":27,"198":27,"199":27,"200":27,"201":27,"202":27,"203":27,"204":27,"205":27,"206":27,"207":1,"208":27,"209":27,"210":27,"211":27,"212":27,"213":27,"214":27,"215":27,"216":27,"217":27,"218":27,"219":27,"220":27,"221":27,"222":27,"223":27,"224":27,"225":27,"226":27,"227":27,"228":27,"229":1,"230":30,"231":30,"232":30,"233":30,"234":4,"235":4,"236":30,"237":1,"238":11,"239":11,"240":11,"241":11,"242":5,"243":5,"244":5,"245":6,"246":6,"247":1,"248":5,"249":5,"250":5,"251":5,"252":3,"253":3,"254":3,"255":2,"256":2,"257":1,"258":7,"259":7,"260":7,"261":7,"262":4,"263":4,"264":4,"265":3,"266":3,"267":1,"268":58,"269":58,"270":58,"271":3,"272":3,"273":55,"274":55,"275":58,"276":13,"277":13,"278":42,"279":42,"280":58,"281":0,"282":0,"283":42,"284":42,"285":58,"286":15,"287":15,"288":27,"289":27,"290":27,"291":27,"292":27,"293":27,"294":27,"295":27,"296":27,"297":27,"298":27,"299":27,"300":1,"301":1,"302":1,"303":1,"304":1,"305":1,"306":1,"307":1},"branchMap":{"0":{"type":"branch","line":3,"loc":{"start":{"line":3,"column":0},"end":{"line":32,"column":1}},"locations":[{"start":{"line":3,"column":0},"end":{"line":32,"column":1}}]},"1":{"type":"branch","line":4,"loc":{"start":{"line":4,"column":92},"end":{"line":4,"column":99}},"locations":[{"start":{"line":4,"column":92},"end":{"line":4,"column":99}}]},"2":{"type":"branch","line":5,"loc":{"start":{"line":5,"column":28},"end":{"line":5,"column":56}},"locations":[{"start":{"line":5,"column":28},"end":{"line":5,"column":56}}]},"3":{"type":"branch","line":5,"loc":{"start":{"line":5,"column":58},"end":{"line":8,"column":3}},"locations":[{"start":{"line":5,"column":58},"end":{"line":8,"column":3}}]},"4":{"type":"branch","line":8,"loc":{"start":{"line":8,"column":2},"end":{"line":12,"column":25}},"locations":[{"start":{"line":8,"column":2},"end":{"line":12,"column":25}}]},"5":{"type":"branch","line":12,"loc":{"start":{"line":12,"column":25},"end":{"line":18,"column":3}},"locations":[{"start":{"line":12,"column":25},"end":{"line":18,"column":3}}]},"6":{"type":"branch","line":14,"loc":{"start":{"line":14,"column":57},"end":{"line":14,"column":85}},"locations":[{"start":{"line":14,"column":57},"end":{"line":14,"column":85}}]},"7":{"type":"branch","line":14,"loc":{"start":{"line":14,"column":87},"end":{"line":17,"column":5}},"locations":[{"start":{"line":14,"column":87},"end":{"line":17,"column":5}}]},"8":{"type":"branch","line":18,"loc":{"start":{"line":18,"column":2},"end":{"line":20,"column":77}},"locations":[{"start":{"line":18,"column":2},"end":{"line":20,"column":77}}]},"9":{"type":"branch","line":20,"loc":{"start":{"line":20,"column":73},"end":{"line":20,"column":78}},"locations":[{"start":{"line":20,"column":73},"end":{"line":20,"column":78}}]},"10":{"type":"branch","line":21,"loc":{"start":{"line":21,"column":17},"end":{"line":21,"column":34}},"locations":[{"start":{"line":21,"column":17},"end":{"line":21,"column":34}}]},"11":{"type":"branch","line":21,"loc":{"start":{"line":21,"column":36},"end":{"line":24,"column":3}},"locations":[{"start":{"line":21,"column":36},"end":{"line":24,"column":3}}]},"12":{"type":"branch","line":24,"loc":{"start":{"line":24,"column":2},"end":{"line":32,"column":1}},"locations":[{"start":{"line":24,"column":2},"end":{"line":32,"column":1}}]},"13":{"type":"branch","line":34,"loc":{"start":{"line":34,"column":0},"end":{"line":61,"column":1}},"locations":[{"start":{"line":34,"column":0},"end":{"line":61,"column":1}}]},"14":{"type":"branch","line":36,"loc":{"start":{"line":36,"column":21},"end":{"line":39,"column":3}},"locations":[{"start":{"line":36,"column":21},"end":{"line":39,"column":3}}]},"15":{"type":"branch","line":39,"loc":{"start":{"line":39,"column":2},"end":{"line":42,"column":15}},"locations":[{"start":{"line":39,"column":2},"end":{"line":42,"column":15}}]},"16":{"type":"branch","line":42,"loc":{"start":{"line":42,"column":15},"end":{"line":45,"column":3}},"locations":[{"start":{"line":42,"column":15},"end":{"line":45,"column":3}}]},"17":{"type":"branch","line":45,"loc":{"start":{"line":45,"column":2},"end":{"line":49,"column":22}},"locations":[{"start":{"line":45,"column":2},"end":{"line":49,"column":22}}]},"18":{"type":"branch","line":49,"loc":{"start":{"line":49,"column":18},"end":{"line":49,"column":39}},"locations":[{"start":{"line":49,"column":18},"end":{"line":49,"column":39}}]},"19":{"type":"branch","line":49,"loc":{"start":{"line":49,"column":41},"end":{"line":52,"column":3}},"locations":[{"start":{"line":49,"column":41},"end":{"line":52,"column":3}}]},"20":{"type":"branch","line":52,"loc":{"start":{"line":52,"column":2},"end":{"line":61,"column":1}},"locations":[{"start":{"line":52,"column":2},"end":{"line":61,"column":1}}]},"21":{"type":"branch","line":63,"loc":{"start":{"line":63,"column":0},"end":{"line":92,"column":1}},"locations":[{"start":{"line":63,"column":0},"end":{"line":92,"column":1}}]},"22":{"type":"branch","line":69,"loc":{"start":{"line":69,"column":10},"end":{"line":69,"column":36}},"locations":[{"start":{"line":69,"column":10},"end":{"line":69,"column":36}}]},"23":{"type":"branch","line":69,"loc":{"start":{"line":69,"column":38},"end":{"line":71,"column":3}},"locations":[{"start":{"line":69,"column":38},"end":{"line":71,"column":3}}]},"24":{"type":"branch","line":73,"loc":{"start":{"line":73,"column":26},"end":{"line":73,"column":81}},"locations":[{"start":{"line":73,"column":26},"end":{"line":73,"column":81}}]},"25":{"type":"branch","line":73,"loc":{"start":{"line":73,"column":83},"end":{"line":75,"column":3}},"locations":[{"start":{"line":73,"column":83},"end":{"line":75,"column":3}}]},"26":{"type":"branch","line":77,"loc":{"start":{"line":77,"column":15},"end":{"line":77,"column":48}},"locations":[{"start":{"line":77,"column":15},"end":{"line":77,"column":48}}]},"27":{"type":"branch","line":77,"loc":{"start":{"line":77,"column":50},"end":{"line":79,"column":3}},"locations":[{"start":{"line":77,"column":50},"end":{"line":79,"column":3}}]},"28":{"type":"branch","line":81,"loc":{"start":{"line":81,"column":21},"end":{"line":81,"column":60}},"locations":[{"start":{"line":81,"column":21},"end":{"line":81,"column":60}}]},"29":{"type":"branch","line":81,"loc":{"start":{"line":81,"column":62},"end":{"line":83,"column":3}},"locations":[{"start":{"line":81,"column":62},"end":{"line":83,"column":3}}]},"30":{"type":"branch","line":94,"loc":{"start":{"line":94,"column":0},"end":{"line":207,"column":1}},"locations":[{"start":{"line":94,"column":0},"end":{"line":207,"column":1}}]},"31":{"type":"branch","line":111,"loc":{"start":{"line":111,"column":21},"end":{"line":113,"column":5}},"locations":[{"start":{"line":111,"column":21},"end":{"line":113,"column":5}}]},"32":{"type":"branch","line":113,"loc":{"start":{"line":113,"column":4},"end":{"line":115,"column":19}},"locations":[{"start":{"line":113,"column":4},"end":{"line":115,"column":19}}]},"33":{"type":"branch","line":115,"loc":{"start":{"line":115,"column":19},"end":{"line":123,"column":5}},"locations":[{"start":{"line":115,"column":19},"end":{"line":123,"column":5}}]},"34":{"type":"branch","line":117,"loc":{"start":{"line":117,"column":36},"end":{"line":117,"column":81}},"locations":[{"start":{"line":117,"column":36},"end":{"line":117,"column":81}}]},"35":{"type":"branch","line":117,"loc":{"start":{"line":117,"column":83},"end":{"line":119,"column":7}},"locations":[{"start":{"line":117,"column":83},"end":{"line":119,"column":7}}]},"36":{"type":"branch","line":119,"loc":{"start":{"line":119,"column":6},"end":{"line":120,"column":47}},"locations":[{"start":{"line":119,"column":6},"end":{"line":120,"column":47}}]},"37":{"type":"branch","line":120,"loc":{"start":{"line":120,"column":43},"end":{"line":120,"column":95}},"locations":[{"start":{"line":120,"column":43},"end":{"line":120,"column":95}}]},"38":{"type":"branch","line":120,"loc":{"start":{"line":120,"column":97},"end":{"line":122,"column":7}},"locations":[{"start":{"line":120,"column":97},"end":{"line":122,"column":7}}]},"39":{"type":"branch","line":123,"loc":{"start":{"line":123,"column":4},"end":{"line":125,"column":26}},"locations":[{"start":{"line":123,"column":4},"end":{"line":125,"column":26}}]},"40":{"type":"branch","line":125,"loc":{"start":{"line":125,"column":26},"end":{"line":130,"column":5}},"locations":[{"start":{"line":125,"column":26},"end":{"line":130,"column":5}}]},"41":{"type":"branch","line":127,"loc":{"start":{"line":127,"column":45},"end":{"line":129,"column":7}},"locations":[{"start":{"line":127,"column":45},"end":{"line":129,"column":7}}]},"42":{"type":"branch","line":130,"loc":{"start":{"line":130,"column":4},"end":{"line":132,"column":23}},"locations":[{"start":{"line":130,"column":4},"end":{"line":132,"column":23}}]},"43":{"type":"branch","line":132,"loc":{"start":{"line":132,"column":23},"end":{"line":137,"column":5}},"locations":[{"start":{"line":132,"column":23},"end":{"line":137,"column":5}}]},"44":{"type":"branch","line":134,"loc":{"start":{"line":134,"column":35},"end":{"line":134,"column":100}},"locations":[{"start":{"line":134,"column":35},"end":{"line":134,"column":100}}]},"45":{"type":"branch","line":134,"loc":{"start":{"line":134,"column":102},"end":{"line":136,"column":7}},"locations":[{"start":{"line":134,"column":102},"end":{"line":136,"column":7}}]},"46":{"type":"branch","line":137,"loc":{"start":{"line":137,"column":4},"end":{"line":139,"column":16}},"locations":[{"start":{"line":137,"column":4},"end":{"line":139,"column":16}}]},"47":{"type":"branch","line":139,"loc":{"start":{"line":139,"column":16},"end":{"line":144,"column":5}},"locations":[{"start":{"line":139,"column":16},"end":{"line":144,"column":5}}]},"48":{"type":"branch","line":141,"loc":{"start":{"line":141,"column":40},"end":{"line":143,"column":7}},"locations":[{"start":{"line":141,"column":40},"end":{"line":143,"column":7}}]},"49":{"type":"branch","line":144,"loc":{"start":{"line":144,"column":4},"end":{"line":146,"column":27}},"locations":[{"start":{"line":144,"column":4},"end":{"line":146,"column":27}}]},"50":{"type":"branch","line":146,"loc":{"start":{"line":146,"column":27},"end":{"line":156,"column":5}},"locations":[{"start":{"line":146,"column":27},"end":{"line":156,"column":5}}]},"51":{"type":"branch","line":148,"loc":{"start":{"line":148,"column":51},"end":{"line":150,"column":7}},"locations":[{"start":{"line":148,"column":51},"end":{"line":150,"column":7}}]},"52":{"type":"branch","line":150,"loc":{"start":{"line":150,"column":6},"end":{"line":155,"column":7}},"locations":[{"start":{"line":150,"column":6},"end":{"line":155,"column":7}}]},"53":{"type":"branch","line":152,"loc":{"start":{"line":152,"column":23},"end":{"line":152,"column":49}},"locations":[{"start":{"line":152,"column":23},"end":{"line":152,"column":49}}]},"54":{"type":"branch","line":152,"loc":{"start":{"line":152,"column":51},"end":{"line":154,"column":9}},"locations":[{"start":{"line":152,"column":51},"end":{"line":154,"column":9}}]},"55":{"type":"branch","line":155,"loc":{"start":{"line":155,"column":6},"end":{"line":156,"column":5}},"locations":[{"start":{"line":155,"column":6},"end":{"line":156,"column":5}}]},"56":{"type":"branch","line":156,"loc":{"start":{"line":156,"column":4},"end":{"line":158,"column":21}},"locations":[{"start":{"line":156,"column":4},"end":{"line":158,"column":21}}]},"57":{"type":"branch","line":158,"loc":{"start":{"line":158,"column":21},"end":{"line":160,"column":5}},"locations":[{"start":{"line":158,"column":21},"end":{"line":160,"column":5}}]},"58":{"type":"branch","line":160,"loc":{"start":{"line":160,"column":4},"end":{"line":162,"column":19}},"locations":[{"start":{"line":160,"column":4},"end":{"line":162,"column":19}}]},"59":{"type":"branch","line":162,"loc":{"start":{"line":162,"column":19},"end":{"line":167,"column":5}},"locations":[{"start":{"line":162,"column":19},"end":{"line":167,"column":5}}]},"60":{"type":"branch","line":164,"loc":{"start":{"line":164,"column":34},"end":{"line":164,"column":102}},"locations":[{"start":{"line":164,"column":34},"end":{"line":164,"column":102}}]},"61":{"type":"branch","line":164,"loc":{"start":{"line":164,"column":104},"end":{"line":166,"column":7}},"locations":[{"start":{"line":164,"column":104},"end":{"line":166,"column":7}}]},"62":{"type":"branch","line":167,"loc":{"start":{"line":167,"column":4},"end":{"line":169,"column":23}},"locations":[{"start":{"line":167,"column":4},"end":{"line":169,"column":23}}]},"63":{"type":"branch","line":169,"loc":{"start":{"line":169,"column":23},"end":{"line":171,"column":5}},"locations":[{"start":{"line":169,"column":23},"end":{"line":171,"column":5}}]},"64":{"type":"branch","line":171,"loc":{"start":{"line":171,"column":4},"end":{"line":173,"column":14}},"locations":[{"start":{"line":171,"column":4},"end":{"line":173,"column":14}}]},"65":{"type":"branch","line":173,"loc":{"start":{"line":173,"column":14},"end":{"line":178,"column":5}},"locations":[{"start":{"line":173,"column":14},"end":{"line":178,"column":5}}]},"66":{"type":"branch","line":175,"loc":{"start":{"line":175,"column":71},"end":{"line":177,"column":7}},"locations":[{"start":{"line":175,"column":71},"end":{"line":177,"column":7}}]},"67":{"type":"branch","line":179,"loc":{"start":{"line":179,"column":4},"end":{"line":182,"column":3}},"locations":[{"start":{"line":179,"column":4},"end":{"line":182,"column":3}}]},"68":{"type":"branch","line":182,"loc":{"start":{"line":182,"column":2},"end":{"line":207,"column":1}},"locations":[{"start":{"line":182,"column":2},"end":{"line":207,"column":1}}]},"69":{"type":"branch","line":209,"loc":{"start":{"line":209,"column":0},"end":{"line":229,"column":1}},"locations":[{"start":{"line":209,"column":0},"end":{"line":229,"column":1}}]},"70":{"type":"branch","line":215,"loc":{"start":{"line":215,"column":63},"end":{"line":215,"column":79}},"locations":[{"start":{"line":215,"column":63},"end":{"line":215,"column":79}}]},"71":{"type":"branch","line":231,"loc":{"start":{"line":231,"column":0},"end":{"line":237,"column":1}},"locations":[{"start":{"line":231,"column":0},"end":{"line":237,"column":1}}]},"72":{"type":"branch","line":234,"loc":{"start":{"line":234,"column":4},"end":{"line":236,"column":3}},"locations":[{"start":{"line":234,"column":4},"end":{"line":236,"column":3}}]},"73":{"type":"branch","line":239,"loc":{"start":{"line":239,"column":0},"end":{"line":247,"column":1}},"locations":[{"start":{"line":239,"column":0},"end":{"line":247,"column":1}}]},"74":{"type":"branch","line":242,"loc":{"start":{"line":242,"column":30},"end":{"line":247,"column":1}},"locations":[{"start":{"line":242,"column":30},"end":{"line":247,"column":1}}]},"75":{"type":"branch","line":242,"loc":{"start":{"line":242,"column":30},"end":{"line":245,"column":3}},"locations":[{"start":{"line":242,"column":30},"end":{"line":245,"column":3}}]},"76":{"type":"branch","line":245,"loc":{"start":{"line":245,"column":2},"end":{"line":247,"column":1}},"locations":[{"start":{"line":245,"column":2},"end":{"line":247,"column":1}}]},"77":{"type":"branch","line":249,"loc":{"start":{"line":249,"column":0},"end":{"line":257,"column":1}},"locations":[{"start":{"line":249,"column":0},"end":{"line":257,"column":1}}]},"78":{"type":"branch","line":252,"loc":{"start":{"line":252,"column":29},"end":{"line":255,"column":3}},"locations":[{"start":{"line":252,"column":29},"end":{"line":255,"column":3}}]},"79":{"type":"branch","line":255,"loc":{"start":{"line":255,"column":2},"end":{"line":257,"column":1}},"locations":[{"start":{"line":255,"column":2},"end":{"line":257,"column":1}}]},"80":{"type":"branch","line":259,"loc":{"start":{"line":259,"column":0},"end":{"line":267,"column":1}},"locations":[{"start":{"line":259,"column":0},"end":{"line":267,"column":1}}]},"81":{"type":"branch","line":262,"loc":{"start":{"line":262,"column":29},"end":{"line":267,"column":1}},"locations":[{"start":{"line":262,"column":29},"end":{"line":267,"column":1}}]},"82":{"type":"branch","line":262,"loc":{"start":{"line":262,"column":29},"end":{"line":265,"column":3}},"locations":[{"start":{"line":262,"column":29},"end":{"line":265,"column":3}}]},"83":{"type":"branch","line":265,"loc":{"start":{"line":265,"column":2},"end":{"line":267,"column":1}},"locations":[{"start":{"line":265,"column":2},"end":{"line":267,"column":1}}]},"84":{"type":"branch","line":269,"loc":{"start":{"line":269,"column":0},"end":{"line":300,"column":1}},"locations":[{"start":{"line":269,"column":0},"end":{"line":300,"column":1}}]},"85":{"type":"branch","line":271,"loc":{"start":{"line":271,"column":29},"end":{"line":273,"column":3}},"locations":[{"start":{"line":271,"column":29},"end":{"line":273,"column":3}}]},"86":{"type":"branch","line":273,"loc":{"start":{"line":273,"column":2},"end":{"line":276,"column":28}},"locations":[{"start":{"line":273,"column":2},"end":{"line":276,"column":28}}]},"87":{"type":"branch","line":276,"loc":{"start":{"line":276,"column":28},"end":{"line":278,"column":3}},"locations":[{"start":{"line":276,"column":28},"end":{"line":278,"column":3}}]},"88":{"type":"branch","line":278,"loc":{"start":{"line":278,"column":2},"end":{"line":281,"column":24}},"locations":[{"start":{"line":278,"column":2},"end":{"line":281,"column":24}}]},"89":{"type":"branch","line":281,"loc":{"start":{"line":281,"column":24},"end":{"line":283,"column":3}},"locations":[{"start":{"line":281,"column":24},"end":{"line":283,"column":3}}]},"90":{"type":"branch","line":283,"loc":{"start":{"line":283,"column":2},"end":{"line":286,"column":25}},"locations":[{"start":{"line":283,"column":2},"end":{"line":286,"column":25}}]},"91":{"type":"branch","line":286,"loc":{"start":{"line":286,"column":25},"end":{"line":288,"column":3}},"locations":[{"start":{"line":286,"column":25},"end":{"line":288,"column":3}}]},"92":{"type":"branch","line":288,"loc":{"start":{"line":288,"column":2},"end":{"line":300,"column":1}},"locations":[{"start":{"line":288,"column":2},"end":{"line":300,"column":1}}]}},"b":{"0":[55],"1":[47],"2":[53],"3":[4],"4":[51],"5":[10],"6":[7],"7":[5],"8":[46],"9":[38],"10":[45],"11":[4],"12":[42],"13":[58],"14":[1],"15":[57],"16":[1],"17":[56],"18":[1],"19":[1],"20":[55],"21":[42],"22":[2],"23":[0],"24":[0],"25":[0],"26":[0],"27":[0],"28":[0],"29":[0],"30":[42],"31":[2],"32":[41],"33":[5],"34":[4],"35":[2],"36":[3],"37":[2],"38":[2],"39":[37],"40":[2],"41":[1],"42":[36],"43":[4],"44":[3],"45":[2],"46":[34],"47":[2],"48":[1],"49":[33],"50":[4],"51":[1],"52":[3],"53":[2],"54":[2],"55":[1],"56":[30],"57":[0],"58":[30],"59":[4],"60":[3],"61":[2],"62":[28],"63":[0],"64":[28],"65":[2],"66":[1],"67":[15],"68":[27],"69":[27],"70":[24],"71":[30],"72":[4],"73":[11],"74":[10],"75":[5],"76":[6],"77":[5],"78":[3],"79":[2],"80":[7],"81":[6],"82":[4],"83":[3],"84":[58],"85":[3],"86":[55],"87":[13],"88":[42],"89":[0],"90":[42],"91":[15],"92":[27]},"fnMap":{"0":{"name":"validateNumericInputs","decl":{"start":{"line":3,"column":0},"end":{"line":32,"column":1}},"loc":{"start":{"line":3,"column":0},"end":{"line":32,"column":1}},"line":3},"1":{"name":"validateRequiredInputs","decl":{"start":{"line":34,"column":0},"end":{"line":61,"column":1}},"loc":{"start":{"line":34,"column":0},"end":{"line":61,"column":1}},"line":34},"2":{"name":"validateArnInputs","decl":{"start":{"line":63,"column":0},"end":{"line":92,"column":1}},"loc":{"start":{"line":63,"column":0},"end":{"line":92,"column":1}},"line":63},"3":{"name":"validateJsonInputs","decl":{"start":{"line":94,"column":0},"end":{"line":207,"column":1}},"loc":{"start":{"line":94,"column":0},"end":{"line":207,"column":1}},"line":94},"4":{"name":"getAdditionalInputs","decl":{"start":{"line":209,"column":0},"end":{"line":229,"column":1}},"loc":{"start":{"line":209,"column":0},"end":{"line":229,"column":1}},"line":209},"5":{"name":"parseJsonInput","decl":{"start":{"line":231,"column":0},"end":{"line":237,"column":1}},"loc":{"start":{"line":231,"column":0},"end":{"line":237,"column":1}},"line":231},"6":{"name":"validateRoleArn","decl":{"start":{"line":239,"column":0},"end":{"line":247,"column":1}},"loc":{"start":{"line":239,"column":0},"end":{"line":247,"column":1}},"line":239},"7":{"name":"validateCodeSigningConfigArn","decl":{"start":{"line":249,"column":0},"end":{"line":257,"column":1}},"loc":{"start":{"line":249,"column":0},"end":{"line":257,"column":1}},"line":249},"8":{"name":"validateKmsKeyArn","decl":{"start":{"line":259,"column":0},"end":{"line":267,"column":1}},"loc":{"start":{"line":259,"column":0},"end":{"line":267,"column":1}},"line":259},"9":{"name":"validateAllInputs","decl":{"start":{"line":269,"column":0},"end":{"line":300,"column":1}},"loc":{"start":{"line":269,"column":0},"end":{"line":300,"column":1}},"line":269}},"f":{"0":55,"1":58,"2":42,"3":42,"4":27,"5":30,"6":11,"7":5,"8":7,"9":58}}
}
