TN:
SF:index.js
FN:8,run
FN:250,packageCodeArtifacts
FN:288,checkFunctionExists
FN:304,hasConfigurationChanged
FN:328,waitForFunctionUpdated
FNF:5
FNH:5
FNDA:17,run
FNDA:8,packageCodeArtifacts
FNDA:19,checkFunctionExists
FNDA:17,hasConfigurationChanged
FNDA:4,waitForFunctionUpdated
DA:1,1
DA:2,1
DA:3,1
DA:4,1
DA:5,1
DA:6,1
DA:7,1
DA:8,17
DA:9,17
DA:10,17
DA:11,17
DA:12,2
DA:13,2
DA:14,15
DA:15,15
DA:16,15
DA:17,15
DA:18,15
DA:19,15
DA:20,15
DA:21,15
DA:22,15
DA:23,15
DA:24,15
DA:25,15
DA:26,15
DA:27,15
DA:28,15
DA:29,15
DA:30,17
DA:31,1
DA:32,1
DA:33,1
DA:34,1
DA:35,1
DA:36,1
DA:37,0
DA:38,14
DA:39,14
DA:40,14
DA:41,14
DA:42,14
DA:43,14
DA:44,14
DA:45,11
DA:46,16
DA:47,6
DA:48,1
DA:49,1
DA:50,1
DA:51,1
DA:52,5
DA:53,5
DA:54,5
DA:55,5
DA:56,2
DA:57,2
DA:58,2
DA:59,3
DA:60,3
DA:61,3
DA:62,3
DA:63,3
DA:64,3
DA:65,3
DA:66,3
DA:67,3
DA:68,3
DA:69,3
DA:70,3
DA:71,6
DA:72,6
DA:73,6
DA:74,6
DA:75,6
DA:76,6
DA:77,6
DA:78,6
DA:79,6
DA:80,6
DA:81,6
DA:82,6
DA:83,6
DA:84,6
DA:85,6
DA:86,6
DA:87,6
DA:88,6
DA:89,6
DA:90,6
DA:91,6
DA:92,6
DA:93,6
DA:94,6
DA:95,6
DA:96,1
DA:97,1
DA:98,1
DA:99,1
DA:100,1
DA:101,6
DA:102,2
DA:103,2
DA:104,2
DA:105,2
DA:106,2
DA:107,3
DA:108,3
DA:109,3
DA:110,5
DA:111,5
DA:112,5
DA:113,5
DA:114,5
DA:115,5
DA:116,5
DA:117,5
DA:118,5
DA:119,17
DA:120,17
DA:121,17
DA:122,17
DA:123,17
DA:124,17
DA:125,17
DA:126,17
DA:127,17
DA:128,17
DA:129,17
DA:130,17
DA:131,17
DA:132,17
DA:133,17
DA:134,17
DA:135,17
DA:136,5
DA:137,3
DA:138,5
DA:139,2
DA:140,2
DA:141,2
DA:142,2
DA:143,2
DA:144,2
DA:145,2
DA:146,2
DA:147,2
DA:148,2
DA:149,2
DA:150,2
DA:151,2
DA:152,2
DA:153,2
DA:154,2
DA:155,2
DA:156,2
DA:157,2
DA:158,2
DA:159,2
DA:160,2
DA:161,2
DA:162,2
DA:163,2
DA:164,0
DA:165,2
DA:166,2
DA:167,2
DA:168,2
DA:169,2
DA:170,2
DA:171,2
DA:172,12
DA:173,0
DA:174,0
DA:175,5
DA:176,5
DA:177,5
DA:178,5
DA:179,10
DA:180,3
DA:181,3
DA:182,5
DA:183,5
DA:184,5
DA:185,5
DA:186,12
DA:187,0
DA:188,0
DA:189,0
DA:190,0
DA:191,0
DA:192,0
DA:193,0
DA:194,5
DA:195,5
DA:196,5
DA:197,5
DA:198,5
DA:199,5
DA:200,5
DA:201,5
DA:202,5
DA:203,5
DA:204,10
DA:205,3
DA:206,3
DA:207,3
DA:208,3
DA:209,3
DA:210,3
DA:211,3
DA:212,3
DA:213,3
DA:214,3
DA:215,3
DA:216,12
DA:217,2
DA:218,2
DA:219,2
DA:220,2
DA:221,2
DA:222,0
DA:223,0
DA:224,2
DA:225,17
DA:226,2
DA:227,2
DA:228,2
DA:229,2
DA:230,2
DA:231,2
DA:232,3
DA:233,3
DA:234,3
DA:235,3
DA:236,12
DA:237,4
DA:238,1
DA:239,4
DA:240,1
DA:241,2
DA:242,2
DA:243,2
DA:244,4
DA:245,4
DA:246,4
DA:247,4
DA:248,17
DA:249,1
DA:250,8
DA:251,8
DA:252,8
DA:253,8
DA:254,8
DA:255,8
DA:256,8
DA:257,8
DA:258,0
DA:259,0
DA:260,8
DA:261,8
DA:262,8
DA:263,7
DA:264,7
DA:265,7
DA:266,7
DA:267,7
DA:268,7
DA:269,12
DA:270,12
DA:271,12
DA:272,12
DA:273,12
DA:274,11
DA:275,5
DA:276,5
DA:277,5
DA:278,5
DA:279,5
DA:280,5
DA:281,5
DA:282,8
DA:283,4
DA:284,4
DA:285,4
DA:286,8
DA:287,1
DA:288,19
DA:289,19
DA:290,19
DA:291,19
DA:292,19
DA:293,19
DA:294,19
DA:295,7
DA:296,18
DA:297,12
DA:298,8
DA:299,8
DA:300,4
DA:301,4
DA:302,19
DA:303,1
DA:304,17
DA:305,17
DA:306,3
DA:307,3
DA:308,14
DA:309,14
DA:310,14
DA:311,17
DA:312,30
DA:313,24
DA:314,4
DA:315,3
DA:316,3
DA:317,3
DA:318,24
DA:319,8
DA:320,8
DA:321,8
DA:322,24
DA:323,30
DA:324,3
DA:325,3
DA:326,3
DA:327,1
DA:328,4
DA:329,4
DA:330,4
DA:331,4
DA:332,4
DA:333,4
DA:334,4
DA:335,7
DA:336,7
DA:337,7
DA:338,7
DA:339,7
DA:340,7
DA:341,7
DA:342,5
DA:343,7
DA:344,3
DA:345,3
DA:346,3
DA:347,2
DA:348,7
DA:349,0
DA:350,0
DA:351,2
DA:352,2
DA:353,2
DA:354,2
DA:355,2
DA:356,1
DA:357,1
DA:358,1
DA:359,1
DA:360,1
DA:361,1
DA:362,7
DA:363,3
DA:364,3
DA:365,3
DA:366,1
DA:367,1
DA:368,0
DA:369,0
DA:370,1
DA:371,1
DA:372,1
DA:373,1
DA:374,1
DA:375,1
DA:376,1
DA:377,1
LF:377
LH:358
BRDA:367,0,0,0
BRDA:8,1,0,17
BRDA:11,2,0,16
BRDA:11,3,0,2
BRDA:13,4,0,15
BRDA:30,5,0,1
BRDA:36,6,0,0
BRDA:37,7,0,16
BRDA:37,8,0,15
BRDA:37,9,0,14
BRDA:44,10,0,11
BRDA:46,11,0,6
BRDA:47,12,0,1
BRDA:51,13,0,5
BRDA:55,14,0,2
BRDA:58,15,0,4
BRDA:58,16,0,3
BRDA:71,17,0,0
BRDA:77,18,0,0
BRDA:78,19,0,0
BRDA:79,20,0,0
BRDA:80,21,0,0
BRDA:81,22,0,0
BRDA:82,23,0,0
BRDA:83,24,0,0
BRDA:84,25,0,0
BRDA:85,26,0,0
BRDA:86,27,0,0
BRDA:87,28,0,0
BRDA:88,29,0,0
BRDA:89,30,0,0
BRDA:90,31,0,0
BRDA:95,32,0,1
BRDA:101,33,0,4
BRDA:101,34,0,2
BRDA:106,35,0,3
BRDA:109,36,0,12
BRDA:109,37,0,5
BRDA:119,38,0,0
BRDA:124,39,0,1
BRDA:124,40,0,4
BRDA:125,41,0,1
BRDA:125,42,0,4
BRDA:126,43,0,0
BRDA:126,44,0,5
BRDA:127,45,0,1
BRDA:127,46,0,4
BRDA:128,47,0,0
BRDA:128,48,0,5
BRDA:129,49,0,0
BRDA:129,50,0,5
BRDA:130,51,0,0
BRDA:130,52,0,5
BRDA:131,53,0,0
BRDA:131,54,0,5
BRDA:132,55,0,0
BRDA:132,56,0,5
BRDA:135,57,0,12
BRDA:135,58,0,5
BRDA:136,59,0,3
BRDA:138,60,0,2
BRDA:145,61,0,0
BRDA:150,62,0,0
BRDA:151,63,0,0
BRDA:152,64,0,0
BRDA:153,65,0,0
BRDA:154,66,0,0
BRDA:155,67,0,0
BRDA:156,68,0,0
BRDA:157,69,0,0
BRDA:158,70,0,0
BRDA:163,71,0,0
BRDA:172,72,0,0
BRDA:174,73,0,10
BRDA:174,74,0,5
BRDA:179,75,0,3
BRDA:181,76,0,5
BRDA:186,77,0,0
BRDA:193,78,0,10
BRDA:193,79,0,5
BRDA:204,80,0,3
BRDA:216,81,0,2
BRDA:221,82,0,0
BRDA:225,83,0,12
BRDA:225,84,0,2
BRDA:231,85,0,3
BRDA:236,86,0,4
BRDA:237,87,0,1
BRDA:239,88,0,3
BRDA:239,89,0,2
BRDA:239,90,0,1
BRDA:250,91,0,8
BRDA:257,92,0,0
BRDA:262,93,0,7
BRDA:268,94,0,12
BRDA:273,95,0,11
BRDA:274,96,0,5
BRDA:282,97,0,4
BRDA:288,98,0,19
BRDA:294,99,0,18
BRDA:294,100,0,7
BRDA:296,101,0,12
BRDA:297,102,0,8
BRDA:299,103,0,4
BRDA:304,104,0,17
BRDA:305,105,0,15
BRDA:305,106,0,3
BRDA:307,107,0,14
BRDA:311,108,0,30
BRDA:312,109,0,26
BRDA:312,110,0,24
BRDA:313,111,0,4
BRDA:314,112,0,3
BRDA:318,113,0,20
BRDA:318,114,0,8
BRDA:323,115,0,3
BRDA:328,116,0,4
BRDA:334,117,0,7
BRDA:341,118,0,5
BRDA:343,119,0,2
BRDA:343,120,0,3
BRDA:346,121,0,2
BRDA:348,122,0,0
BRDA:350,123,0,2
BRDA:355,124,0,1
BRDA:362,125,0,3
BRDA:353,126,0,2
BRDA:360,127,0,1
BRF:128
BRH:88
end_of_record
TN:
SF:validations.js
FN:3,validateNumericInputs
FN:34,validateRequiredInputs
FN:63,validateArnInputs
FN:94,validateJsonInputs
FN:209,getAdditionalInputs
FN:231,parseJsonInput
FN:239,validateRoleArn
FN:249,validateCodeSigningConfigArn
FN:259,validateKmsKeyArn
FN:269,validateAllInputs
FNF:10
FNH:10
FNDA:55,validateNumericInputs
FNDA:58,validateRequiredInputs
FNDA:42,validateArnInputs
FNDA:42,validateJsonInputs
FNDA:27,getAdditionalInputs
FNDA:30,parseJsonInput
FNDA:11,validateRoleArn
FNDA:5,validateCodeSigningConfigArn
FNDA:7,validateKmsKeyArn
FNDA:58,validateAllInputs
DA:1,1
DA:2,1
DA:3,55
DA:4,55
DA:5,55
DA:6,4
DA:7,4
DA:8,4
DA:9,51
DA:10,51
DA:11,51
DA:12,55
DA:13,10
DA:14,10
DA:15,5
DA:16,5
DA:17,5
DA:18,10
DA:19,46
DA:20,55
DA:21,55
DA:22,4
DA:23,4
DA:24,4
DA:25,42
DA:26,42
DA:27,42
DA:28,42
DA:29,42
DA:30,42
DA:31,42
DA:32,42
DA:33,1
DA:34,58
DA:35,58
DA:36,58
DA:37,1
DA:38,1
DA:39,1
DA:40,57
DA:41,57
DA:42,58
DA:43,1
DA:44,1
DA:45,1
DA:46,56
DA:47,56
DA:48,56
DA:49,58
DA:50,1
DA:51,1
DA:52,1
DA:53,55
DA:54,55
DA:55,55
DA:56,55
DA:57,55
DA:58,55
DA:59,55
DA:60,55
DA:61,55
DA:62,1
DA:63,42
DA:64,42
DA:65,42
DA:66,42
DA:67,42
DA:68,42
DA:69,42
DA:70,0
DA:71,0
DA:72,42
DA:73,42
DA:74,0
DA:75,0
DA:76,42
DA:77,42
DA:78,0
DA:79,0
DA:80,42
DA:81,42
DA:82,0
DA:83,0
DA:84,42
DA:85,42
DA:86,42
DA:87,42
DA:88,42
DA:89,42
DA:90,42
DA:91,42
DA:92,42
DA:93,1
DA:94,42
DA:95,42
DA:96,42
DA:97,42
DA:98,42
DA:99,42
DA:100,42
DA:101,42
DA:102,42
DA:103,42
DA:104,42
DA:105,42
DA:106,42
DA:107,42
DA:108,42
DA:109,42
DA:110,42
DA:111,42
DA:112,2
DA:113,2
DA:114,41
DA:115,42
DA:116,5
DA:117,5
DA:118,2
DA:119,2
DA:120,5
DA:121,2
DA:122,2
DA:123,5
DA:124,37
DA:125,42
DA:126,2
DA:127,2
DA:128,1
DA:129,1
DA:130,2
DA:131,36
DA:132,42
DA:133,4
DA:134,4
DA:135,2
DA:136,2
DA:137,4
DA:138,34
DA:139,42
DA:140,2
DA:141,2
DA:142,1
DA:143,1
DA:144,2
DA:145,33
DA:146,42
DA:147,4
DA:148,4
DA:149,1
DA:150,1
DA:151,3
DA:152,3
DA:153,2
DA:154,2
DA:155,3
DA:156,1
DA:157,30
DA:158,42
DA:159,0
DA:160,0
DA:161,30
DA:162,42
DA:163,4
DA:164,4
DA:165,2
DA:166,2
DA:167,4
DA:168,28
DA:169,42
DA:170,0
DA:171,0
DA:172,28
DA:173,42
DA:174,2
DA:175,2
DA:176,1
DA:177,1
DA:178,2
DA:179,42
DA:180,15
DA:181,15
DA:182,15
DA:183,27
DA:184,27
DA:185,27
DA:186,27
DA:187,27
DA:188,27
DA:189,27
DA:190,27
DA:191,27
DA:192,27
DA:193,27
DA:194,27
DA:195,27
DA:196,27
DA:197,27
DA:198,27
DA:199,27
DA:200,27
DA:201,27
DA:202,27
DA:203,27
DA:204,27
DA:205,27
DA:206,27
DA:207,27
DA:208,1
DA:209,27
DA:210,27
DA:211,27
DA:212,27
DA:213,27
DA:214,27
DA:215,27
DA:216,27
DA:217,27
DA:218,27
DA:219,27
DA:220,27
DA:221,27
DA:222,27
DA:223,27
DA:224,27
DA:225,27
DA:226,27
DA:227,27
DA:228,27
DA:229,27
DA:230,1
DA:231,30
DA:232,30
DA:233,30
DA:234,30
DA:235,4
DA:236,4
DA:237,30
DA:238,1
DA:239,11
DA:240,11
DA:241,11
DA:242,11
DA:243,5
DA:244,5
DA:245,5
DA:246,6
DA:247,6
DA:248,1
DA:249,5
DA:250,5
DA:251,5
DA:252,5
DA:253,3
DA:254,3
DA:255,3
DA:256,2
DA:257,2
DA:258,1
DA:259,7
DA:260,7
DA:261,7
DA:262,7
DA:263,4
DA:264,4
DA:265,4
DA:266,3
DA:267,3
DA:268,1
DA:269,58
DA:270,58
DA:271,58
DA:272,3
DA:273,3
DA:274,55
DA:275,55
DA:276,58
DA:277,13
DA:278,13
DA:279,42
DA:280,42
DA:281,58
DA:282,0
DA:283,0
DA:284,42
DA:285,42
DA:286,58
DA:287,15
DA:288,15
DA:289,27
DA:290,27
DA:291,27
DA:292,27
DA:293,27
DA:294,27
DA:295,27
DA:296,27
DA:297,27
DA:298,27
DA:299,27
DA:300,27
DA:301,1
DA:302,1
DA:303,1
DA:304,1
DA:305,1
DA:306,1
DA:307,1
DA:308,1
LF:308
LH:294
BRDA:3,0,0,55
BRDA:4,1,0,47
BRDA:5,2,0,53
BRDA:5,3,0,4
BRDA:8,4,0,51
BRDA:12,5,0,10
BRDA:14,6,0,7
BRDA:14,7,0,5
BRDA:18,8,0,46
BRDA:20,9,0,38
BRDA:21,10,0,45
BRDA:21,11,0,4
BRDA:24,12,0,42
BRDA:34,13,0,58
BRDA:36,14,0,1
BRDA:39,15,0,57
BRDA:42,16,0,1
BRDA:45,17,0,56
BRDA:49,18,0,1
BRDA:49,19,0,1
BRDA:52,20,0,55
BRDA:63,21,0,42
BRDA:69,22,0,2
BRDA:69,23,0,0
BRDA:73,24,0,0
BRDA:73,25,0,0
BRDA:77,26,0,0
BRDA:77,27,0,0
BRDA:81,28,0,0
BRDA:81,29,0,0
BRDA:94,30,0,42
BRDA:111,31,0,2
BRDA:113,32,0,41
BRDA:115,33,0,5
BRDA:117,34,0,4
BRDA:117,35,0,2
BRDA:119,36,0,3
BRDA:120,37,0,2
BRDA:120,38,0,2
BRDA:123,39,0,37
BRDA:125,40,0,2
BRDA:127,41,0,1
BRDA:130,42,0,36
BRDA:132,43,0,4
BRDA:134,44,0,3
BRDA:134,45,0,2
BRDA:137,46,0,34
BRDA:139,47,0,2
BRDA:141,48,0,1
BRDA:144,49,0,33
BRDA:146,50,0,4
BRDA:148,51,0,1
BRDA:150,52,0,3
BRDA:152,53,0,2
BRDA:152,54,0,2
BRDA:155,55,0,1
BRDA:156,56,0,30
BRDA:158,57,0,0
BRDA:160,58,0,30
BRDA:162,59,0,4
BRDA:164,60,0,3
BRDA:164,61,0,2
BRDA:167,62,0,28
BRDA:169,63,0,0
BRDA:171,64,0,28
BRDA:173,65,0,2
BRDA:175,66,0,1
BRDA:179,67,0,15
BRDA:182,68,0,27
BRDA:209,69,0,27
BRDA:215,70,0,24
BRDA:231,71,0,30
BRDA:234,72,0,4
BRDA:239,73,0,11
BRDA:242,74,0,10
BRDA:242,75,0,5
BRDA:245,76,0,6
BRDA:249,77,0,5
BRDA:252,78,0,3
BRDA:255,79,0,2
BRDA:259,80,0,7
BRDA:262,81,0,6
BRDA:262,82,0,4
BRDA:265,83,0,3
BRDA:269,84,0,58
BRDA:271,85,0,3
BRDA:273,86,0,55
BRDA:276,87,0,13
BRDA:278,88,0,42
BRDA:281,89,0,0
BRDA:283,90,0,42
BRDA:286,91,0,15
BRDA:288,92,0,27
BRF:93
BRH:83
end_of_record
