TN:
SF:index.js
FN:8,run
FN:255,packageCodeArtifacts
FN:291,checkFunctionExists
FN:307,hasConfigurationChanged
FN:335,waitForFunctionUpdated
FN:369,isEmptyValue
FN:395,emptyValueReplacer
FN:407,cleanNullKeys
FNF:8
FNH:8
FNDA:20,run
FNDA:8,packageCodeArtifacts
FNDA:22,checkFunctionExists
FNDA:24,hasConfigurationChanged
FNDA:7,waitForFunctionUpdated
FNDA:932,isEmptyValue
FNDA:570,emptyValueReplacer
FNDA:55,cleanNullKeys
DA:1,1
DA:2,1
DA:3,1
DA:4,1
DA:5,1
DA:6,1
DA:7,1
DA:8,20
DA:9,20
DA:10,20
DA:11,20
DA:12,2
DA:13,2
DA:14,18
DA:15,18
DA:16,18
DA:17,18
DA:18,18
DA:19,18
DA:20,18
DA:21,18
DA:22,18
DA:23,18
DA:24,18
DA:25,18
DA:26,18
DA:27,18
DA:28,18
DA:29,18
DA:30,20
DA:31,1
DA:32,1
DA:33,1
DA:34,1
DA:35,1
DA:36,0
DA:37,17
DA:38,17
DA:39,17
DA:40,17
DA:41,17
DA:42,17
DA:43,17
DA:44,11
DA:45,19
DA:46,6
DA:47,1
DA:48,1
DA:49,1
DA:50,5
DA:51,5
DA:52,5
DA:53,5
DA:54,2
DA:55,2
DA:56,2
DA:57,3
DA:58,3
DA:59,3
DA:60,3
DA:61,3
DA:62,3
DA:63,3
DA:64,3
DA:65,3
DA:66,3
DA:67,3
DA:68,3
DA:69,3
DA:70,3
DA:71,3
DA:72,3
DA:73,6
DA:74,6
DA:75,6
DA:76,6
DA:77,6
DA:78,6
DA:79,6
DA:80,6
DA:81,6
DA:82,6
DA:83,6
DA:84,6
DA:85,6
DA:86,6
DA:87,6
DA:88,6
DA:89,6
DA:90,6
DA:91,6
DA:92,6
DA:93,6
DA:94,6
DA:95,6
DA:96,1
DA:97,1
DA:98,1
DA:99,1
DA:100,1
DA:101,6
DA:102,2
DA:103,2
DA:104,2
DA:105,2
DA:106,2
DA:107,3
DA:108,3
DA:109,3
DA:110,5
DA:111,5
DA:112,5
DA:113,5
DA:114,5
DA:115,5
DA:116,5
DA:117,5
DA:118,5
DA:119,20
DA:120,20
DA:121,20
DA:122,20
DA:123,20
DA:124,20
DA:125,20
DA:126,20
DA:127,20
DA:128,20
DA:129,20
DA:130,20
DA:131,20
DA:132,20
DA:133,20
DA:134,20
DA:135,20
DA:136,5
DA:137,3
DA:138,5
DA:139,2
DA:140,2
DA:141,2
DA:142,2
DA:143,2
DA:144,2
DA:145,2
DA:146,2
DA:147,2
DA:148,2
DA:149,2
DA:150,2
DA:151,2
DA:152,2
DA:153,2
DA:154,2
DA:155,2
DA:156,2
DA:157,2
DA:158,2
DA:159,2
DA:160,2
DA:161,2
DA:162,2
DA:163,2
DA:164,2
DA:165,2
DA:166,0
DA:167,2
DA:168,2
DA:169,2
DA:170,2
DA:171,2
DA:172,2
DA:173,2
DA:174,15
DA:175,0
DA:176,0
DA:177,5
DA:178,5
DA:179,5
DA:180,5
DA:181,13
DA:182,3
DA:183,3
DA:184,5
DA:185,5
DA:186,5
DA:187,5
DA:188,15
DA:189,0
DA:190,0
DA:191,0
DA:192,0
DA:193,0
DA:194,0
DA:195,0
DA:196,5
DA:197,5
DA:198,5
DA:199,5
DA:200,20
DA:201,20
DA:202,20
DA:203,20
DA:204,20
DA:205,20
DA:206,20
DA:207,20
DA:208,20
DA:209,3
DA:210,3
DA:211,3
DA:212,3
DA:213,3
DA:214,3
DA:215,3
DA:216,3
DA:217,3
DA:218,3
DA:219,3
DA:220,15
DA:221,2
DA:222,2
DA:223,2
DA:224,2
DA:225,0
DA:226,0
DA:227,2
DA:228,20
DA:229,2
DA:230,2
DA:231,2
DA:232,2
DA:233,2
DA:234,2
DA:235,3
DA:236,3
DA:237,3
DA:238,3
DA:239,15
DA:240,7
DA:241,2
DA:242,7
DA:243,2
DA:244,3
DA:245,1
DA:246,2
DA:247,2
DA:248,2
DA:249,7
DA:250,7
DA:251,7
DA:252,7
DA:253,20
DA:254,1
DA:255,8
DA:256,8
DA:257,8
DA:258,8
DA:259,8
DA:260,8
DA:261,8
DA:262,8
DA:263,0
DA:264,8
DA:265,8
DA:266,7
DA:267,7
DA:268,7
DA:269,7
DA:270,7
DA:271,7
DA:272,12
DA:273,12
DA:274,12
DA:275,12
DA:276,12
DA:277,11
DA:278,5
DA:279,5
DA:280,5
DA:281,5
DA:282,5
DA:283,5
DA:284,5
DA:285,8
DA:286,4
DA:287,4
DA:288,4
DA:289,8
DA:290,1
DA:291,22
DA:292,22
DA:293,22
DA:294,22
DA:295,22
DA:296,22
DA:297,22
DA:298,7
DA:299,21
DA:300,15
DA:301,8
DA:302,8
DA:303,7
DA:304,7
DA:305,22
DA:306,1
DA:307,24
DA:308,24
DA:309,3
DA:310,3
DA:311,21
DA:312,21
DA:313,21
DA:314,21
DA:315,24
DA:316,29
DA:317,29
DA:318,7
DA:319,7
DA:320,7
DA:321,7
DA:322,5
DA:323,5
DA:324,5
DA:325,29
DA:326,10
DA:327,10
DA:328,10
DA:329,29
DA:330,29
DA:331,6
DA:332,6
DA:333,6
DA:334,1
DA:335,7
DA:336,7
DA:337,7
DA:338,7
DA:339,1
DA:340,1
DA:341,1
DA:342,7
DA:343,7
DA:344,7
DA:345,7
DA:346,7
DA:347,7
DA:348,7
DA:349,7
DA:350,7
DA:351,7
DA:352,7
DA:353,3
DA:354,3
DA:355,7
DA:356,4
DA:357,1
DA:358,4
DA:359,1
DA:360,3
DA:361,1
DA:362,1
DA:363,1
DA:364,1
DA:365,1
DA:366,4
DA:367,7
DA:368,1
DA:369,932
DA:370,932
DA:371,168
DA:372,168
DA:373,764
DA:374,932
DA:375,43
DA:376,45
DA:377,38
DA:378,38
DA:379,45
DA:380,5
DA:381,5
DA:382,721
DA:383,932
DA:384,138
DA:385,140
DA:386,130
DA:387,130
DA:388,140
DA:389,8
DA:390,8
DA:391,583
DA:392,583
DA:393,583
DA:394,1
DA:395,570
DA:396,570
DA:397,149
DA:398,149
DA:399,421
DA:400,570
DA:401,26
DA:402,26
DA:403,395
DA:404,395
DA:405,395
DA:406,1
DA:407,55
DA:408,55
DA:409,55
DA:410,55
DA:411,55
DA:412,55
DA:413,55
DA:414,2
DA:415,2
DA:416,53
DA:417,53
DA:418,53
DA:419,55
DA:420,0
DA:421,0
DA:422,0
DA:423,55
DA:424,1
DA:425,1
DA:426,0
DA:427,0
DA:428,1
DA:429,1
DA:430,1
DA:431,1
DA:432,1
DA:433,1
DA:434,1
DA:435,1
DA:436,1
DA:437,1
DA:438,1
DA:439,1
LF:439
LH:420
BRDA:425,0,0,0
BRDA:8,1,0,20
BRDA:11,2,0,19
BRDA:11,3,0,2
BRDA:13,4,0,18
BRDA:30,5,0,1
BRDA:35,6,0,0
BRDA:36,7,0,19
BRDA:36,8,0,18
BRDA:36,9,0,17
BRDA:43,10,0,11
BRDA:45,11,0,6
BRDA:46,12,0,1
BRDA:49,13,0,5
BRDA:53,14,0,2
BRDA:56,15,0,3
BRDA:73,16,0,2
BRDA:73,17,0,0
BRDA:73,18,0,1
BRDA:77,19,0,0
BRDA:77,20,0,3
BRDA:95,21,0,1
BRDA:101,22,0,4
BRDA:101,23,0,2
BRDA:106,24,0,3
BRDA:109,25,0,15
BRDA:109,26,0,5
BRDA:119,27,0,0
BRDA:124,28,0,1
BRDA:124,29,0,4
BRDA:125,30,0,1
BRDA:125,31,0,4
BRDA:126,32,0,0
BRDA:126,33,0,5
BRDA:127,34,0,1
BRDA:127,35,0,4
BRDA:128,36,0,0
BRDA:128,37,0,5
BRDA:129,38,0,0
BRDA:129,39,0,5
BRDA:130,40,0,0
BRDA:130,41,0,5
BRDA:131,42,0,0
BRDA:131,43,0,5
BRDA:132,44,0,0
BRDA:132,45,0,5
BRDA:135,46,0,15
BRDA:135,47,0,5
BRDA:136,48,0,3
BRDA:138,49,0,2
BRDA:151,50,0,0
BRDA:165,51,0,0
BRDA:174,52,0,0
BRDA:176,53,0,13
BRDA:176,54,0,5
BRDA:181,55,0,3
BRDA:183,56,0,5
BRDA:188,57,0,0
BRDA:195,58,0,5
BRDA:200,59,0,0
BRDA:200,60,0,0
BRDA:208,61,0,15
BRDA:208,62,0,3
BRDA:220,63,0,2
BRDA:224,64,0,0
BRDA:228,65,0,15
BRDA:228,66,0,2
BRDA:234,67,0,3
BRDA:239,68,0,7
BRDA:240,69,0,6
BRDA:240,70,0,5
BRDA:240,71,0,3
BRDA:240,72,0,2
BRDA:242,73,0,5
BRDA:242,74,0,3
BRDA:242,75,0,3
BRDA:242,76,0,2
BRDA:244,77,0,2
BRDA:244,78,0,1
BRDA:255,79,0,8
BRDA:262,80,0,0
BRDA:265,81,0,7
BRDA:271,82,0,12
BRDA:276,83,0,11
BRDA:277,84,0,5
BRDA:285,85,0,4
BRDA:291,86,0,22
BRDA:297,87,0,21
BRDA:297,88,0,7
BRDA:299,89,0,15
BRDA:300,90,0,8
BRDA:302,91,0,7
BRDA:307,92,0,24
BRDA:308,93,0,22
BRDA:308,94,0,3
BRDA:310,95,0,21
BRDA:315,96,0,29
BRDA:317,97,0,7
BRDA:318,98,0,0
BRDA:321,99,0,5
BRDA:325,100,0,22
BRDA:325,101,0,10
BRDA:330,102,0,6
BRDA:335,103,0,7
BRDA:338,104,0,1
BRDA:352,105,0,3
BRDA:355,106,0,4
BRDA:356,107,0,1
BRDA:358,108,0,3
BRDA:358,109,0,1
BRDA:360,110,0,2
BRDA:360,111,0,1
BRDA:360,112,0,1
BRDA:369,113,0,932
BRDA:370,114,0,916
BRDA:370,115,0,784
BRDA:370,116,0,168
BRDA:372,117,0,764
BRDA:374,118,0,43
BRDA:375,119,0,45
BRDA:376,120,0,38
BRDA:379,121,0,5
BRDA:381,122,0,721
BRDA:383,123,0,138
BRDA:384,124,0,140
BRDA:385,125,0,130
BRDA:388,126,0,8
BRDA:390,127,0,583
BRDA:395,128,0,570
BRDA:396,129,0,149
BRDA:398,130,0,421
BRDA:400,131,0,26
BRDA:402,132,0,395
BRDA:401,133,0,163
BRDA:407,134,0,55
BRDA:408,135,0,0
BRDA:413,136,0,53
BRDA:413,137,0,53
BRDA:413,138,0,2
BRDA:414,139,0,0
BRDA:415,140,0,53
BRDA:419,141,0,0
BRF:142
BRH:119
end_of_record
TN:
SF:validations.js
FN:3,validateNumericInputs
FN:34,validateRequiredInputs
FN:63,validateArnInputs
FN:94,validateJsonInputs
FN:209,getAdditionalInputs
FN:231,parseJsonInput
FN:239,validateRoleArn
FN:249,validateCodeSigningConfigArn
FN:259,validateKmsKeyArn
FN:269,validateAllInputs
FNF:10
FNH:10
FNDA:55,validateNumericInputs
FNDA:58,validateRequiredInputs
FNDA:42,validateArnInputs
FNDA:42,validateJsonInputs
FNDA:27,getAdditionalInputs
FNDA:30,parseJsonInput
FNDA:11,validateRoleArn
FNDA:5,validateCodeSigningConfigArn
FNDA:7,validateKmsKeyArn
FNDA:58,validateAllInputs
DA:1,1
DA:2,1
DA:3,55
DA:4,55
DA:5,55
DA:6,4
DA:7,4
DA:8,4
DA:9,51
DA:10,51
DA:11,51
DA:12,55
DA:13,10
DA:14,10
DA:15,5
DA:16,5
DA:17,5
DA:18,10
DA:19,46
DA:20,55
DA:21,55
DA:22,4
DA:23,4
DA:24,4
DA:25,42
DA:26,42
DA:27,42
DA:28,42
DA:29,42
DA:30,42
DA:31,42
DA:32,42
DA:33,1
DA:34,58
DA:35,58
DA:36,58
DA:37,1
DA:38,1
DA:39,1
DA:40,57
DA:41,57
DA:42,58
DA:43,1
DA:44,1
DA:45,1
DA:46,56
DA:47,56
DA:48,56
DA:49,58
DA:50,1
DA:51,1
DA:52,1
DA:53,55
DA:54,55
DA:55,55
DA:56,55
DA:57,55
DA:58,55
DA:59,55
DA:60,55
DA:61,55
DA:62,1
DA:63,42
DA:64,42
DA:65,42
DA:66,42
DA:67,42
DA:68,42
DA:69,42
DA:70,0
DA:71,0
DA:72,42
DA:73,42
DA:74,0
DA:75,0
DA:76,42
DA:77,42
DA:78,0
DA:79,0
DA:80,42
DA:81,42
DA:82,0
DA:83,0
DA:84,42
DA:85,42
DA:86,42
DA:87,42
DA:88,42
DA:89,42
DA:90,42
DA:91,42
DA:92,42
DA:93,1
DA:94,42
DA:95,42
DA:96,42
DA:97,42
DA:98,42
DA:99,42
DA:100,42
DA:101,42
DA:102,42
DA:103,42
DA:104,42
DA:105,42
DA:106,42
DA:107,42
DA:108,42
DA:109,42
DA:110,42
DA:111,42
DA:112,2
DA:113,2
DA:114,41
DA:115,42
DA:116,5
DA:117,5
DA:118,2
DA:119,2
DA:120,5
DA:121,2
DA:122,2
DA:123,5
DA:124,37
DA:125,42
DA:126,2
DA:127,2
DA:128,1
DA:129,1
DA:130,2
DA:131,36
DA:132,42
DA:133,4
DA:134,4
DA:135,2
DA:136,2
DA:137,4
DA:138,34
DA:139,42
DA:140,2
DA:141,2
DA:142,1
DA:143,1
DA:144,2
DA:145,33
DA:146,42
DA:147,4
DA:148,4
DA:149,1
DA:150,1
DA:151,3
DA:152,3
DA:153,2
DA:154,2
DA:155,3
DA:156,1
DA:157,30
DA:158,42
DA:159,0
DA:160,0
DA:161,30
DA:162,42
DA:163,4
DA:164,4
DA:165,2
DA:166,2
DA:167,4
DA:168,28
DA:169,42
DA:170,0
DA:171,0
DA:172,28
DA:173,42
DA:174,2
DA:175,2
DA:176,1
DA:177,1
DA:178,2
DA:179,42
DA:180,15
DA:181,15
DA:182,15
DA:183,27
DA:184,27
DA:185,27
DA:186,27
DA:187,27
DA:188,27
DA:189,27
DA:190,27
DA:191,27
DA:192,27
DA:193,27
DA:194,27
DA:195,27
DA:196,27
DA:197,27
DA:198,27
DA:199,27
DA:200,27
DA:201,27
DA:202,27
DA:203,27
DA:204,27
DA:205,27
DA:206,27
DA:207,27
DA:208,1
DA:209,27
DA:210,27
DA:211,27
DA:212,27
DA:213,27
DA:214,27
DA:215,27
DA:216,27
DA:217,27
DA:218,27
DA:219,27
DA:220,27
DA:221,27
DA:222,27
DA:223,27
DA:224,27
DA:225,27
DA:226,27
DA:227,27
DA:228,27
DA:229,27
DA:230,1
DA:231,30
DA:232,30
DA:233,30
DA:234,30
DA:235,4
DA:236,4
DA:237,30
DA:238,1
DA:239,11
DA:240,11
DA:241,11
DA:242,11
DA:243,5
DA:244,5
DA:245,5
DA:246,6
DA:247,6
DA:248,1
DA:249,5
DA:250,5
DA:251,5
DA:252,5
DA:253,3
DA:254,3
DA:255,3
DA:256,2
DA:257,2
DA:258,1
DA:259,7
DA:260,7
DA:261,7
DA:262,7
DA:263,4
DA:264,4
DA:265,4
DA:266,3
DA:267,3
DA:268,1
DA:269,58
DA:270,58
DA:271,58
DA:272,3
DA:273,3
DA:274,55
DA:275,55
DA:276,58
DA:277,13
DA:278,13
DA:279,42
DA:280,42
DA:281,58
DA:282,0
DA:283,0
DA:284,42
DA:285,42
DA:286,58
DA:287,15
DA:288,15
DA:289,27
DA:290,27
DA:291,27
DA:292,27
DA:293,27
DA:294,27
DA:295,27
DA:296,27
DA:297,27
DA:298,27
DA:299,27
DA:300,27
DA:301,1
DA:302,1
DA:303,1
DA:304,1
DA:305,1
DA:306,1
DA:307,1
DA:308,1
LF:308
LH:294
BRDA:3,0,0,55
BRDA:4,1,0,46
BRDA:5,2,0,53
BRDA:5,3,0,4
BRDA:8,4,0,51
BRDA:12,5,0,10
BRDA:14,6,0,7
BRDA:14,7,0,5
BRDA:18,8,0,46
BRDA:20,9,0,37
BRDA:21,10,0,45
BRDA:21,11,0,4
BRDA:24,12,0,42
BRDA:34,13,0,58
BRDA:36,14,0,1
BRDA:39,15,0,57
BRDA:42,16,0,1
BRDA:45,17,0,56
BRDA:49,18,0,1
BRDA:49,19,0,1
BRDA:52,20,0,55
BRDA:63,21,0,42
BRDA:69,22,0,2
BRDA:69,23,0,0
BRDA:73,24,0,0
BRDA:73,25,0,0
BRDA:77,26,0,0
BRDA:77,27,0,0
BRDA:81,28,0,0
BRDA:81,29,0,0
BRDA:94,30,0,42
BRDA:111,31,0,2
BRDA:113,32,0,41
BRDA:115,33,0,5
BRDA:117,34,0,4
BRDA:117,35,0,2
BRDA:119,36,0,3
BRDA:120,37,0,2
BRDA:120,38,0,2
BRDA:123,39,0,37
BRDA:125,40,0,2
BRDA:127,41,0,1
BRDA:130,42,0,36
BRDA:132,43,0,4
BRDA:134,44,0,3
BRDA:134,45,0,2
BRDA:137,46,0,34
BRDA:139,47,0,2
BRDA:141,48,0,1
BRDA:144,49,0,33
BRDA:146,50,0,4
BRDA:148,51,0,1
BRDA:150,52,0,3
BRDA:152,53,0,2
BRDA:152,54,0,2
BRDA:155,55,0,1
BRDA:156,56,0,30
BRDA:158,57,0,0
BRDA:160,58,0,30
BRDA:162,59,0,4
BRDA:164,60,0,3
BRDA:164,61,0,2
BRDA:167,62,0,28
BRDA:169,63,0,0
BRDA:171,64,0,28
BRDA:173,65,0,2
BRDA:175,66,0,1
BRDA:179,67,0,15
BRDA:182,68,0,27
BRDA:209,69,0,27
BRDA:213,70,0,26
BRDA:215,71,0,24
BRDA:217,72,0,26
BRDA:231,73,0,30
BRDA:234,74,0,4
BRDA:239,75,0,11
BRDA:242,76,0,10
BRDA:242,77,0,5
BRDA:245,78,0,6
BRDA:249,79,0,5
BRDA:252,80,0,3
BRDA:255,81,0,2
BRDA:259,82,0,7
BRDA:262,83,0,6
BRDA:262,84,0,4
BRDA:265,85,0,3
BRDA:269,86,0,58
BRDA:271,87,0,3
BRDA:273,88,0,55
BRDA:276,89,0,13
BRDA:278,90,0,42
BRDA:281,91,0,0
BRDA:283,92,0,42
BRDA:286,93,0,15
BRDA:288,94,0,27
BRF:95
BRH:85
end_of_record
